ДЕТАЛИ ПРОВАЛЕННЫХ ТЕСТОВ
================================================================================


## Модуль: test_adaptation (2 тестов)

### src.test.test_adaptation.TestAdaptationManager.test_apply_adaptation_initialization
Сообщение: assert 0.21000000000000002 == 0.3
Детали:
src/test/test_adaptation.py:92: in test_apply_adaptation_initialization
    assert new_params["behavior_sensitivity"]["noise"] == 0.3
E   assert 0.21000000000000002 == 0.3...

--------------------------------------------------------------------------------

### src.test.test_adaptation.TestAdaptationManager.test_apply_adaptation_no_decision_action_control
Сообщение: Failed: DID NOT RAISE <class 'ValueError'>
Детали:
src/test/test_adaptation.py:151: in test_apply_adaptation_no_decision_action_control
    with pytest.raises(
E   Failed: DID NOT RAISE <class 'ValueError'>...

--------------------------------------------------------------------------------


## Модуль: test_degradation (3 тестов)

### src.test.test_degradation.TestDegradationRecovery.test_active_flag_stays_false_after_deactivation
Сообщение: AssertionError: assert True is False
 +  where True = SelfState(life_id='edc15f72-f051-4228-995c-b280edd3bf64', birth_timestamp=1768913679.0123591, age=0.0, subjective_time=0.0, ticks=0, energy=100.0,
Детали:
src/test/test_degradation.py:666: in test_active_flag_stays_false_after_deactivation
    assert state.active is False
E   AssertionError: assert True is False
E    +  where True = SelfState(life_id='edc15f72-f051-4228-995c-b280edd3bf64', birth_timestamp=1768913679.0123591, age=0.0, subjective_time=0...

--------------------------------------------------------------------------------

### src.test.test_degradation.TestDegradationLongRunning.test_degradation_over_1000_ticks
Сообщение: AssertionError: Expected >= 1000 ticks, got 1
assert 1 >= 1000
 +  where 1 = SelfState(life_id='0a4cc612-0205-466c-ae09-12bbc2ec6e68', birth_timestamp=1768913680.1743307, age=1.1920928955078125e-06, s
Детали:
src/test/test_degradation.py:814: in test_degradation_over_1000_ticks
    assert state.ticks >= 1000, f"Expected >= 1000 ticks, got {state.ticks}"
E   AssertionError: Expected >= 1000 ticks, got 1
E   assert 1 >= 1000
E    +  where 1 = SelfState(life_id='0a4cc612-0205-466c-ae09-12bbc2ec6e68', birth_...

--------------------------------------------------------------------------------

### src.test.test_degradation.TestDegradationLongRunning.test_degradation_stability_over_time
Сообщение: AssertionError: assert 108 >= 1000
 +  where 108 = SelfState(life_id='eeee8a03-96eb-4c06-b560-a4a014241816', birth_timestamp=1768913684.1641681, age=1.4893736839294434, subjective_time=1.3404363155364
Детали:
src/test/test_degradation.py:852: in test_degradation_stability_over_time
    assert state.ticks >= 1000
E   AssertionError: assert 108 >= 1000
E    +  where 108 = SelfState(life_id='eeee8a03-96eb-4c06-b560-a4a014241816', birth_timestamp=1768913684.1641681, age=1.4893736839294434, subjective_time=1....

--------------------------------------------------------------------------------


## Модуль: test_learning (7 тестов)

### src.test.test_learning.TestLearningIntegration.test_learning_persistence_in_snapshots
Сообщение: NameError: name 'json' is not defined
Детали:
src/test/test_learning.py:590: in test_learning_persistence_in_snapshots
    snapshot_data = json.load(f)
E   NameError: name 'json' is not defined...

--------------------------------------------------------------------------------

### src.test.test_learning.TestLearningStatic.test_method_signatures
Сообщение: assert 1 == 2
 +  where 1 = len(mappingproxy(OrderedDict([('memory', <Parameter "memory: List[src.memory.memory.MemoryEntry]">)])))
 +    where mappingproxy(OrderedDict([('memory', <Parameter "memory:
Детали:
src/test/test_learning.py:712: in test_method_signatures
    assert len(sig.parameters) == 2  # self + memory
E   assert 1 == 2
E    +  where 1 = len(mappingproxy(OrderedDict([('memory', <Parameter "memory: List[src.memory.memory.MemoryEntry]">)])))
E    +    where mappingproxy(OrderedDict([('memory...

--------------------------------------------------------------------------------

### src.test.test_learning.TestLearningStatic.test_method_return_types
Сообщение: ValueError: current_params не может быть пустым
Детали:
src/test/test_learning.py:737: in test_method_return_types
    result = engine.adjust_parameters({}, {})
src/learning/learning.py:170: in adjust_parameters
    raise ValueError("current_params не может быть пустым")
E   ValueError: current_params не может быть пустым...

--------------------------------------------------------------------------------

### src.test.test_learning.TestLearningStatic.test_imports_structure
Сообщение: AssertionError: assert <class 'learning.learning.LearningEngine'> == LearningEngine
 +  where <class 'learning.learning.LearningEngine'> = <module 'learning.learning' from '/workspace/src/learning/lea
Детали:
src/test/test_learning.py:892: in test_imports_structure
    assert learning_module.LearningEngine == LearningEngine
E   AssertionError: assert <class 'learning.learning.LearningEngine'> == LearningEngine
E    +  where <class 'learning.learning.LearningEngine'> = <module 'learning.learning' from '/w...

--------------------------------------------------------------------------------

### src.test.test_learning.TestLearningSmoke.test_full_cycle_smoke
Сообщение: AssertionError: assert 'learning_params' in {'event_type_sensitivity': {'noise': 0.21000000000000002, 'decay': 0.19, 'recovery': 0.19, 'shock': 0.19, 'idle': 0.19}, 'significance_thresholds': {'noise'
Детали:
src/test/test_learning.py:986: in test_full_cycle_smoke
    assert "learning_params" in self_state.learning_params
E   AssertionError: assert 'learning_params' in {'event_type_sensitivity': {'noise': 0.21000000000000002, 'decay': 0.19, 'recovery': 0.19, 'shock': 0.19, 'idle': 0.19}, 'significance_th...

--------------------------------------------------------------------------------

### src.test.test_learning.TestLearningIntegrationExtended.test_learning_persistence_across_snapshots
Сообщение: AssertionError: assert 'learning_params' in {'event_type_sensitivity': {'noise': 0.20500000000000002, 'decay': 0.2, 'recovery': 0.2, 'shock': 0.2, 'idle': 0.2}, 'significance_thresholds': {'noise': 0.
Детали:
src/test/test_learning.py:1216: in test_learning_persistence_across_snapshots
    assert "learning_params" in loaded_state.learning_params
E   AssertionError: assert 'learning_params' in {'event_type_sensitivity': {'noise': 0.20500000000000002, 'decay': 0.2, 'recovery': 0.2, 'shock': 0.2, 'idle': 0....

--------------------------------------------------------------------------------

### src.test.test_learning.TestLearningIntegrationExtended.test_learning_with_large_memory
Сообщение: assert 50 == 120
Детали:
src/test/test_learning.py:1261: in test_learning_with_large_memory
    assert statistics["total_entries"] == 120
E   assert 50 == 120...

--------------------------------------------------------------------------------


## Модуль: test_learning_adaptation_integration (3 тестов)

### src.test.test_learning_adaptation_integration.TestLearningAdaptationStatic.test_learning_interval_constants
Сообщение: assert 'learning_interval' in 'import copy\nimport logging\nimport time\nimport traceback\nfrom dataclasses import asdict\n\nfrom src.action import execute_action\nfrom src.activation.activation impor
Детали:
src/test/test_learning_adaptation_integration.py:111: in test_learning_interval_constants
    assert "learning_interval" in source_code
E   assert 'learning_interval' in 'import copy\nimport logging\nimport time\nimport traceback\nfrom dataclasses import asdict\n\nfrom src.action import execute_acti...

--------------------------------------------------------------------------------

### src.test.test_learning_adaptation_integration.TestLearningAdaptationStatic.test_return_types
Сообщение: ValueError: current_params не может быть пустым
Детали:
src/test/test_learning_adaptation_integration.py:198: in test_return_types
    result = engine.adjust_parameters({}, {})
src/learning/learning.py:170: in adjust_parameters
    raise ValueError("current_params не может быть пустым")
E   ValueError: current_params не может быть пустым...

--------------------------------------------------------------------------------

### src.test.test_learning_adaptation_integration.TestLearningAdaptationRuntimeIntegration.test_learning_frequency_in_runtime
Сообщение: NameError: name 'learning_interval' is not defined
Детали:
src/test/test_learning_adaptation_integration.py:450: in test_learning_frequency_in_runtime
    if base_state.ticks >= learning_interval:
E   NameError: name 'learning_interval' is not defined...

--------------------------------------------------------------------------------


## Модуль: test_mcp_interactive (1 тестов)

### src.test.test_mcp_interactive.test_mcp_functions
Сообщение: Failed: async def functions are not natively supported.
You need to install a suitable plugin for your async framework, for example:
  - anyio
  - pytest-asyncio
  - pytest-tornasync
  - pytest-trio
 
Детали:
async def functions are not natively supported.
You need to install a suitable plugin for your async framework, for example:
  - anyio
  - pytest-asyncio
  - pytest-tornasync
  - pytest-trio
  - pytest-twisted...

--------------------------------------------------------------------------------


## Модуль: test_mcp_refresh_index (1 тестов)

### src.test.test_mcp_refresh_index.TestRefreshIndexErrorHandling.test_refresh_index_handles_os_error
Сообщение: AssertionError: assert ('\u0444\u0430\u0439\u043b\u043e\u0432\u043e\u0439 \u0441\u0438\u0441\u0442\u0435\u043c\u0435' in '\u043e\u0448\u0438\u0431\u043a\u0430 \u043f\u0440\u0438 \u043e\u0431\u043d\u04
Детали:
src/test/test_mcp_refresh_index.py:128: in test_refresh_index_handles_os_error
    assert "файловой системе" in result.lower() or "доступа" in result.lower()
E   AssertionError: assert ('\u0444\u0430\u0439\u043b\u043e\u0432\u043e\u0439 \u0441\u0438\u0441\u0442\u0435\u043c\u0435' in '\u043e\u0448\u04...

--------------------------------------------------------------------------------


## Модуль: test_mcp_server (21 тестов)

### src.test.test_mcp_server.test_search_docs
Сообщение: Failed: async def functions are not natively supported.
You need to install a suitable plugin for your async framework, for example:
  - anyio
  - pytest-asyncio
  - pytest-tornasync
  - pytest-trio
 
Детали:
async def functions are not natively supported.
You need to install a suitable plugin for your async framework, for example:
  - anyio
  - pytest-asyncio
  - pytest-tornasync
  - pytest-trio
  - pytest-twisted...

--------------------------------------------------------------------------------

### src.test.test_mcp_server.test_list_docs
Сообщение: Failed: async def functions are not natively supported.
You need to install a suitable plugin for your async framework, for example:
  - anyio
  - pytest-asyncio
  - pytest-tornasync
  - pytest-trio
 
Детали:
async def functions are not natively supported.
You need to install a suitable plugin for your async framework, for example:
  - anyio
  - pytest-asyncio
  - pytest-tornasync
  - pytest-trio
  - pytest-twisted...

--------------------------------------------------------------------------------

### src.test.test_mcp_server.test_get_doc_content
Сообщение: Failed: async def functions are not natively supported.
You need to install a suitable plugin for your async framework, for example:
  - anyio
  - pytest-asyncio
  - pytest-tornasync
  - pytest-trio
 
Детали:
async def functions are not natively supported.
You need to install a suitable plugin for your async framework, for example:
  - anyio
  - pytest-asyncio
  - pytest-tornasync
  - pytest-trio
  - pytest-twisted...

--------------------------------------------------------------------------------

### src.test.test_mcp_server.test_search_todo
Сообщение: Failed: async def functions are not natively supported.
You need to install a suitable plugin for your async framework, for example:
  - anyio
  - pytest-asyncio
  - pytest-tornasync
  - pytest-trio
 
Детали:
async def functions are not natively supported.
You need to install a suitable plugin for your async framework, for example:
  - anyio
  - pytest-asyncio
  - pytest-tornasync
  - pytest-trio
  - pytest-twisted...

--------------------------------------------------------------------------------

### src.test.test_mcp_server.test_search_docs_and_mode
Сообщение: Failed: async def functions are not natively supported.
You need to install a suitable plugin for your async framework, for example:
  - anyio
  - pytest-asyncio
  - pytest-tornasync
  - pytest-trio
 
Детали:
async def functions are not natively supported.
You need to install a suitable plugin for your async framework, for example:
  - anyio
  - pytest-asyncio
  - pytest-tornasync
  - pytest-trio
  - pytest-twisted...

--------------------------------------------------------------------------------

### src.test.test_mcp_server.test_search_docs_or_mode
Сообщение: Failed: async def functions are not natively supported.
You need to install a suitable plugin for your async framework, for example:
  - anyio
  - pytest-asyncio
  - pytest-tornasync
  - pytest-trio
 
Детали:
async def functions are not natively supported.
You need to install a suitable plugin for your async framework, for example:
  - anyio
  - pytest-asyncio
  - pytest-tornasync
  - pytest-trio
  - pytest-twisted...

--------------------------------------------------------------------------------

### src.test.test_mcp_server.test_search_docs_or_mode_with_quoted_query
Сообщение: Failed: async def functions are not natively supported.
You need to install a suitable plugin for your async framework, for example:
  - anyio
  - pytest-asyncio
  - pytest-tornasync
  - pytest-trio
 
Детали:
async def functions are not natively supported.
You need to install a suitable plugin for your async framework, for example:
  - anyio
  - pytest-asyncio
  - pytest-tornasync
  - pytest-trio
  - pytest-twisted...

--------------------------------------------------------------------------------

### src.test.test_mcp_server.test_search_docs_phrase_mode
Сообщение: Failed: async def functions are not natively supported.
You need to install a suitable plugin for your async framework, for example:
  - anyio
  - pytest-asyncio
  - pytest-tornasync
  - pytest-trio
 
Детали:
async def functions are not natively supported.
You need to install a suitable plugin for your async framework, for example:
  - anyio
  - pytest-asyncio
  - pytest-tornasync
  - pytest-trio
  - pytest-twisted...

--------------------------------------------------------------------------------

### src.test.test_mcp_server.test_tokenize_query_quotes_auto_phrase
Сообщение: Failed: async def functions are not natively supported.
You need to install a suitable plugin for your async framework, for example:
  - anyio
  - pytest-asyncio
  - pytest-tornasync
  - pytest-trio
 
Детали:
async def functions are not natively supported.
You need to install a suitable plugin for your async framework, for example:
  - anyio
  - pytest-asyncio
  - pytest-tornasync
  - pytest-trio
  - pytest-twisted...

--------------------------------------------------------------------------------

### src.test.test_mcp_server.test_tokenize_query_explicit_mode_priority
Сообщение: Failed: async def functions are not natively supported.
You need to install a suitable plugin for your async framework, for example:
  - anyio
  - pytest-asyncio
  - pytest-tornasync
  - pytest-trio
 
Детали:
async def functions are not natively supported.
You need to install a suitable plugin for your async framework, for example:
  - anyio
  - pytest-asyncio
  - pytest-tornasync
  - pytest-trio
  - pytest-twisted...

--------------------------------------------------------------------------------

### src.test.test_mcp_server.test_tokenize_query_empty_query
Сообщение: Failed: async def functions are not natively supported.
You need to install a suitable plugin for your async framework, for example:
  - anyio
  - pytest-asyncio
  - pytest-tornasync
  - pytest-trio
 
Детали:
async def functions are not natively supported.
You need to install a suitable plugin for your async framework, for example:
  - anyio
  - pytest-asyncio
  - pytest-tornasync
  - pytest-trio
  - pytest-twisted...

--------------------------------------------------------------------------------

### src.test.test_mcp_server.test_search_docs_empty_query
Сообщение: Failed: async def functions are not natively supported.
You need to install a suitable plugin for your async framework, for example:
  - anyio
  - pytest-asyncio
  - pytest-tornasync
  - pytest-trio
 
Детали:
async def functions are not natively supported.
You need to install a suitable plugin for your async framework, for example:
  - anyio
  - pytest-asyncio
  - pytest-tornasync
  - pytest-trio
  - pytest-twisted...

--------------------------------------------------------------------------------

### src.test.test_mcp_server.test_search_todo_and_mode
Сообщение: Failed: async def functions are not natively supported.
You need to install a suitable plugin for your async framework, for example:
  - anyio
  - pytest-asyncio
  - pytest-tornasync
  - pytest-trio
 
Детали:
async def functions are not natively supported.
You need to install a suitable plugin for your async framework, for example:
  - anyio
  - pytest-asyncio
  - pytest-tornasync
  - pytest-trio
  - pytest-twisted...

--------------------------------------------------------------------------------

### src.test.test_mcp_server.test_search_todo_or_mode
Сообщение: Failed: async def functions are not natively supported.
You need to install a suitable plugin for your async framework, for example:
  - anyio
  - pytest-asyncio
  - pytest-tornasync
  - pytest-trio
 
Детали:
async def functions are not natively supported.
You need to install a suitable plugin for your async framework, for example:
  - anyio
  - pytest-asyncio
  - pytest-tornasync
  - pytest-trio
  - pytest-twisted...

--------------------------------------------------------------------------------

### src.test.test_mcp_server.test_search_todo_phrase_mode
Сообщение: Failed: async def functions are not natively supported.
You need to install a suitable plugin for your async framework, for example:
  - anyio
  - pytest-asyncio
  - pytest-tornasync
  - pytest-trio
 
Детали:
async def functions are not natively supported.
You need to install a suitable plugin for your async framework, for example:
  - anyio
  - pytest-asyncio
  - pytest-tornasync
  - pytest-trio
  - pytest-twisted...

--------------------------------------------------------------------------------

### src.test.test_mcp_server.test_list_todo
Сообщение: Failed: async def functions are not natively supported.
You need to install a suitable plugin for your async framework, for example:
  - anyio
  - pytest-asyncio
  - pytest-tornasync
  - pytest-trio
 
Детали:
async def functions are not natively supported.
You need to install a suitable plugin for your async framework, for example:
  - anyio
  - pytest-asyncio
  - pytest-tornasync
  - pytest-trio
  - pytest-twisted...

--------------------------------------------------------------------------------

### src.test.test_mcp_server.test_get_todo_content
Сообщение: Failed: async def functions are not natively supported.
You need to install a suitable plugin for your async framework, for example:
  - anyio
  - pytest-asyncio
  - pytest-tornasync
  - pytest-trio
 
Детали:
async def functions are not natively supported.
You need to install a suitable plugin for your async framework, for example:
  - anyio
  - pytest-asyncio
  - pytest-tornasync
  - pytest-trio
  - pytest-twisted...

--------------------------------------------------------------------------------

### src.test.test_mcp_server.test_refresh_index
Сообщение: Failed: async def functions are not natively supported.
You need to install a suitable plugin for your async framework, for example:
  - anyio
  - pytest-asyncio
  - pytest-tornasync
  - pytest-trio
 
Детали:
async def functions are not natively supported.
You need to install a suitable plugin for your async framework, for example:
  - anyio
  - pytest-asyncio
  - pytest-tornasync
  - pytest-trio
  - pytest-twisted...

--------------------------------------------------------------------------------

### src.test.test_mcp_server.test_refresh_index_statistics
Сообщение: Failed: async def functions are not natively supported.
You need to install a suitable plugin for your async framework, for example:
  - anyio
  - pytest-asyncio
  - pytest-tornasync
  - pytest-trio
 
Детали:
async def functions are not natively supported.
You need to install a suitable plugin for your async framework, for example:
  - anyio
  - pytest-asyncio
  - pytest-tornasync
  - pytest-trio
  - pytest-twisted...

--------------------------------------------------------------------------------

### src.test.test_mcp_server.test_refresh_index_timing
Сообщение: Failed: async def functions are not natively supported.
You need to install a suitable plugin for your async framework, for example:
  - anyio
  - pytest-asyncio
  - pytest-tornasync
  - pytest-trio
 
Детали:
async def functions are not natively supported.
You need to install a suitable plugin for your async framework, for example:
  - anyio
  - pytest-asyncio
  - pytest-tornasync
  - pytest-trio
  - pytest-twisted...

--------------------------------------------------------------------------------

### src.test.test_mcp_server.test_mcp_server_init
Сообщение: Failed: async def functions are not natively supported.
You need to install a suitable plugin for your async framework, for example:
  - anyio
  - pytest-asyncio
  - pytest-tornasync
  - pytest-trio
 
Детали:
async def functions are not natively supported.
You need to install a suitable plugin for your async framework, for example:
  - anyio
  - pytest-asyncio
  - pytest-tornasync
  - pytest-trio
  - pytest-twisted...

--------------------------------------------------------------------------------


## Модуль: test_memory (10 тестов)

### src.test.test_memory.TestMemoryDecayWeights.test_decay_weights_multiple_entries
Сообщение: AssertionError: assert 0.6383999998545583 <= 0.6174999997137322
 +  where 0.6383999998545583 = MemoryEntry(event_type='event_1', meaning_significance=0.4, timestamp=1768910059.1428852, weight=0.638399
Детали:
src/test/test_memory.py:399: in test_decay_weights_multiple_entries
    assert entry.weight <= entries[i - 1].weight
E   AssertionError: assert 0.6383999998545583 <= 0.6174999997137322
E    +  where 0.6383999998545583 = MemoryEntry(event_type='event_1', meaning_significance=0.4, timestamp=1768910059...

--------------------------------------------------------------------------------

### src.test.test_memory.TestArchiveMemory.test_archive_memory_initialization
Сообщение: assert 3899 == 0
 +  where 3899 = size()
 +    where size = <src.memory.memory.ArchiveMemory object at 0x78fd4d357fd0>.size
Детали:
src/test/test_memory.py:433: in test_archive_memory_initialization
    assert archive.size() == 0
E   assert 3899 == 0
E    +  where 3899 = size()
E    +    where size = <src.memory.memory.ArchiveMemory object at 0x78fd4d357fd0>.size...

--------------------------------------------------------------------------------

### src.test.test_memory.TestArchiveMemory.test_archive_memory_add_entry
Сообщение: assert 3900 == 1
 +  where 3900 = size()
 +    where size = <src.memory.memory.ArchiveMemory object at 0x78fd4d5dbac0>.size
Детали:
src/test/test_memory.py:443: in test_archive_memory_add_entry
    assert archive.size() == 1
E   assert 3900 == 1
E    +  where 3900 = size()
E    +    where size = <src.memory.memory.ArchiveMemory object at 0x78fd4d5dbac0>.size...

--------------------------------------------------------------------------------

### src.test.test_memory.TestArchiveMemory.test_archive_memory_add_entries
Сообщение: assert 3904 == 5
 +  where 3904 = size()
 +    where size = <src.memory.memory.ArchiveMemory object at 0x78fd4cd43c10>.size
Детали:
src/test/test_memory.py:458: in test_archive_memory_add_entries
    assert archive.size() == 5
E   assert 3904 == 5
E    +  where 3904 = size()
E    +    where size = <src.memory.memory.ArchiveMemory object at 0x78fd4cd43c10>.size...

--------------------------------------------------------------------------------

### src.test.test_memory.TestArchiveMemory.test_archive_memory_get_entries_by_type
Сообщение: AssertionError: assert 129 == 2
 +  where 129 = len([MemoryEntry(event_type='shock', meaning_significance=0.4752, timestamp=1768902192.7381802, weight=0.04310399125702878, feedback_data=None), MemoryE
Детали:
src/test/test_memory.py:468: in test_archive_memory_get_entries_by_type
    assert len(shock_entries) == 2
E   AssertionError: assert 129 == 2
E    +  where 129 = len([MemoryEntry(event_type='shock', meaning_significance=0.4752, timestamp=1768902192.7381802, weight=0.04310399125702878, feedback_data...

--------------------------------------------------------------------------------

### src.test.test_memory.TestArchiveMemory.test_archive_memory_get_entries_by_significance
Сообщение: AssertionError: assert 112 == 2
 +  where 112 = len([MemoryEntry(event_type='old', meaning_significance=0.5, timestamp=1768210967.0607967, weight=0.5, feedback_data=None), MemoryEntry(event_type='test
Детали:
src/test/test_memory.py:479: in test_archive_memory_get_entries_by_significance
    assert len(high_sig_entries) == 2
E   AssertionError: assert 112 == 2
E    +  where 112 = len([MemoryEntry(event_type='old', meaning_significance=0.5, timestamp=1768210967.0607967, weight=0.5, feedback_data=None), Me...

--------------------------------------------------------------------------------

### src.test.test_memory.TestMemoryArchive.test_archive_old_entries_by_age
Сообщение: AssertionError: assert 3900 == 1
 +  where 3900 = size()
 +    where size = <src.memory.memory.ArchiveMemory object at 0x78fd4ce4eec0>.size
 +      where <src.memory.memory.ArchiveMemory object at 0x7
Детали:
src/test/test_memory.py:547: in test_archive_old_entries_by_age
    assert memory.archive.size() == 1
E   AssertionError: assert 3900 == 1
E    +  where 3900 = size()
E    +    where size = <src.memory.memory.ArchiveMemory object at 0x78fd4ce4eec0>.size
E    +      where <src.memory.memory.ArchiveMe...

--------------------------------------------------------------------------------

### src.test.test_memory.TestMemoryArchive.test_archive_old_entries_by_weight
Сообщение: assert 0 == 1
Детали:
src/test/test_memory.py:569: in test_archive_old_entries_by_weight
    assert archived_count == 1
E   assert 0 == 1...

--------------------------------------------------------------------------------

### src.test.test_memory.TestMemoryArchive.test_archive_old_entries_by_significance
Сообщение: assert 0 == 1
Детали:
src/test/test_memory.py:594: in test_archive_old_entries_by_significance
    assert archived_count == 1
E   assert 0 == 1...

--------------------------------------------------------------------------------

### src.test.test_memory.TestMemoryStatistics.test_get_statistics_empty
Сообщение: assert 3901 == 0
Детали:
src/test/test_memory.py:656: in test_get_statistics_empty
    assert stats["archive_entries"] == 0
E   assert 3901 == 0...

--------------------------------------------------------------------------------


## Модуль: test_monitor (6 тестов)

### src.test.test_monitor.TestMonitor.test_monitor_basic
Сообщение: AssertionError: assert False
 +  where False = exists()
 +    where exists = PosixPath('/tmp/pytest-of-root/pytest-123/test_monitor_basic0/tick_log.jsonl').exists
Детали:
src/test/test_monitor.py:58: in test_monitor_basic
    assert temp_log_file.exists()
E   AssertionError: assert False
E    +  where False = exists()
E    +    where exists = PosixPath('/tmp/pytest-of-root/pytest-123/test_monitor_basic0/tick_log.jsonl').exists...

--------------------------------------------------------------------------------

### src.test.test_monitor.TestMonitor.test_monitor_with_activated_memory
Сообщение: AssertionError: assert False
 +  where False = exists()
 +    where exists = PosixPath('/tmp/pytest-of-root/pytest-123/test_monitor_with_activated_me0/tick_log.jsonl').exists
Детали:
src/test/test_monitor.py:80: in test_monitor_with_activated_memory
    assert temp_log_file.exists()
E   AssertionError: assert False
E    +  where False = exists()
E    +    where exists = PosixPath('/tmp/pytest-of-root/pytest-123/test_monitor_with_activated_me0/tick_log.jsonl').exists...

--------------------------------------------------------------------------------

### src.test.test_monitor.TestMonitor.test_monitor_without_activated_memory
Сообщение: AssertionError: assert False
 +  where False = exists()
 +    where exists = PosixPath('/tmp/pytest-of-root/pytest-123/test_monitor_without_activated0/tick_log.jsonl').exists
Детали:
src/test/test_monitor.py:95: in test_monitor_without_activated_memory
    assert temp_log_file.exists()
E   AssertionError: assert False
E    +  where False = exists()
E    +    where exists = PosixPath('/tmp/pytest-of-root/pytest-123/test_monitor_without_activated0/tick_log.jsonl').exists...

--------------------------------------------------------------------------------

### src.test.test_monitor.TestMonitor.test_monitor_multiple_calls
Сообщение: AssertionError: assert False
 +  where False = exists()
 +    where exists = PosixPath('/tmp/pytest-of-root/pytest-123/test_monitor_multiple_calls0/tick_log.jsonl').exists
Детали:
src/test/test_monitor.py:110: in test_monitor_multiple_calls
    assert temp_log_file.exists()
E   AssertionError: assert False
E    +  where False = exists()
E    +    where exists = PosixPath('/tmp/pytest-of-root/pytest-123/test_monitor_multiple_calls0/tick_log.jsonl').exists...

--------------------------------------------------------------------------------

### src.test.test_monitor.TestMonitor.test_monitor_log_file_append
Сообщение: FileNotFoundError: [Errno 2] No such file or directory: '/tmp/pytest-of-root/pytest-123/test_monitor_log_file_append0/tick_log.jsonl'
Детали:
src/test/test_monitor.py:133: in test_monitor_log_file_append
    with temp_log_file.open("r") as f:
/usr/lib/python3.10/pathlib.py:1119: in open
    return self._accessor.open(self, mode, buffering, encoding, errors,
E   FileNotFoundError: [Errno 2] No such file or directory: '/tmp/pytest-of-root/p...

--------------------------------------------------------------------------------

### src.test.test_monitor.TestMonitor.test_monitor_all_state_fields
Сообщение: FileNotFoundError: [Errno 2] No such file or directory: '/tmp/pytest-of-root/pytest-123/test_monitor_all_state_fields0/tick_log.jsonl'
Детали:
src/test/test_monitor.py:151: in test_monitor_all_state_fields
    with temp_log_file.open("r") as f:
/usr/lib/python3.10/pathlib.py:1119: in open
    return self._accessor.open(self, mode, buffering, encoding, errors,
E   FileNotFoundError: [Errno 2] No such file or directory: '/tmp/pytest-of-root/...

--------------------------------------------------------------------------------


## Модуль: test_performance (4 тестов)

### src.test.test_performance.TestPerformanceBenchmarks.test_event_queue_performance
Сообщение: AssertionError: assert 100 == 1000
 +  where 100 = len([Event(type='event_0', intensity=0.5, timestamp=1768913688.845937, metadata={}), Event(type='event_1', intensity=0.5, timestamp=1768913689.845955
Детали:
src/test/test_performance.py:98: in test_event_queue_performance
    assert len(events) == num_events
E   AssertionError: assert 100 == 1000
E    +  where 100 = len([Event(type='event_0', intensity=0.5, timestamp=1768913688.845937, metadata={}), Event(type='event_1', intensity=0.5, timestamp=1768913...

--------------------------------------------------------------------------------

### src.test.test_performance.TestPerformanceBenchmarks.test_self_state_apply_delta_performance
Сообщение: AssertionError: apply_delta too slow: 3.361s for 10000 operations
assert 3.361443042755127 < 0.5
Детали:
src/test/test_performance.py:121: in test_self_state_apply_delta_performance
    assert (
E   AssertionError: apply_delta too slow: 3.361s for 10000 operations
E   assert 3.361443042755127 < 0.5...

--------------------------------------------------------------------------------

### src.test.test_performance.TestPerformanceBenchmarks.test_runtime_loop_ticks_per_second
Сообщение: AssertionError: Loop too slow: 68.8 ticks/sec (expected >= 100)
assert 68.76976750485821 >= 100
Детали:
src/test/test_performance.py:155: in test_runtime_loop_ticks_per_second
    assert (
E   AssertionError: Loop too slow: 68.8 ticks/sec (expected >= 100)
E   assert 68.76976750485821 >= 100...

--------------------------------------------------------------------------------

### src.test.test_performance.TestPerformanceBenchmarks.test_state_snapshot_performance
Сообщение: AssertionError: Snapshot save too slow: 8.959s for 100 snapshots
assert 8.958842992782593 < 1.0
Детали:
src/test/test_performance.py:217: in test_state_snapshot_performance
    assert (
E   AssertionError: Snapshot save too slow: 8.959s for 100 snapshots
E   assert 8.958842992782593 < 1.0...

--------------------------------------------------------------------------------


## Модуль: test_property_based (1 тестов)

### src.test.test_property_based.TestMemoryPropertyBased.test_memory_append_idempotent
Сообщение: AssertionError: assert 1 == 2
 +  where 1 = len([MemoryEntry(event_type='0', meaning_significance=0.0, timestamp=1768913640.8958156, weight=1.0, feedback_data=None)])
 +  and   2 = len([MemoryEntry(ev
Детали:
src/test/test_property_based.py:152: in test_memory_append_idempotent
    event_type=st.text(min_size=1, max_size=20),
src/test/test_property_based.py:176: in test_memory_append_idempotent
    assert len(memory1) == len(memory2)
E   AssertionError: assert 1 == 2
E    +  where 1 = len([MemoryEntry(ev...

--------------------------------------------------------------------------------


## Модуль: test_state (15 тестов)

### src.test.test_state.TestSnapshots.test_save_snapshot
Сообщение: AssertionError: assert False
 +  where False = exists()
 +    where exists = PosixPath('/tmp/tmpb3bxom6f/snapshot_000100.json').exists
Детали:
src/test/test_state.py:246: in test_save_snapshot
    assert snapshot_file.exists()
E   AssertionError: assert False
E    +  where False = exists()
E    +    where exists = PosixPath('/tmp/tmpb3bxom6f/snapshot_000100.json').exists...

--------------------------------------------------------------------------------

### src.test.test_state.TestSnapshots.test_load_snapshot
Сообщение: AttributeError: Cannot modify immutable field 'life_id' after initialization
Детали:
src/test/test_state.py:271: in test_load_snapshot
    state.life_id = "test_life_id"
src/state/self_state.py:231: in __setattr__
    raise AttributeError(
E   AttributeError: Cannot modify immutable field 'life_id' after initialization...

--------------------------------------------------------------------------------

### src.test.test_state.TestSnapshots.test_load_latest_snapshot
Сообщение: AssertionError: assert 200 == 30
 +  where 200 = SelfState(life_id='1713947a-39dc-43e8-9076-e68bba149e73', birth_timestamp=1768913540.6633954, age=0.0, subjective_time=0.0, ticks=200, energy=100.0, in
Детали:
src/test/test_state.py:309: in test_load_latest_snapshot
    assert latest.ticks == 30
E   AssertionError: assert 200 == 30
E    +  where 200 = SelfState(life_id='1713947a-39dc-43e8-9076-e68bba149e73', birth_timestamp=1768913540.6633954, age=0.0, subjective_time=0.0, ticks=200, energy=100.0, integri...

--------------------------------------------------------------------------------

### src.test.test_state.TestSnapshots.test_load_latest_snapshot_not_found
Сообщение: Failed: DID NOT RAISE <class 'FileNotFoundError'>
Детали:
src/test/test_state.py:315: in test_load_latest_snapshot_not_found
    with pytest.raises(FileNotFoundError):
E   Failed: DID NOT RAISE <class 'FileNotFoundError'>...

--------------------------------------------------------------------------------

### src.test.test_state.TestSelfStateValidation.test_energy_validation_invalid
Сообщение: Failed: DID NOT RAISE <class 'ValueError'>
Детали:
src/test/test_state.py:375: in test_energy_validation_invalid
    with pytest.raises(ValueError, match="energy must be between 0.0 and 100.0"):
E   Failed: DID NOT RAISE <class 'ValueError'>...

--------------------------------------------------------------------------------

### src.test.test_state.TestSelfStateValidation.test_integrity_validation_invalid
Сообщение: Failed: DID NOT RAISE <class 'ValueError'>
Детали:
src/test/test_state.py:393: in test_integrity_validation_invalid
    with pytest.raises(ValueError, match="integrity must be between 0.0 and 1.0"):
E   Failed: DID NOT RAISE <class 'ValueError'>...

--------------------------------------------------------------------------------

### src.test.test_state.TestSelfStateValidation.test_stability_validation_invalid
Сообщение: Failed: DID NOT RAISE <class 'ValueError'>
Детали:
src/test/test_state.py:411: in test_stability_validation_invalid
    with pytest.raises(ValueError, match="stability must be between 0.0 and 1.0"):
E   Failed: DID NOT RAISE <class 'ValueError'>...

--------------------------------------------------------------------------------

### src.test.test_state.TestSelfStateValidation.test_fatigue_validation
Сообщение: Failed: DID NOT RAISE <class 'ValueError'>
Детали:
src/test/test_state.py:423: in test_fatigue_validation
    with pytest.raises(ValueError, match="fatigue must be >= 0.0"):
E   Failed: DID NOT RAISE <class 'ValueError'>...

--------------------------------------------------------------------------------

### src.test.test_state.TestSelfStateValidation.test_tension_validation
Сообщение: Failed: DID NOT RAISE <class 'ValueError'>
Детали:
src/test/test_state.py:433: in test_tension_validation
    with pytest.raises(ValueError, match="tension must be >= 0.0"):
E   Failed: DID NOT RAISE <class 'ValueError'>...

--------------------------------------------------------------------------------

### src.test.test_state.TestSelfStateValidation.test_age_validation
Сообщение: Failed: DID NOT RAISE <class 'ValueError'>
Детали:
src/test/test_state.py:443: in test_age_validation
    with pytest.raises(ValueError, match="age must be >= 0.0"):
E   Failed: DID NOT RAISE <class 'ValueError'>...

--------------------------------------------------------------------------------

### src.test.test_state.TestSelfStateSafeMethods.test_update_energy
Сообщение: Failed: DID NOT RAISE <class 'ValueError'>
Детали:
src/test/test_state.py:503: in test_update_energy
    with pytest.raises(ValueError):
E   Failed: DID NOT RAISE <class 'ValueError'>...

--------------------------------------------------------------------------------

### src.test.test_state.TestSelfStateSafeMethods.test_update_integrity
Сообщение: Failed: DID NOT RAISE <class 'ValueError'>
Детали:
src/test/test_state.py:513: in test_update_integrity
    with pytest.raises(ValueError):
E   Failed: DID NOT RAISE <class 'ValueError'>...

--------------------------------------------------------------------------------

### src.test.test_state.TestSelfStateSafeMethods.test_update_stability
Сообщение: Failed: DID NOT RAISE <class 'ValueError'>
Детали:
src/test/test_state.py:523: in test_update_stability
    with pytest.raises(ValueError):
E   Failed: DID NOT RAISE <class 'ValueError'>...

--------------------------------------------------------------------------------

### src.test.test_state.TestSelfStateLogging.test_logging_enabled
Сообщение: AssertionError: assert False
 +  where False = exists()
 +    where exists = PosixPath('/tmp/tmpjchfzz91/state_changes.jsonl').exists
 +      where PosixPath('/tmp/tmpjchfzz91/state_changes.jsonl') = 
Детали:
src/test/test_state.py:678: in test_logging_enabled
    assert self_state.STATE_CHANGES_LOG_FILE.exists()
E   AssertionError: assert False
E    +  where False = exists()
E    +    where exists = PosixPath('/tmp/tmpjchfzz91/state_changes.jsonl').exists
E    +      where PosixPath('/tmp/tmpjchfzz91/st...

--------------------------------------------------------------------------------

### src.test.test_state.TestSelfStateLogging.test_get_change_history
Сообщение: assert 0 >= 3
 +  where 0 = len([])
Детали:
src/test/test_state.py:710: in test_get_change_history
    assert len(history) >= 3
E   assert 0 >= 3
E    +  where 0 = len([])...

--------------------------------------------------------------------------------

