<?xml version="1.0" encoding="utf-8"?><testsuites name="pytest tests"><testsuite name="pytest" errors="0" failures="5" skipped="0" tests="175" time="8.194" timestamp="2026-01-20T20:57:29.440980+00:00" hostname="601e704739a9"><properties>
[...]
</properties><testcase classname="src.test.test_action.TestExecuteAction" name="test_execute_action_dampen" time="0.003" /><testcase classname="src.test.test_action.TestExecuteAction" name="test_execute_action_dampen_energy_minimum" time="0.001" /><testcase classname="src.test.test_action.TestExecuteAction" name="test_execute_action_absorb" time="0.001" /><testcase classname="src.test.test_action.TestExecuteAction" name="test_execute_action_ignore" time="0.001" /><testcase classname="src.test.test_action.TestExecuteAction" name="test_execute_action_memory_entry_timestamp" time="0.001" /><testcase classname="src.test.test_action.TestExecuteAction" name="test_execute_action_multiple_actions" time="0.001" /><testcase classname="src.test.test_action.TestExecuteAction" name="test_execute_action_dampen_multiple_times" time="0.001" /><testcase classname="src.test.test_action.TestExecuteAction" name="test_execute_action_unknown_pattern" time="0.001" /><testcase classname="src.test.test_action.TestExecuteAction" name="test_execute_action_preserves_other_state" time="0.001" /><testcase classname="src.test.test_action.TestExecuteAction" name="test_execute_action_memory_entry_significance" time="0.001" /><testcase classname="src.test.test_action.TestExecuteAction" name="test_execute_action_empty_memory" time="0.001" /><testcase classname="src.test.test_action.TestExecuteAction" name="test_execute_action_with_existing_memory" time="0.321" /><testcase classname="src.test.test_activation.TestActivateMemory" name="test_activate_memory_empty_memory" time="0.001" /><testcase classname="src.test.test_activation.TestActivateMemory" name="test_activate_memory_no_matches" time="0.001" /><testcase classname="src.test.test_activation.TestActivateMemory" name="test_activate_memory_single_match" time="0.001" /><testcase classname="src.test.test_activation.TestActivateMemory" name="test_activate_memory_multiple_matches" time="0.001" /><testcase classname="src.test.test_activation.TestActivateMemory" name="test_activate_memory_sorted_by_significance" time="0.001" /><testcase classname="src.test.test_activation.TestActivateMemory" name="test_activate_memory_limit_default" time="0.001" /><testcase classname="src.test.test_activation.TestActivateMemory" name="test_activate_memory_custom_limit" time="0.001" /><testcase classname="src.test.test_activation.TestActivateMemory" name="test_activate_memory_limit_one" time="0.001" /><testcase classname="src.test.test_activation.TestActivateMemory" name="test_activate_memory_limit_zero" time="0.001" /><testcase classname="src.test.test_activation.TestActivateMemory" name="test_activate_memory_preserves_original_memory" time="0.000" /><testcase classname="src.test.test_activation.TestActivateMemory" name="test_activate_memory_different_event_types" time="0.001" /><testcase classname="src.test.test_activation.TestActivateMemory" name="test_activate_memory_with_feedback_entries" time="0.001" /><testcase classname="src.test.test_activation.TestActivateMemory" name="test_activate_memory_equal_significance" time="0.001" /><testcase classname="src.test.test_decision.TestDecideResponse" name="test_decide_dampen_high_activated_memory" time="0.001" /><testcase classname="src.test.test_decision.TestDecideResponse" name="test_decide_dampen_max_significance_above_threshold" time="0.001" /><testcase classname="src.test.test_decision.TestDecideResponse" name="test_decide_dampen_max_significance_at_threshold" time="0.001" /><testcase classname="src.test.test_decision.TestDecideResponse" name="test_decide_ignore_low_significance_meaning" time="0.001" /><testcase classname="src.test.test_decision.TestDecideResponse" name="test_decide_ignore_meaning_significance_below_threshold" time="0.001" /><testcase classname="src.test.test_decision.TestDecideResponse" name="test_decide_absorb_normal_conditions" time="0.001" /><testcase classname="src.test.test_decision.TestDecideResponse" name="test_decide_absorb_high_significance_meaning" time="0.001" /><testcase classname="src.test.test_decision.TestDecideResponse" name="test_decide_empty_activated_memory" time="0.001" /><testcase classname="src.test.test_decision.TestDecideResponse" name="test_decide_multiple_activated_memories" time="0.001" /><testcase classname="src.test.test_decision.TestDecideResponse" name="test_decide_activated_memory_max_below_threshold" time="0.001" /><testcase classname="src.test.test_decision.TestDecideResponse" name="test_decide_activated_memory_exactly_at_threshold" time="0.001" /><testcase classname="src.test.test_decision.TestDecideResponse" name="test_decide_meaning_significance_at_threshold" time="0.001" /><testcase classname="src.test.test_decision.TestDecideResponse" name="test_decide_different_event_types_in_memory" time="0.001" /><testcase classname="src.test.test_decision.TestDecideResponse" name="test_decide_consistency" time="0.001" /><testcase classname="src.test.test_environment.TestEvent" name="test_event_creation_minimal" time="0.001" /><testcase classname="src.test.test_environment.TestEvent" name="test_event_creation_with_metadata" time="0.001" /><testcase classname="src.test.test_environment.TestEvent" name="test_event_creation_with_none_metadata" time="0.001" /><testcase classname="src.test.test_environment.TestEvent" name="test_event_different_types" time="0.001" /><testcase classname="src.test.test_environment.TestEvent" name="test_event_intensity_range" time="0.001" /><testcase classname="src.test.test_environment.TestEvent" name="test_event_timestamp" time="0.001" /><testcase classname="src.test.test_environment.TestEvent" name="test_event_custom_timestamp" time="0.001" /><testcase classname="src.test.test_environment.TestEventQueue" name="test_queue_initialization" time="0.001" /><testcase classname="src.test.test_environment.TestEventQueue" name="test_queue_push_single" time="0.001" /><testcase classname="src.test.test_environment.TestEventQueue" name="test_queue_push_multiple" time="0.001" /><testcase classname="src.test.test_environment.TestEventQueue" name="test_queue_pop_single" time="0.001" /><testcase classname="src.test.test_environment.TestEventQueue" name="test_queue_pop_empty" time="0.001" /><testcase classname="src.test.test_environment.TestEventQueue" name="test_queue_pop_fifo_order" time="0.001" /><testcase classname="src.test.test_environment.TestEventQueue" name="test_queue_pop_all_empty" time="0.001" /><testcase classname="src.test.test_environment.TestEventQueue" name="test_queue_pop_all_single" time="0.001" /><testcase classname="src.test.test_environment.TestEventQueue" name="test_queue_pop_all_multiple" time="0.001" /><testcase classname="src.test.test_environment.TestEventQueue" name="test_queue_pop_all_fifo_order" time="0.001" /><testcase classname="src.test.test_environment.TestEventQueue" name="test_queue_size_after_operations" time="0.001" /><testcase classname="src.test.test_environment.TestEventQueue" name="test_queue_is_empty_after_operations" time="0.001" /><testcase classname="src.test.test_environment.TestEventQueue" name="test_queue_push_after_pop_all" time="0.001" /><testcase classname="src.test.test_environment.TestEventQueue" name="test_queue_maxsize_behavior" time="0.001" /><testcase classname="src.test.test_environment.TestEventQueue" name="test_queue_mixed_operations" time="0.001" /><testcase classname="src.test.test_environment.TestEventQueue" name="test_queue_different_event_types" time="0.001" /><testcase classname="src.test.test_event_queue_edge_cases.TestEventQueueEdgeCases" name="test_pop_all_with_empty_exception" time="0.001" /><testcase classname="src.test.test_event_queue_race_condition.TestEventQueueRaceCondition" name="test_pop_all_empty_exception_handling" time="0.001" /><testcase classname="src.test.test_event_queue_race_condition.TestEventQueueRaceCondition" name="test_pop_all_concurrent_access" time="0.001" /><testcase classname="src.test.test_feedback.TestRegisterAction" name="test_register_action_basic" time="0.001" /><testcase classname="src.test.test_feedback.TestRegisterAction" name="test_register_action_different_patterns" time="0.001" /><testcase classname="src.test.test_feedback.TestRegisterAction" name="test_register_action_state_copy" time="0.001" /><testcase classname="src.test.test_feedback.TestRegisterAction" name="test_register_action_multiple" time="0.001" /><testcase classname="src.test.test_feedback.TestObserveConsequences" name="test_observe_consequences_with_changes" time="0.001" /><testcase classname="src.test.test_feedback.TestObserveConsequences" name="test_observe_consequences_minimal_changes" time="0.001" /><testcase classname="src.test.test_feedback.TestObserveConsequences" name="test_observe_consequences_timeout" time="0.001" /><testcase classname="src.test.test_feedback.TestObserveConsequences" name="test_multiple_actions" time="0.001" /><testcase classname="src.test.test_feedback.TestObserveConsequences" name="test_observe_consequences_ticks_waited_increment" time="0.001" /><testcase classname="src.test.test_feedback.TestObserveConsequences" name="test_observe_consequences_positive_delta" time="0.001" /><testcase classname="src.test.test_feedback_data" name="test_feedback_data_storage" time="0.001" /><testcase classname="src.test.test_generator.TestEventGenerator" name="test_generator_initialization" time="0.001" /><testcase classname="src.test.test_generator.TestEventGenerator" name="test_generate_returns_event" time="0.001" /><testcase classname="src.test.test_generator.TestEventGenerator" name="test_generate_event_types" time="0.001" /><testcase classname="src.test.test_generator.TestEventGenerator" name="test_generate_noise_intensity_range" time="0.001" /><testcase classname="src.test.test_generator.TestEventGenerator" name="test_generate_decay_intensity_range" time="0.001" /><testcase classname="src.test.test_generator.TestEventGenerator" name="test_generate_recovery_intensity_range" time="0.001" /><testcase classname="src.test.test_generator.TestEventGenerator" name="test_generate_shock_intensity_range" time="0.001" /><testcase classname="src.test.test_generator.TestEventGenerator" name="test_generate_idle_intensity" time="0.001" /><testcase classname="src.test.test_generator.TestEventGenerator" name="test_generate_timestamp" time="0.001" /><testcase classname="src.test.test_generator.TestEventGenerator" name="test_generate_metadata" time="0.001" /><testcase classname="src.test.test_generator.TestEventGenerator" name="test_generate_multiple_events" time="0.001" /><testcase classname="src.test.test_generator.TestEventGenerator" name="test_generate_event_distribution" time="0.003" /><testcase classname="src.test.test_generator.TestEventGenerator" name="test_generate_event_uniqueness" time="0.001" /><testcase classname="src.test.test_generator.TestGeneratorCLI" name="test_send_event_success" time="0.037"><failure message="ImportError: attempted relative import beyond top-level package">src/test/test_generator.py:152: in test_send_event_success
    from environment.generator_cli import send_event
src/environment/generator_cli.py:17: in &lt;module&gt;
    from ..logging_config import get_logger, setup_logging
E   ImportError: attempted relative import beyond top-level package</failure></testcase><testcase classname="src.test.test_generator.TestGeneratorCLI" name="test_send_event_connection_error" time="0.009"><failure message="ImportError: attempted relative import beyond top-level package">src/test/test_generator.py:173: in test_send_event_connection_error
    from environment.generator_cli import send_event
src/environment/generator_cli.py:17: in &lt;module&gt;
    from ..logging_config import get_logger, setup_logging
E   ImportError: attempted relative import beyond top-level package</failure></testcase><testcase classname="src.test.test_generator.TestGeneratorCLI" name="test_send_event_timeout" time="0.008"><failure message="ImportError: attempted relative import beyond top-level package">src/test/test_generator.py:189: in test_send_event_timeout
    from environment.generator_cli import send_event
src/environment/generator_cli.py:17: in &lt;module&gt;
    from ..logging_config import get_logger, setup_logging
E   ImportError: attempted relative import beyond top-level package</failure></testcase><testcase classname="src.test.test_generator_cli.TestGeneratorCLI" name="test_send_event_success" time="0.001" /><testcase classname="src.test.test_generator_cli.TestGeneratorCLI" name="test_send_event_request_exception" time="0.001" /><testcase classname="src.test.test_generator_cli.TestGeneratorCLI" name="test_send_event_general_exception" time="0.001" /><testcase classname="src.test.test_generator_cli.TestGeneratorCLI" name="test_main_function_basic" time="0.003" /><testcase classname="src.test.test_generator_cli.TestGeneratorCLI" name="test_main_function_send_event_called" time="0.002" /><testcase classname="src.test.test_generator_cli.TestGeneratorCLI" name="test_main_function_send_failure" time="0.003" /><testcase classname="src.test.test_generator_cli.TestGeneratorCLI" name="test_main_function_if_name_main" time="0.007"><failure message="ImportError: attempted relative import beyond top-level package">/usr/lib/python3.10/unittest/mock.py:1248: in _dot_lookup
    return getattr(thing, comp)
E   AttributeError: module 'environment' has no attribute 'generator_cli'. Did you mean: 'generator'?

During handling of the above exception, another exception occurred:
src/test/test_generator_cli.py:201: in test_main_function_if_name_main
    with patch("environment.generator_cli.EventGenerator") as mock_gen_class, patch(
/usr/lib/python3.10/unittest/mock.py:1431: in __enter__
    self.target = self.getter()
/usr/lib/python3.10/unittest/mock.py:1618: in &lt;lambda&gt;
    getter = lambda: _importer(target)
/usr/lib/python3.10/unittest/mock.py:1261: in _importer
    thing = _dot_lookup(thing, comp, import_path)
/usr/lib/python3.10/unittest/mock.py:1250: in _dot_lookup
    __import__(import_path)
src/environment/generator_cli.py:17: in &lt;module&gt;
    from ..logging_config import get_logger, setup_logging
E   ImportError: attempted relative import beyond top-level package</failure></testcase><testcase classname="src.test.test_generator_cli.TestGeneratorCLI" name="test_main_verbose_logging_setup" time="0.091" /><testcase classname="src.test.test_generator_cli.TestGeneratorCLI" name="test_main_default_logging_setup" time="0.004" /><testcase classname="src.test.test_intelligence.TestProcessInformation" name="test_process_information_basic" time="0.001" /><testcase classname="src.test.test_intelligence.TestProcessInformation" name="test_process_information_empty_recent_events" time="0.001" /><testcase classname="src.test.test_intelligence.TestProcessInformation" name="test_process_information_empty_planning" time="0.001" /><testcase classname="src.test.test_intelligence.TestProcessInformation" name="test_process_information_energy_values" time="0.001" /><testcase classname="src.test.test_intelligence.TestProcessInformation" name="test_process_information_stability_values" time="0.001" /><testcase classname="src.test.test_intelligence.TestProcessInformation" name="test_process_information_planning_sequences" time="0.001" /><testcase classname="src.test.test_intelligence.TestProcessInformation" name="test_process_information_preserves_other_fields" time="0.001" /><testcase classname="src.test.test_intelligence.TestProcessInformation" name="test_process_information_multiple_calls" time="0.001" /><testcase classname="src.test.test_intelligence.TestProcessInformation" name="test_process_information_complex_state" time="0.001" /><testcase classname="src.test.test_intelligence.TestProcessInformation" name="test_process_information_planning_without_sequences_key" time="0.001" /><testcase classname="src.test.test_meaning.TestMeaning" name="test_meaning_creation_minimal" time="0.001" /><testcase classname="src.test.test_meaning.TestMeaning" name="test_meaning_creation_full" time="0.001" /><testcase classname="src.test.test_meaning.TestMeaning" name="test_meaning_significance_validation_valid" time="0.001" /><testcase classname="src.test.test_meaning.TestMeaning" name="test_meaning_significance_validation_invalid_negative" time="0.001" /><testcase classname="src.test.test_meaning.TestMeaning" name="test_meaning_significance_validation_invalid_above_one" time="0.001" /><testcase classname="src.test.test_meaning.TestMeaning" name="test_meaning_impact_empty" time="0.001" /><testcase classname="src.test.test_meaning.TestMeaning" name="test_meaning_impact_multiple_params" time="0.001" /><testcase classname="src.test.test_meaning.TestMeaningEngine" name="test_engine_initialization" time="0.001" /><testcase classname="src.test.test_meaning.TestMeaningEngine" name="test_appraisal_shock_event" time="0.001" /><testcase classname="src.test.test_meaning.TestMeaningEngine" name="test_appraisal_noise_event" time="0.001" /><testcase classname="src.test.test_meaning.TestMeaningEngine" name="test_appraisal_intensity_effect" time="0.001" /><testcase classname="src.test.test_meaning.TestMeaningEngine" name="test_appraisal_low_integrity_amplification" time="0.001" /><testcase classname="src.test.test_meaning.TestMeaningEngine" name="test_appraisal_low_stability_amplification" time="0.001" /><testcase classname="src.test.test_meaning.TestMeaningEngine" name="test_appraisal_range_limits" time="0.001" /><testcase classname="src.test.test_meaning.TestMeaningEngine" name="test_impact_model_shock" time="0.001" /><testcase classname="src.test.test_meaning.TestMeaningEngine" name="test_impact_model_recovery" time="0.001" /><testcase classname="src.test.test_meaning.TestMeaningEngine" name="test_impact_model_intensity_scaling" time="0.001" /><testcase classname="src.test.test_meaning.TestMeaningEngine" name="test_impact_model_significance_scaling" time="0.001" /><testcase classname="src.test.test_meaning.TestMeaningEngine" name="test_impact_model_unknown_event_type" time="0.001" /><testcase classname="src.test.test_meaning.TestMeaningEngine" name="test_response_pattern_ignore_low_significance" time="0.001" /><testcase classname="src.test.test_meaning.TestMeaningEngine" name="test_response_pattern_dampen_high_stability" time="0.001" /><testcase classname="src.test.test_meaning.TestMeaningEngine" name="test_response_pattern_amplify_low_stability" time="0.001" /><testcase classname="src.test.test_meaning.TestMeaningEngine" name="test_response_pattern_absorb_normal" time="0.001" /><testcase classname="src.test.test_meaning.TestMeaningEngine" name="test_process_complete_flow" time="0.001" /><testcase classname="src.test.test_meaning.TestMeaningEngine" name="test_process_ignore_pattern" time="0.001" /><testcase classname="src.test.test_meaning.TestMeaningEngine" name="test_process_dampen_pattern" time="0.001" /><testcase classname="src.test.test_meaning.TestMeaningEngine" name="test_process_amplify_pattern" time="0.001" /><testcase classname="src.test.test_memory.TestMemoryEntry" name="test_memory_entry_creation" time="0.000" /><testcase classname="src.test.test_memory.TestMemoryEntry" name="test_memory_entry_with_feedback_data" time="0.001" /><testcase classname="src.test.test_memory.TestMemoryEntry" name="test_memory_entry_with_subjective_timestamp" time="0.001" /><testcase classname="src.test.test_memory.TestMemoryEntry" name="test_memory_entry_subjective_timestamp_default" time="0.001" /><testcase classname="src.test.test_memory.TestMemoryEntry" name="test_memory_entry_different_event_types" time="0.001" /><testcase classname="src.test.test_memory.TestMemoryEntry" name="test_memory_entry_significance_range" time="0.000" /><testcase classname="src.test.test_memory.TestMemory" name="test_memory_initialization" time="0.001" /><testcase classname="src.test.test_memory.TestMemory" name="test_memory_append_single" time="0.001" /><testcase classname="src.test.test_memory.TestMemory" name="test_memory_append_multiple" time="0.001" /><testcase classname="src.test.test_memory.TestMemory" name="test_memory_clamp_size_at_limit" time="0.001" /><testcase classname="src.test.test_memory.TestMemory" name="test_memory_clamp_size_over_limit" time="0.001" /><testcase classname="src.test.test_memory.TestMemory" name="test_memory_preserves_order" time="0.001" /><testcase classname="src.test.test_memory.TestMemory" name="test_memory_with_feedback_entries" time="0.001" /><testcase classname="src.test.test_memory.TestMemory" name="test_memory_mixed_entries" time="0.001" /><testcase classname="src.test.test_memory.TestMemory" name="test_memory_list_operations" time="0.001" /><testcase classname="src.test.test_monitor.TestMonitor" name="test_log_function" time="0.001" /><testcase classname="src.test.test_monitor.TestMonitor" name="test_monitor_basic" time="0.155" /><testcase classname="src.test.test_monitor.TestMonitor" name="test_monitor_with_activated_memory" time="0.003" /><testcase classname="src.test.test_monitor.TestMonitor" name="test_monitor_without_activated_memory" time="0.003" /><testcase classname="src.test.test_monitor.TestMonitor" name="test_monitor_multiple_calls" time="0.003" /><testcase classname="src.test.test_monitor.TestMonitor" name="test_monitor_log_file_append" time="0.003" /><testcase classname="src.test.test_monitor.TestMonitor" name="test_monitor_all_state_fields" time="0.003" /><testcase classname="src.test.test_planning.TestRecordPotentialSequences" name="test_record_potential_sequences_empty_recent_events" time="0.001" /><testcase classname="src.test.test_planning.TestRecordPotentialSequences" name="test_record_potential_sequences_single_event" time="0.001" /><testcase classname="src.test.test_planning.TestRecordPotentialSequences" name="test_record_potential_sequences_two_events" time="0.001" /><testcase classname="src.test.test_planning.TestRecordPotentialSequences" name="test_record_potential_sequences_multiple_events" time="0.001" /><testcase classname="src.test.test_planning.TestRecordPotentialSequences" name="test_record_potential_sequences_sources_used" time="0.001" /><testcase classname="src.test.test_planning.TestRecordPotentialSequences" name="test_record_potential_sequences_preserves_other_fields" time="0.001" /><testcase classname="src.test.test_planning.TestRecordPotentialSequences" name="test_record_potential_sequences_multiple_calls" time="0.001" /><testcase classname="src.test.test_planning.TestRecordPotentialSequences" name="test_record_potential_sequences_empty_histories" time="0.001" /><testcase classname="src.test.test_planning.TestRecordPotentialSequences" name="test_record_potential_sequences_different_event_types" time="0.001" /><testcase classname="src.test.test_property_based.TestSelfStatePropertyBased" name="test_state_parameters_always_in_bounds" time="1.256" /><testcase classname="src.test.test_property_based.TestSelfStatePropertyBased" name="test_apply_delta_always_clamps" time="0.114" /><testcase classname="src.test.test_property_based.TestSelfStatePropertyBased" name="test_energy_delta_idempotent" time="0.116" /><testcase classname="src.test.test_property_based.TestMemoryPropertyBased" name="test_memory_size_always_limited" time="0.223" /><testcase classname="src.test.test_property_based.TestMemoryPropertyBased" name="test_memory_preserves_order" time="0.251" /><testcase classname="src.test.test_property_based.TestMemoryPropertyBased" name="test_memory_append_idempotent" time="0.150"><failure message="AssertionError: assert 1 == 2&#10; +  where 1 = len([MemoryEntry(event_type='0', meaning_significance=0.0, timestamp=1768942657.521243, weight=1.0, feedback_data=None, subjective_timestamp=None)])&#10; +  and   2 = len([MemoryEntry(event_type='0', meaning_significance=0.0, timestamp=1768942657.521243, weight=1.0, feedback_data=None, subjective_timestamp=None), MemoryEntry(event_type='0', meaning_significance=0.0, timestamp=1768942657.521243, weight=1.0, feedback_data=None, subjective_timestamp=None)])&#10;Falsifying example: test_memory_append_idempotent(&#10;    self=&lt;test_property_based.TestMemoryPropertyBased object at 0x7009a3a2e0e0&gt;,&#10;    event_type='0',&#10;    significance=0.0,&#10;    num_appends=2,&#10;)">src/test/test_property_based.py:152: in test_memory_append_idempotent
    event_type=st.text(min_size=1, max_size=20),
src/test/test_property_based.py:176: in test_memory_append_idempotent
    assert len(memory1) == len(memory2)
E   AssertionError: assert 1 == 2
E    +  where 1 = len([MemoryEntry(event_type='0', meaning_significance=0.0, timestamp=1768942657.521243, weight=1.0, feedback_data=None, subjective_timestamp=None)])
E    +  and   2 = len([MemoryEntry(event_type='0', meaning_significance=0.0, timestamp=1768942657.521243, weight=1.0, feedback_data=None, subjective_timestamp=None), MemoryEntry(event_type='0', meaning_significance=0.0, timestamp=1768942657.521243, weight=1.0, feedback_data=None, subjective_timestamp=None)])
E   Falsifying example: test_memory_append_idempotent(
E       self=&lt;test_property_based.TestMemoryPropertyBased object at 0x7009a3a2e0e0&gt;,
E       event_type='0',
E       significance=0.0,
E       num_appends=2,
E   )</failure></testcase></testsuite></testsuites>
