<?xml version="1.0" encoding="utf-8"?><testsuites name="pytest tests"><testsuite name="pytest" errors="0" failures="74" skipped="4" tests="654" time="181.516" timestamp="2026-01-20T13:56:59.408913+00:00" hostname="a19b1fac3332"><properties>
[...]
</properties><testcase classname="src.test.test_action.TestExecuteAction" name="test_execute_action_dampen" time="0.041" /><testcase classname="src.test.test_action.TestExecuteAction" name="test_execute_action_dampen_energy_minimum" time="0.038" /><testcase classname="src.test.test_action.TestExecuteAction" name="test_execute_action_absorb" time="0.079" /><testcase classname="src.test.test_action.TestExecuteAction" name="test_execute_action_ignore" time="0.034" /><testcase classname="src.test.test_action.TestExecuteAction" name="test_execute_action_memory_entry_timestamp" time="0.036" /><testcase classname="src.test.test_action.TestExecuteAction" name="test_execute_action_multiple_actions" time="0.037" /><testcase classname="src.test.test_action.TestExecuteAction" name="test_execute_action_dampen_multiple_times" time="0.088" /><testcase classname="src.test.test_action.TestExecuteAction" name="test_execute_action_unknown_pattern" time="0.035" /><testcase classname="src.test.test_action.TestExecuteAction" name="test_execute_action_preserves_other_state" time="0.035" /><testcase classname="src.test.test_action.TestExecuteAction" name="test_execute_action_memory_entry_significance" time="0.035" /><testcase classname="src.test.test_action.TestExecuteAction" name="test_execute_action_empty_memory" time="0.085" /><testcase classname="src.test.test_action.TestExecuteAction" name="test_execute_action_with_existing_memory" time="0.332" /><testcase classname="src.test.test_activation.TestActivateMemory" name="test_activate_memory_empty_memory" time="0.001" /><testcase classname="src.test.test_activation.TestActivateMemory" name="test_activate_memory_no_matches" time="0.001" /><testcase classname="src.test.test_activation.TestActivateMemory" name="test_activate_memory_single_match" time="0.001" /><testcase classname="src.test.test_activation.TestActivateMemory" name="test_activate_memory_multiple_matches" time="0.001" /><testcase classname="src.test.test_activation.TestActivateMemory" name="test_activate_memory_sorted_by_significance" time="0.000" /><testcase classname="src.test.test_activation.TestActivateMemory" name="test_activate_memory_limit_default" time="0.001" /><testcase classname="src.test.test_activation.TestActivateMemory" name="test_activate_memory_custom_limit" time="0.001" /><testcase classname="src.test.test_activation.TestActivateMemory" name="test_activate_memory_limit_one" time="0.000" /><testcase classname="src.test.test_activation.TestActivateMemory" name="test_activate_memory_limit_zero" time="0.001" /><testcase classname="src.test.test_activation.TestActivateMemory" name="test_activate_memory_preserves_original_memory" time="0.001" /><testcase classname="src.test.test_activation.TestActivateMemory" name="test_activate_memory_different_event_types" time="0.001" /><testcase classname="src.test.test_activation.TestActivateMemory" name="test_activate_memory_with_feedback_entries" time="0.001" /><testcase classname="src.test.test_activation.TestActivateMemory" name="test_activate_memory_equal_significance" time="0.001" /><testcase classname="src.test.test_decision.TestDecideResponse" name="test_decide_dampen_high_activated_memory" time="0.038" /><testcase classname="src.test.test_decision.TestDecideResponse" name="test_decide_dampen_max_significance_above_threshold" time="0.037" /><testcase classname="src.test.test_decision.TestDecideResponse" name="test_decide_dampen_max_significance_at_threshold" time="0.084" /><testcase classname="src.test.test_decision.TestDecideResponse" name="test_decide_ignore_low_significance_meaning" time="0.036" /><testcase classname="src.test.test_decision.TestDecideResponse" name="test_decide_ignore_meaning_significance_below_threshold" time="0.036" /><testcase classname="src.test.test_decision.TestDecideResponse" name="test_decide_absorb_normal_conditions" time="0.036" /><testcase classname="src.test.test_decision.TestDecideResponse" name="test_decide_absorb_high_significance_meaning" time="0.085" /><testcase classname="src.test.test_decision.TestDecideResponse" name="test_decide_empty_activated_memory" time="0.037" /><testcase classname="src.test.test_decision.TestDecideResponse" name="test_decide_multiple_activated_memories" time="0.039" /><testcase classname="src.test.test_decision.TestDecideResponse" name="test_decide_activated_memory_max_below_threshold" time="0.038" /><testcase classname="src.test.test_decision.TestDecideResponse" name="test_decide_activated_memory_exactly_at_threshold" time="0.038" /><testcase classname="src.test.test_decision.TestDecideResponse" name="test_decide_meaning_significance_at_threshold" time="0.079" /><testcase classname="src.test.test_decision.TestDecideResponse" name="test_decide_different_event_types_in_memory" time="0.037" /><testcase classname="src.test.test_decision.TestDecideResponse" name="test_decide_consistency" time="0.037" /><testcase classname="src.test.test_environment.TestEvent" name="test_event_creation_minimal" time="0.001" /><testcase classname="src.test.test_environment.TestEvent" name="test_event_creation_with_metadata" time="0.001" /><testcase classname="src.test.test_environment.TestEvent" name="test_event_creation_with_none_metadata" time="0.001" /><testcase classname="src.test.test_environment.TestEvent" name="test_event_different_types" time="0.001" /><testcase classname="src.test.test_environment.TestEvent" name="test_event_intensity_range" time="0.001" /><testcase classname="src.test.test_environment.TestEvent" name="test_event_timestamp" time="0.001" /><testcase classname="src.test.test_environment.TestEvent" name="test_event_custom_timestamp" time="0.000" /><testcase classname="src.test.test_environment.TestEventQueue" name="test_queue_initialization" time="0.001" /><testcase classname="src.test.test_environment.TestEventQueue" name="test_queue_push_single" time="0.001" /><testcase classname="src.test.test_environment.TestEventQueue" name="test_queue_push_multiple" time="0.001" /><testcase classname="src.test.test_environment.TestEventQueue" name="test_queue_pop_single" time="0.001" /><testcase classname="src.test.test_environment.TestEventQueue" name="test_queue_pop_empty" time="0.001" /><testcase classname="src.test.test_environment.TestEventQueue" name="test_queue_pop_fifo_order" time="0.001" /><testcase classname="src.test.test_environment.TestEventQueue" name="test_queue_pop_all_empty" time="0.001" /><testcase classname="src.test.test_environment.TestEventQueue" name="test_queue_pop_all_single" time="0.001" /><testcase classname="src.test.test_environment.TestEventQueue" name="test_queue_pop_all_multiple" time="0.001" /><testcase classname="src.test.test_environment.TestEventQueue" name="test_queue_pop_all_fifo_order" time="0.001" /><testcase classname="src.test.test_environment.TestEventQueue" name="test_queue_size_after_operations" time="0.001" /><testcase classname="src.test.test_environment.TestEventQueue" name="test_queue_is_empty_after_operations" time="0.001" /><testcase classname="src.test.test_environment.TestEventQueue" name="test_queue_push_after_pop_all" time="0.001" /><testcase classname="src.test.test_environment.TestEventQueue" name="test_queue_maxsize_behavior" time="0.001" /><testcase classname="src.test.test_environment.TestEventQueue" name="test_queue_mixed_operations" time="0.001" /><testcase classname="src.test.test_environment.TestEventQueue" name="test_queue_different_event_types" time="0.001" /><testcase classname="src.test.test_event_queue_edge_cases.TestEventQueueEdgeCases" name="test_pop_all_with_empty_exception" time="0.001" /><testcase classname="src.test.test_event_queue_race_condition.TestEventQueueRaceCondition" name="test_pop_all_empty_exception_handling" time="0.001" /><testcase classname="src.test.test_event_queue_race_condition.TestEventQueueRaceCondition" name="test_pop_all_concurrent_access" time="0.001" /><testcase classname="src.test.test_feedback.TestRegisterAction" name="test_register_action_basic" time="0.001" /><testcase classname="src.test.test_feedback.TestRegisterAction" name="test_register_action_different_patterns" time="0.001" /><testcase classname="src.test.test_feedback.TestRegisterAction" name="test_register_action_state_copy" time="0.001" /><testcase classname="src.test.test_feedback.TestRegisterAction" name="test_register_action_multiple" time="0.001" /><testcase classname="src.test.test_feedback.TestObserveConsequences" name="test_observe_consequences_with_changes" time="0.037" /><testcase classname="src.test.test_feedback.TestObserveConsequences" name="test_observe_consequences_minimal_changes" time="0.088" /><testcase classname="src.test.test_feedback.TestObserveConsequences" name="test_observe_consequences_timeout" time="0.040" /><testcase classname="src.test.test_feedback.TestObserveConsequences" name="test_multiple_actions" time="0.038" /><testcase classname="src.test.test_feedback.TestObserveConsequences" name="test_observe_consequences_ticks_waited_increment" time="0.042" /><testcase classname="src.test.test_feedback.TestObserveConsequences" name="test_observe_consequences_positive_delta" time="0.087" /><testcase classname="src.test.test_feedback_data" name="test_feedback_data_storage" time="0.038" /><testcase classname="src.test.test_generator.TestEventGenerator" name="test_generator_initialization" time="0.001" /><testcase classname="src.test.test_generator.TestEventGenerator" name="test_generate_returns_event" time="0.001" /><testcase classname="src.test.test_generator.TestEventGenerator" name="test_generate_event_types" time="0.001" /><testcase classname="src.test.test_generator.TestEventGenerator" name="test_generate_noise_intensity_range" time="0.001" /><testcase classname="src.test.test_generator.TestEventGenerator" name="test_generate_decay_intensity_range" time="0.001" /><testcase classname="src.test.test_generator.TestEventGenerator" name="test_generate_recovery_intensity_range" time="0.001" /><testcase classname="src.test.test_generator.TestEventGenerator" name="test_generate_shock_intensity_range" time="0.001" /><testcase classname="src.test.test_generator.TestEventGenerator" name="test_generate_idle_intensity" time="0.001" /><testcase classname="src.test.test_generator.TestEventGenerator" name="test_generate_timestamp" time="0.001" /><testcase classname="src.test.test_generator.TestEventGenerator" name="test_generate_metadata" time="0.001" /><testcase classname="src.test.test_generator.TestEventGenerator" name="test_generate_multiple_events" time="0.001" /><testcase classname="src.test.test_generator.TestEventGenerator" name="test_generate_event_distribution" time="0.004" /><testcase classname="src.test.test_generator.TestEventGenerator" name="test_generate_event_uniqueness" time="0.001" /><testcase classname="src.test.test_generator.TestGeneratorCLI" name="test_send_event_success" time="0.046" /><testcase classname="src.test.test_generator.TestGeneratorCLI" name="test_send_event_connection_error" time="0.001" /><testcase classname="src.test.test_generator.TestGeneratorCLI" name="test_send_event_timeout" time="0.001" /><testcase classname="src.test.test_generator_cli.TestGeneratorCLI" name="test_send_event_success" time="0.001" /><testcase classname="src.test.test_generator_cli.TestGeneratorCLI" name="test_send_event_request_exception" time="0.001" /><testcase classname="src.test.test_generator_cli.TestGeneratorCLI" name="test_send_event_general_exception" time="0.001" /><testcase classname="src.test.test_generator_cli.TestGeneratorCLI" name="test_main_function_basic" time="0.004" /><testcase classname="src.test.test_generator_cli.TestGeneratorCLI" name="test_main_function_send_event_called" time="0.003" /><testcase classname="src.test.test_generator_cli.TestGeneratorCLI" name="test_main_function_send_failure" time="0.003" /><testcase classname="src.test.test_generator_cli.TestGeneratorCLI" name="test_main_function_if_name_main" time="0.004" /><testcase classname="src.test.test_intelligence.TestProcessInformation" name="test_process_information_basic" time="0.038" /><testcase classname="src.test.test_intelligence.TestProcessInformation" name="test_process_information_empty_recent_events" time="0.093" /><testcase classname="src.test.test_intelligence.TestProcessInformation" name="test_process_information_empty_planning" time="0.038" /><testcase classname="src.test.test_intelligence.TestProcessInformation" name="test_process_information_energy_values" time="0.039" /><testcase classname="src.test.test_intelligence.TestProcessInformation" name="test_process_information_stability_values" time="0.038" /><testcase classname="src.test.test_intelligence.TestProcessInformation" name="test_process_information_planning_sequences" time="0.085" /><testcase classname="src.test.test_intelligence.TestProcessInformation" name="test_process_information_preserves_other_fields" time="0.036" /><testcase classname="src.test.test_intelligence.TestProcessInformation" name="test_process_information_multiple_calls" time="0.037" /><testcase classname="src.test.test_intelligence.TestProcessInformation" name="test_process_information_complex_state" time="0.039" /><testcase classname="src.test.test_intelligence.TestProcessInformation" name="test_process_information_planning_without_sequences_key" time="0.088" /><testcase classname="src.test.test_meaning.TestMeaning" name="test_meaning_creation_minimal" time="0.001" /><testcase classname="src.test.test_meaning.TestMeaning" name="test_meaning_creation_full" time="0.001" /><testcase classname="src.test.test_meaning.TestMeaning" name="test_meaning_significance_validation_valid" time="0.000" /><testcase classname="src.test.test_meaning.TestMeaning" name="test_meaning_significance_validation_invalid_negative" time="0.001" /><testcase classname="src.test.test_meaning.TestMeaning" name="test_meaning_significance_validation_invalid_above_one" time="0.001" /><testcase classname="src.test.test_meaning.TestMeaning" name="test_meaning_impact_empty" time="0.001" /><testcase classname="src.test.test_meaning.TestMeaning" name="test_meaning_impact_multiple_params" time="0.001" /><testcase classname="src.test.test_meaning.TestMeaningEngine" name="test_engine_initialization" time="0.001" /><testcase classname="src.test.test_meaning.TestMeaningEngine" name="test_appraisal_shock_event" time="0.001" /><testcase classname="src.test.test_meaning.TestMeaningEngine" name="test_appraisal_noise_event" time="0.001" /><testcase classname="src.test.test_meaning.TestMeaningEngine" name="test_appraisal_intensity_effect" time="0.001" /><testcase classname="src.test.test_meaning.TestMeaningEngine" name="test_appraisal_low_integrity_amplification" time="0.001" /><testcase classname="src.test.test_meaning.TestMeaningEngine" name="test_appraisal_low_stability_amplification" time="0.001" /><testcase classname="src.test.test_meaning.TestMeaningEngine" name="test_appraisal_range_limits" time="0.001" /><testcase classname="src.test.test_meaning.TestMeaningEngine" name="test_impact_model_shock" time="0.001" /><testcase classname="src.test.test_meaning.TestMeaningEngine" name="test_impact_model_recovery" time="0.001" /><testcase classname="src.test.test_meaning.TestMeaningEngine" name="test_impact_model_intensity_scaling" time="0.001" /><testcase classname="src.test.test_meaning.TestMeaningEngine" name="test_impact_model_significance_scaling" time="0.001" /><testcase classname="src.test.test_meaning.TestMeaningEngine" name="test_impact_model_unknown_event_type" time="0.001" /><testcase classname="src.test.test_meaning.TestMeaningEngine" name="test_response_pattern_ignore_low_significance" time="0.001" /><testcase classname="src.test.test_meaning.TestMeaningEngine" name="test_response_pattern_dampen_high_stability" time="0.001" /><testcase classname="src.test.test_meaning.TestMeaningEngine" name="test_response_pattern_amplify_low_stability" time="0.001" /><testcase classname="src.test.test_meaning.TestMeaningEngine" name="test_response_pattern_absorb_normal" time="0.001" /><testcase classname="src.test.test_meaning.TestMeaningEngine" name="test_process_complete_flow" time="0.001" /><testcase classname="src.test.test_meaning.TestMeaningEngine" name="test_process_ignore_pattern" time="0.001" /><testcase classname="src.test.test_meaning.TestMeaningEngine" name="test_process_dampen_pattern" time="0.001" /><testcase classname="src.test.test_meaning.TestMeaningEngine" name="test_process_amplify_pattern" time="0.001" /><testcase classname="src.test.test_memory.TestMemoryEntry" name="test_memory_entry_creation" time="0.001" /><testcase classname="src.test.test_memory.TestMemoryEntry" name="test_memory_entry_with_feedback_data" time="0.001" /><testcase classname="src.test.test_memory.TestMemoryEntry" name="test_memory_entry_different_event_types" time="0.001" /><testcase classname="src.test.test_memory.TestMemoryEntry" name="test_memory_entry_significance_range" time="0.001" /><testcase classname="src.test.test_memory.TestMemory" name="test_memory_initialization" time="0.043" /><testcase classname="src.test.test_memory.TestMemory" name="test_memory_append_single" time="0.043" /><testcase classname="src.test.test_memory.TestMemory" name="test_memory_append_multiple" time="0.041" /><testcase classname="src.test.test_memory.TestMemory" name="test_memory_clamp_size_at_limit" time="0.094" /><testcase classname="src.test.test_memory.TestMemory" name="test_memory_clamp_size_over_limit" time="0.041" /><testcase classname="src.test.test_memory.TestMemory" name="test_memory_preserves_order" time="0.041" /><testcase classname="src.test.test_memory.TestMemory" name="test_memory_with_feedback_entries" time="0.041" /><testcase classname="src.test.test_memory.TestMemory" name="test_memory_mixed_entries" time="0.093" /><testcase classname="src.test.test_memory.TestMemory" name="test_memory_list_operations" time="0.040" /><testcase classname="src.test.test_monitor.TestMonitor" name="test_log_function" time="0.001" /><testcase classname="src.test.test_monitor.TestMonitor" name="test_monitor_basic" time="0.485"><failure message="AssertionError: assert False&#10; +  where False = exists()&#10; +    where exists = PosixPath('/tmp/pytest-of-root/pytest-137/test_monitor_basic0/tick_log.jsonl').exists">src/test/test_monitor.py:58: in test_monitor_basic
    assert temp_log_file.exists()
E   AssertionError: assert False
E    +  where False = exists()
E    +    where exists = PosixPath('/tmp/pytest-of-root/pytest-137/test_monitor_basic0/tick_log.jsonl').exists</failure></testcase><testcase classname="src.test.test_monitor.TestMonitor" name="test_monitor_with_activated_memory" time="0.045"><failure message="AssertionError: assert False&#10; +  where False = exists()&#10; +    where exists = PosixPath('/tmp/pytest-of-root/pytest-137/test_monitor_with_activated_me0/tick_log.jsonl').exists">src/test/test_monitor.py:80: in test_monitor_with_activated_memory
    assert temp_log_file.exists()
E   AssertionError: assert False
E    +  where False = exists()
E    +    where exists = PosixPath('/tmp/pytest-of-root/pytest-137/test_monitor_with_activated_me0/tick_log.jsonl').exists</failure></testcase><testcase classname="src.test.test_monitor.TestMonitor" name="test_monitor_without_activated_memory" time="0.109"><failure message="AssertionError: assert False&#10; +  where False = exists()&#10; +    where exists = PosixPath('/tmp/pytest-of-root/pytest-137/test_monitor_without_activated0/tick_log.jsonl').exists">src/test/test_monitor.py:95: in test_monitor_without_activated_memory
    assert temp_log_file.exists()
E   AssertionError: assert False
E    +  where False = exists()
E    +    where exists = PosixPath('/tmp/pytest-of-root/pytest-137/test_monitor_without_activated0/tick_log.jsonl').exists</failure></testcase><testcase classname="src.test.test_monitor.TestMonitor" name="test_monitor_multiple_calls" time="0.052"><failure message="AssertionError: assert False&#10; +  where False = exists()&#10; +    where exists = PosixPath('/tmp/pytest-of-root/pytest-137/test_monitor_multiple_calls0/tick_log.jsonl').exists">src/test/test_monitor.py:110: in test_monitor_multiple_calls
    assert temp_log_file.exists()
E   AssertionError: assert False
E    +  where False = exists()
E    +    where exists = PosixPath('/tmp/pytest-of-root/pytest-137/test_monitor_multiple_calls0/tick_log.jsonl').exists</failure></testcase><testcase classname="src.test.test_monitor.TestMonitor" name="test_monitor_log_file_append" time="0.046"><failure message="FileNotFoundError: [Errno 2] No such file or directory: '/tmp/pytest-of-root/pytest-137/test_monitor_log_file_append0/tick_log.jsonl'">src/test/test_monitor.py:133: in test_monitor_log_file_append
    with temp_log_file.open("r") as f:
/usr/lib/python3.10/pathlib.py:1119: in open
    return self._accessor.open(self, mode, buffering, encoding, errors,
E   FileNotFoundError: [Errno 2] No such file or directory: '/tmp/pytest-of-root/pytest-137/test_monitor_log_file_append0/tick_log.jsonl'</failure></testcase><testcase classname="src.test.test_monitor.TestMonitor" name="test_monitor_all_state_fields" time="0.042"><failure message="FileNotFoundError: [Errno 2] No such file or directory: '/tmp/pytest-of-root/pytest-137/test_monitor_all_state_fields0/tick_log.jsonl'">src/test/test_monitor.py:151: in test_monitor_all_state_fields
    with temp_log_file.open("r") as f:
/usr/lib/python3.10/pathlib.py:1119: in open
    return self._accessor.open(self, mode, buffering, encoding, errors,
E   FileNotFoundError: [Errno 2] No such file or directory: '/tmp/pytest-of-root/pytest-137/test_monitor_all_state_fields0/tick_log.jsonl'</failure></testcase><testcase classname="src.test.test_planning.TestRecordPotentialSequences" name="test_record_potential_sequences_empty_recent_events" time="0.036" /><testcase classname="src.test.test_planning.TestRecordPotentialSequences" name="test_record_potential_sequences_single_event" time="0.037" /><testcase classname="src.test.test_planning.TestRecordPotentialSequences" name="test_record_potential_sequences_two_events" time="0.040" /><testcase classname="src.test.test_planning.TestRecordPotentialSequences" name="test_record_potential_sequences_multiple_events" time="0.096" /><testcase classname="src.test.test_planning.TestRecordPotentialSequences" name="test_record_potential_sequences_sources_used" time="0.039" /><testcase classname="src.test.test_planning.TestRecordPotentialSequences" name="test_record_potential_sequences_preserves_other_fields" time="0.037" /><testcase classname="src.test.test_planning.TestRecordPotentialSequences" name="test_record_potential_sequences_multiple_calls" time="0.037" /><testcase classname="src.test.test_planning.TestRecordPotentialSequences" name="test_record_potential_sequences_empty_histories" time="0.089" /><testcase classname="src.test.test_planning.TestRecordPotentialSequences" name="test_record_potential_sequences_different_event_types" time="0.039" /><testcase classname="src.test.test_property_based.TestSelfStatePropertyBased" name="test_state_parameters_always_in_bounds" time="6.604" /><testcase classname="src.test.test_property_based.TestSelfStatePropertyBased" name="test_apply_delta_always_clamps" time="5.536" /><testcase classname="src.test.test_property_based.TestSelfStatePropertyBased" name="test_energy_delta_idempotent" time="10.939" /><testcase classname="src.test.test_property_based.TestMemoryPropertyBased" name="test_memory_size_always_limited" time="5.709" /><testcase classname="src.test.test_property_based.TestMemoryPropertyBased" name="test_memory_preserves_order" time="5.814" /><testcase classname="src.test.test_property_based.TestMemoryPropertyBased" name="test_memory_append_idempotent" time="0.311"><failure message="AssertionError: assert 1 == 2&#10; +  where 1 = len([MemoryEntry(event_type='0', meaning_significance=0.0, timestamp=1768917463.474015, weight=1.0, feedback_data=None)])&#10; +  and   2 = len([MemoryEntry(event_type='0', meaning_significance=0.0, timestamp=1768917463.474015, weight=1.0, feedback_data=None), MemoryEntry(event_type='0', meaning_significance=0.0, timestamp=1768917463.474015, weight=1.0, feedback_data=None)])&#10;Falsifying example: test_memory_append_idempotent(&#10;    self=&lt;test_property_based.TestMemoryPropertyBased object at 0x7bafaf3aa050&gt;,&#10;    event_type='0',&#10;    significance=0.0,&#10;    num_appends=2,&#10;)">src/test/test_property_based.py:152: in test_memory_append_idempotent
    event_type=st.text(min_size=1, max_size=20),
src/test/test_property_based.py:176: in test_memory_append_idempotent
    assert len(memory1) == len(memory2)
E   AssertionError: assert 1 == 2
E    +  where 1 = len([MemoryEntry(event_type='0', meaning_significance=0.0, timestamp=1768917463.474015, weight=1.0, feedback_data=None)])
E    +  and   2 = len([MemoryEntry(event_type='0', meaning_significance=0.0, timestamp=1768917463.474015, weight=1.0, feedback_data=None), MemoryEntry(event_type='0', meaning_significance=0.0, timestamp=1768917463.474015, weight=1.0, feedback_data=None)])
E   Falsifying example: test_memory_append_idempotent(
E       self=&lt;test_property_based.TestMemoryPropertyBased object at 0x7bafaf3aa050&gt;,
E       event_type='0',
E       significance=0.0,
E       num_appends=2,
E   )</failure></testcase><testcase classname="src.test.test_property_based.TestMemoryEntryPropertyBased" name="test_memory_entry_creation" time="0.196" /><testcase classname="src.test.test_property_based.TestMemoryEntryPropertyBased" name="test_memory_entry_with_feedback" time="0.332" /><testcase classname="src.test.test_state.TestSelfState" name="test_self_state_initialization" time="0.040" /><testcase classname="src.test.test_state.TestSelfState" name="test_self_state_unique_life_id" time="0.139" /><testcase classname="src.test.test_state.TestSelfState" name="test_self_state_birth_timestamp" time="0.041" /><testcase classname="src.test.test_state.TestSelfState" name="test_apply_delta_energy" time="0.041" /><testcase classname="src.test.test_state.TestSelfState" name="test_apply_delta_integrity" time="0.042" /><testcase classname="src.test.test_state.TestSelfState" name="test_apply_delta_stability" time="0.085" /><testcase classname="src.test.test_state.TestSelfState" name="test_apply_delta_multiple_params" time="0.042" /><testcase classname="src.test.test_state.TestSelfState" name="test_apply_delta_ticks" time="0.043" /><testcase classname="src.test.test_state.TestSelfState" name="test_apply_delta_age" time="0.043" /><testcase classname="src.test.test_state.TestSelfState" name="test_apply_delta_unknown_field" time="0.088" /><testcase classname="src.test.test_state.TestSelfState" name="test_apply_delta_non_numeric_field" time="0.044" /><testcase classname="src.test.test_state.TestSelfState" name="test_self_state_memory_operations" time="0.042" /><testcase classname="src.test.test_state.TestSelfState" name="test_self_state_recent_events" time="0.043" /><testcase classname="src.test.test_state.TestSnapshots" name="test_save_snapshot" time="0.492"><failure message="AssertionError: assert False&#10; +  where False = exists()&#10; +    where exists = PosixPath('/tmp/tmpct5t1k1b/snapshot_000100.json').exists">src/test/test_state.py:246: in test_save_snapshot
    assert snapshot_file.exists()
E   AssertionError: assert False
E    +  where False = exists()
E    +    where exists = PosixPath('/tmp/tmpct5t1k1b/snapshot_000100.json').exists</failure></testcase><testcase classname="src.test.test_state.TestSnapshots" name="test_load_snapshot" time="0.048"><failure message="AttributeError: Cannot modify immutable field 'life_id' after initialization">src/test/test_state.py:271: in test_load_snapshot
    state.life_id = "test_life_id"
src/state/self_state.py:231: in __setattr__
    raise AttributeError(
E   AttributeError: Cannot modify immutable field 'life_id' after initialization</failure></testcase><testcase classname="src.test.test_state.TestSnapshots" name="test_load_snapshot_not_found" time="0.003" /><testcase classname="src.test.test_state.TestSnapshots" name="test_load_latest_snapshot" time="0.691"><failure message="AssertionError: assert 200 == 30&#10; +  where 200 = SelfState(life_id='690580b2-2d43-4f07-83d5-5794d75f62cf', birth_timestamp=1768917349.3834207, age=0.0, subjective_time=0.0, ticks=200, energy=100.0, integrity=1.0, stability=1.0, fatigue=0.0, tension=0.0, active=True, recent_events=[], last_significance=0.0, energy_history=[], stability_history=[], planning={}, intelligence={}, memory=[], archive_memory=&lt;src.memory.memory.ArchiveMemory object at 0x7bafadffbee0&gt;, subjective_time_base_rate=1.0, subjective_time_rate_min=0.1, subjective_time_rate_max=3.0, subjective_time_intensity_coeff=1.0, subjective_time_stability_coeff=0.5, last_event_intensity=0.0, activated_memory=[], last_pattern='', learning_params={'event_type_sensitivity': {'noise': 0.20500000000000002, 'decay': 0.2, 'recovery': 0.2, 'shock': 0.2, 'idle': 0.2}, 'significance_thresholds': {'noise': 0.1, 'decay': 0.1, 'recovery': 0.1, 'shock': 0.1, 'idle': 0.1}, 'response_coefficients': {'dampen': 0.5, 'absorb': 1.0, 'ignore': 0.0}}, adaptation_params={'behavior_sensitivity': {'noise': 0.2, 'decay': 0.2, 'recovery': 0.2, 'shock': 0.2, 'idle': 0.2}, 'behavior_thresholds': {'noise': 0.1, 'decay': 0.1, 'recovery': 0.1, 'shock': 0.1, 'idle': 0.1}, 'behavior_coefficients': {'dampen': 0.5, 'absorb': 1.0, 'ignore': 0.0}}, adaptation_history=[]).ticks">src/test/test_state.py:309: in test_load_latest_snapshot
    assert latest.ticks == 30
E   AssertionError: assert 200 == 30
E    +  where 200 = SelfState(life_id='690580b2-2d43-4f07-83d5-5794d75f62cf', birth_timestamp=1768917349.3834207, age=0.0, subjective_time=0.0, ticks=200, energy=100.0, integrity=1.0, stability=1.0, fatigue=0.0, tension=0.0, active=True, recent_events=[], last_significance=0.0, energy_history=[], stability_history=[], planning={}, intelligence={}, memory=[], archive_memory=&lt;src.memory.memory.ArchiveMemory object at 0x7bafadffbee0&gt;, subjective_time_base_rate=1.0, subjective_time_rate_min=0.1, subjective_time_rate_max=3.0, subjective_time_intensity_coeff=1.0, subjective_time_stability_coeff=0.5, last_event_intensity=0.0, activated_memory=[], last_pattern='', learning_params={'event_type_sensitivity': {'noise': 0.20500000000000002, 'decay': 0.2, 'recovery': 0.2, 'shock': 0.2, 'idle': 0.2}, 'significance_thresholds': {'noise': 0.1, 'decay': 0.1, 'recovery': 0.1, 'shock': 0.1, 'idle': 0.1}, 'response_coefficients': {'dampen': 0.5, 'absorb': 1.0, 'ignore': 0.0}}, adaptation_params={'behavior_sensitivity': {'noise': 0.2, 'decay': 0.2, 'recovery': 0.2, 'shock': 0.2, 'idle': 0.2}, 'behavior_thresholds': {'noise': 0.1, 'decay': 0.1, 'recovery': 0.1, 'shock': 0.1, 'idle': 0.1}, 'behavior_coefficients': {'dampen': 0.5, 'absorb': 1.0, 'ignore': 0.0}}, adaptation_history=[]).ticks</failure></testcase><testcase classname="src.test.test_state.TestSnapshots" name="test_load_latest_snapshot_not_found" time="0.262"><failure message="Failed: DID NOT RAISE &lt;class 'FileNotFoundError'&gt;">src/test/test_state.py:315: in test_load_latest_snapshot_not_found
    with pytest.raises(FileNotFoundError):
E   Failed: DID NOT RAISE &lt;class 'FileNotFoundError'&gt;</failure></testcase><testcase classname="src.test.test_state.TestSnapshots" name="test_snapshot_preserves_memory" time="0.363" /><testcase classname="src.test.test_state.TestCreateInitialState" name="test_create_initial_state" time="0.131" /><testcase classname="src.test.test_subjective_time.TestSubjectiveTimeModel" name="test_rate_is_clamped_to_range" time="0.041" /><testcase classname="src.test.test_subjective_time.TestSubjectiveTimeModel" name="test_subjective_time_is_monotonic_for_positive_dt" time="0.040" /><testcase classname="src.test.test_subjective_time.TestSubjectiveTimeModel" name="test_intensity_and_stability_influence_rate_direction" time="0.087" /><testcase classname="src.test.test_subjective_time.TestSubjectiveTimeModel" name="test_negative_dt_returns_zero_increment" time="0.044" /><testcase classname="src.test.test_subjective_time.TestSubjectiveTimeModel" name="test_extreme_intensity_and_stability_values" time="0.044" /><testcase classname="src.test.test_subjective_time.TestSubjectiveTimeModel" name="test_boundary_rate_min_max_values" time="0.001" /><testcase classname="src.test.test_subjective_time.TestSubjectiveTimeModel" name="test_invalid_input_types" time="0.043" /><testcase classname="src.test.test_subjective_time.TestSubjectiveTimeModel" name="test_extreme_coefficient_values" time="0.092" /><testcase classname="src.test.test_subjective_time.TestSubjectiveTimeModel" name="test_zero_and_negative_base_rate" time="0.044" /><testcase classname="src.test.test_api" name="test_get_status" time="0.001"><skipped type="pytest.skip" message="test_api.py requires real server. Use --real-server or test_api_integration.py">/workspace/src/test/test_api.py:28: test_api.py requires real server. Use --real-server or test_api_integration.py</skipped></testcase><testcase classname="src.test.test_api" name="test_get_clear_data" time="0.001"><skipped type="pytest.skip" message="test_api.py requires real server. Use --real-server or test_api_integration.py">/workspace/src/test/test_api.py:42: test_api.py requires real server. Use --real-server or test_api_integration.py</skipped></testcase><testcase classname="src.test.test_api" name="test_post_event_success" time="0.001"><skipped type="pytest.skip" message="test_api.py requires real server. Use --real-server or test_api_integration.py">/workspace/src/test/test_api.py:52: test_api.py requires real server. Use --real-server or test_api_integration.py</skipped></testcase><testcase classname="src.test.test_api" name="test_post_event_invalid_json" time="0.001"><skipped type="pytest.skip" message="test_api.py requires real server. Use --real-server or test_api_integration.py">/workspace/src/test/test_api.py:63: test_api.py requires real server. Use --real-server or test_api_integration.py</skipped></testcase><testcase classname="src.test.test_api_integration.TestAPIServer" name="test_get_status" time="0.783" /><testcase classname="src.test.test_api_integration.TestAPIServer" name="test_get_status_returns_current_state" time="0.757" /><testcase classname="src.test.test_api_integration.TestAPIServer" name="test_get_clear_data" time="0.689" /><testcase classname="src.test.test_api_integration.TestAPIServer" name="test_get_unknown_endpoint" time="0.699" /><testcase classname="src.test.test_api_integration.TestAPIServer" name="test_post_event_success" time="0.646" /><testcase classname="src.test.test_api_integration.TestAPIServer" name="test_post_event_minimal" time="0.647" /><testcase classname="src.test.test_api_integration.TestAPIServer" name="test_post_event_with_timestamp" time="0.645" /><testcase classname="src.test.test_api_integration.TestAPIServer" name="test_post_event_invalid_json" time="0.644" /><testcase classname="src.test.test_api_integration.TestAPIServer" name="test_post_event_missing_type" time="0.693" /><testcase classname="src.test.test_api_integration.TestAPIServer" name="test_post_event_invalid_type" time="0.647" /><testcase classname="src.test.test_api_integration.TestAPIServer" name="test_post_event_multiple_events" time="0.650" /><testcase classname="src.test.test_api_integration.TestAPIServer" name="test_post_event_different_types" time="0.657" /><testcase classname="src.test.test_api_integration.TestAPIServer" name="test_post_unknown_endpoint" time="0.689" /><testcase classname="src.test.test_api_integration.TestAPIServer" name="test_post_event_queue_overflow" time="0.844" /><testcase classname="src.test.test_api_integration.TestAPIServer" name="test_get_status_after_events" time="0.797" /><testcase classname="src.test.test_feedback.TestFeedbackIntegration" name="test_integration_with_memory" time="0.048" /><testcase classname="src.test.test_generator_integration.TestGeneratorServerIntegration" name="test_generator_send_to_server" time="0.653" /><testcase classname="src.test.test_generator_integration.TestGeneratorServerIntegration" name="test_generator_multiple_events_to_server" time="0.658" /><testcase classname="src.test.test_generator_integration.TestGeneratorServerIntegration" name="test_generator_all_event_types_to_server" time="0.736" /><testcase classname="src.test.test_generator_integration.TestGeneratorServerIntegration" name="test_generator_event_intensity_ranges" time="0.591" /><testcase classname="src.test.test_generator_integration.TestGeneratorServerIntegration" name="test_generator_server_full_cycle" time="0.646" /><testcase classname="src.test.test_memory.TestMemoryLoad" name="test_memory_performance_with_1000_entries" time="0.053" /><testcase classname="src.test.test_memory.TestMemoryLoad" name="test_memory_performance_with_10000_entries" time="0.137" /><testcase classname="src.test.test_memory.TestMemoryLoad" name="test_memory_iteration_performance" time="0.090" /><testcase classname="src.test.test_memory.TestMemoryLoad" name="test_memory_search_performance" time="0.044" /><testcase classname="src.test.test_memory.TestMemoryLoad" name="test_memory_memory_usage" time="0.044" /><testcase classname="src.test.test_memory.TestMemoryDecayWeights" name="test_decay_weights_basic" time="0.044" /><testcase classname="src.test.test_memory.TestMemoryDecayWeights" name="test_decay_weights_min_weight" time="0.092" /><testcase classname="src.test.test_memory.TestMemoryDecayWeights" name="test_decay_weights_empty_memory" time="0.044" /><testcase classname="src.test.test_memory.TestMemoryDecayWeights" name="test_decay_weights_multiple_entries" time="0.042"><failure message="AssertionError: assert 0.6383999998731613 &lt;= 0.6174999997546275&#10; +  where 0.6383999998731613 = MemoryEntry(event_type='event_1', meaning_significance=0.4, timestamp=1768913882.039321, weight=0.6383999998731613, feedback_data=None).weight&#10; +  and   0.6174999997546275 = MemoryEntry(event_type='event_0', meaning_significance=0.3, timestamp=1768917482.0393045, weight=0.6174999997546275, feedback_data=None).weight">src/test/test_memory.py:399: in test_decay_weights_multiple_entries
    assert entry.weight &lt;= entries[i - 1].weight
E   AssertionError: assert 0.6383999998731613 &lt;= 0.6174999997546275
E    +  where 0.6383999998731613 = MemoryEntry(event_type='event_1', meaning_significance=0.4, timestamp=1768913882.039321, weight=0.6383999998731613, feedback_data=None).weight
E    +  and   0.6174999997546275 = MemoryEntry(event_type='event_0', meaning_significance=0.3, timestamp=1768917482.0393045, weight=0.6174999997546275, feedback_data=None).weight</failure></testcase><testcase classname="src.test.test_memory.TestMemoryDecayWeights" name="test_decay_weights_significance_factor" time="0.044" /><testcase classname="src.test.test_memory.TestArchiveMemory" name="test_archive_memory_initialization" time="0.097"><failure message="assert 4443 == 0&#10; +  where 4443 = size()&#10; +    where size = &lt;src.memory.memory.ArchiveMemory object at 0x7bafae0c7a60&gt;.size">src/test/test_memory.py:433: in test_archive_memory_initialization
    assert archive.size() == 0
E   assert 4443 == 0
E    +  where 4443 = size()
E    +    where size = &lt;src.memory.memory.ArchiveMemory object at 0x7bafae0c7a60&gt;.size</failure></testcase><testcase classname="src.test.test_memory.TestArchiveMemory" name="test_archive_memory_add_entry" time="0.043"><failure message="assert 4444 == 1&#10; +  where 4444 = size()&#10; +    where size = &lt;src.memory.memory.ArchiveMemory object at 0x7bafaed817b0&gt;.size">src/test/test_memory.py:443: in test_archive_memory_add_entry
    assert archive.size() == 1
E   assert 4444 == 1
E    +  where 4444 = size()
E    +    where size = &lt;src.memory.memory.ArchiveMemory object at 0x7bafaed817b0&gt;.size</failure></testcase><testcase classname="src.test.test_memory.TestArchiveMemory" name="test_archive_memory_add_entries" time="0.040"><failure message="assert 4448 == 5&#10; +  where 4448 = size()&#10; +    where size = &lt;src.memory.memory.ArchiveMemory object at 0x7bafae483b80&gt;.size">src/test/test_memory.py:458: in test_archive_memory_add_entries
    assert archive.size() == 5
E   assert 4448 == 5
E    +  where 4448 = size()
E    +    where size = &lt;src.memory.memory.ArchiveMemory object at 0x7bafae483b80&gt;.size</failure></testcase><testcase classname="src.test.test_memory.TestArchiveMemory" name="test_archive_memory_get_entries_by_type" time="0.125"><failure message="AssertionError: assert 129 == 2&#10; +  where 129 = len([MemoryEntry(event_type='shock', meaning_significance=0.4752, timestamp=1768902192.7381802, weight=0.04310399125702878, feedback_data=None), MemoryEntry(event_type='shock', meaning_significance=0.6264, timestamp=1768902192.740484, weight=0.038671676735237796, feedback_data=None), MemoryEntry(event_type='shock', meaning_significance=0.27, timestamp=1768902211.7563572, weight=0.09818215494123667, feedback_data=None), MemoryEntry(event_type='shock', meaning_significance=0.18000000000000002, timestamp=1768902211.7654626, weight=0.06798674054918369, feedback_data=None), MemoryEntry(event_type='shock', meaning_significance=0.36000000000000004, timestamp=1768902211.7480996, weight=0.019115984329997324, feedback_data=None), MemoryEntry(event_type='shock', meaning_significance=0.44999999999999996, timestamp=1768902211.787966, weight=0.036281865446109014, feedback_data=None), MemoryEntry(event_type='shock', meaning_significance=0.6264, timestamp=1768902285.8869126, weight=0.03867139829352544, feedback_data=None), MemoryEntry(event_type='shock', meaning_significance=0.27, timestamp=1768902304.9723625, weight=0.09818201392764221, feedback_data=None), MemoryEntry(event_type='shock', meaning_significance=0.18000000000000002, timestamp=1768902304.9894147, weight=0.06798667416912092, feedback_data=None), MemoryEntry(event_type='shock', meaning_significance=0.36000000000000004, timestamp=1768902304.956248, weight=0.019115876532210137, feedback_data=None), MemoryEntry(event_type='shock', meaning_significance=0.44999999999999996, timestamp=1768902305.0268948, weight=0.036281790101012526, feedback_data=None), MemoryEntry(event_type='shock', meaning_significance=0.4752, timestamp=1768902376.0435035, weight=0.04310395722217239, feedback_data=None), MemoryEntry(event_type='shock', meaning_significance=0.6264, timestamp=1768902376.0495539, weight=0.03867161132117136, feedback_data=None), MemoryEntry(event_type='shock', meaning_significance=0.27, timestamp=1768902394.6840339, weight=0.09818187680564386, feedback_data=None), MemoryEntry(event_type='shock', meaning_significance=0.18000000000000002, timestamp=1768902394.708139, weight=0.06798660696704847, feedback_data=None), MemoryEntry(event_type='shock', meaning_significance=0.36000000000000004, timestamp=1768902394.6612918, weight=0.019115821693259056, feedback_data=None), MemoryEntry(event_type='shock', meaning_significance=0.44999999999999996, timestamp=1768902394.7616873, weight=0.036281810938673775, feedback_data=None), MemoryEntry(event_type='shock', meaning_significance=0.4752, timestamp=1768902459.6276526, weight=0.04310389943074829, feedback_data=None), MemoryEntry(event_type='shock', meaning_significance=0.6264, timestamp=1768902459.6360626, weight=0.03867151779845697, feedback_data=None), MemoryEntry(event_type='shock', meaning_significance=0.27, timestamp=1768902478.8110123, weight=0.09818171260898025, feedback_data=None), MemoryEntry(event_type='shock', meaning_significance=0.18000000000000002, timestamp=1768902478.8434806, weight=0.06798652617228483, feedback_data=None), MemoryEntry(event_type='shock', meaning_significance=0.36000000000000004, timestamp=1768902478.7792344, weight=0.019115724770682685, feedback_data=None), MemoryEntry(event_type='shock', meaning_significance=0.44999999999999996, timestamp=1768902478.9111326, weight=0.036281759266593785, feedback_data=None), MemoryEntry(event_type='shock', meaning_significance=0.4752, timestamp=1768902549.1871467, weight=0.043103891370436735, feedback_data=None), MemoryEntry(event_type='shock', meaning_significance=0.6264, timestamp=1768902549.1969779, weight=0.03867141260396906, feedback_data=None), MemoryEntry(event_type='shock', meaning_significance=0.27, timestamp=1768902568.3425727, weight=0.09818159460351052, feedback_data=None), MemoryEntry(event_type='shock', meaning_significance=0.18000000000000002, timestamp=1768902568.38488, weight=0.0679864831692119, feedback_data=None), MemoryEntry(event_type='shock', meaning_significance=0.36000000000000004, timestamp=1768902568.302264, weight=0.01911563647965061, feedback_data=None), MemoryEntry(event_type='shock', meaning_significance=0.44999999999999996, timestamp=1768902568.4706523, weight=0.03628174491996172, feedback_data=None), MemoryEntry(event_type='shock', meaning_significance=0.4752, timestamp=1768902651.9027212, weight=0.04310372592777873, feedback_data=None), MemoryEntry(event_type='shock', meaning_significance=0.6264, timestamp=1768902651.9164326, weight=0.03867124495206756, feedback_data=None), MemoryEntry(event_type='shock', meaning_significance=0.27, timestamp=1768902670.5987241, weight=0.09818145715221073, feedback_data=None), MemoryEntry(event_type='shock', meaning_significance=0.18000000000000002, timestamp=1768902670.6490762, weight=0.06798641964104811, feedback_data=None), MemoryEntry(event_type='shock', meaning_significance=0.36000000000000004, timestamp=1768902670.5495842, weight=0.019115572358190246, feedback_data=None), MemoryEntry(event_type='shock', meaning_significance=0.44999999999999996, timestamp=1768902670.7508917, weight=0.036281761451356705, feedback_data=None), MemoryEntry(event_type='shock', meaning_significance=0.27, timestamp=1768902760.962336, weight=0.09818130768449398, feedback_data=None), MemoryEntry(event_type='shock', meaning_significance=0.18000000000000002, timestamp=1768902761.0203614, weight=0.06798634633049074, feedback_data=None), MemoryEntry(event_type='shock', meaning_significance=0.36000000000000004, timestamp=1768902760.9041593, weight=0.019115486707534653, feedback_data=None), MemoryEntry(event_type='shock', meaning_significance=0.44999999999999996, timestamp=1768902761.140372, weight=0.03628174545896506, feedback_data=None), MemoryEntry(event_type='shock', meaning_significance=0.4752, timestamp=1768902840.0197117, weight=0.04310346494473468, feedback_data=None), MemoryEntry(event_type='shock', meaning_significance=0.6264, timestamp=1768902840.0372815, weight=0.038670880930378626, feedback_data=None), MemoryEntry(event_type='shock', meaning_significance=0.27, timestamp=1768902859.2444775, weight=0.09818085284456278, feedback_data=None), MemoryEntry(event_type='shock', meaning_significance=0.18000000000000002, timestamp=1768902859.312573, weight=0.06798607099235349, feedback_data=None), MemoryEntry(event_type='shock', meaning_significance=0.4752, timestamp=1768902931.270144, weight=0.04310366527267894, feedback_data=None), MemoryEntry(event_type='shock', meaning_significance=0.6264, timestamp=1768902931.2886963, weight=0.038671139149993976, feedback_data=None), MemoryEntry(event_type='shock', meaning_significance=0.27, timestamp=1768902950.5351775, weight=0.09818103282286303, feedback_data=None), MemoryEntry(event_type='shock', meaning_significance=0.18000000000000002, timestamp=1768902950.6090088, weight=0.06798621818677171, feedback_data=None), MemoryEntry(event_type='shock', meaning_significance=0.4752, timestamp=1768903053.4430244, weight=0.04310354252716943, feedback_data=None), MemoryEntry(event_type='shock', meaning_significance=0.6264, timestamp=1768903053.464048, weight=0.03867095555779356, feedback_data=None), MemoryEntry(event_type='shock', meaning_significance=0.27, timestamp=1768903072.6244884, weight=0.09818052149163127, feedback_data=None), MemoryEntry(event_type='shock', meaning_significance=0.18000000000000002, timestamp=1768903072.7619817, weight=0.06798611457962052, feedback_data=None), MemoryEntry(event_type='shock', meaning_significance=0.4752, timestamp=1768903228.3402276, weight=0.043103489017413975, feedback_data=None), MemoryEntry(event_type='shock', meaning_significance=0.6264, timestamp=1768903228.3658097, weight=0.038670744154701085, feedback_data=None), MemoryEntry(event_type='shock', meaning_significance=0.27, timestamp=1768903247.343969, weight=0.09818006643776502, feedback_data=None), MemoryEntry(event_type='shock', meaning_significance=0.18000000000000002, timestamp=1768903247.493263, weight=0.0679858458995784, feedback_data=None), MemoryEntry(event_type='shock', meaning_significance=0.4752, timestamp=1768903973.0954204, weight=0.04310342045516562, feedback_data=None), MemoryEntry(event_type='shock', meaning_significance=0.6264, timestamp=1768903973.1199546, weight=0.0386706081716138, feedback_data=None), MemoryEntry(event_type='shock', meaning_significance=0.27, timestamp=1768903992.484891, weight=0.09818052398177267, feedback_data=None), MemoryEntry(event_type='shock', meaning_significance=0.18000000000000002, timestamp=1768903992.58605, weight=0.0679859733522553, feedback_data=None), MemoryEntry(event_type='shock', meaning_significance=0.4752, timestamp=1768904081.5659008, weight=0.04310343075385383, feedback_data=None), MemoryEntry(event_type='shock', meaning_significance=0.6264, timestamp=1768904081.5927503, weight=0.03867074872700687, feedback_data=None), MemoryEntry(event_type='shock', meaning_significance=0.27, timestamp=1768904100.9056323, weight=0.09818052985000174, feedback_data=None), MemoryEntry(event_type='shock', meaning_significance=0.18000000000000002, timestamp=1768904101.0053253, weight=0.06798597164787896, feedback_data=None), MemoryEntry(event_type='shock', meaning_significance=0.4752, timestamp=1768904191.3817005, weight=0.04310298004560494, feedback_data=None), MemoryEntry(event_type='shock', meaning_significance=0.6264, timestamp=1768904191.4106138, weight=0.038670140104266844, feedback_data=None), MemoryEntry(event_type='shock', meaning_significance=0.27, timestamp=1768904210.7165408, weight=0.09818011915854402, feedback_data=None), MemoryEntry(event_type='shock', meaning_significance=0.18000000000000002, timestamp=1768904210.8797355, weight=0.06798593709699995, feedback_data=None), MemoryEntry(event_type='shock', meaning_significance=0.4752, timestamp=1768904302.1364894, weight=0.04310335650887035, feedback_data=None), MemoryEntry(event_type='shock', meaning_significance=0.6264, timestamp=1768904302.1673312, weight=0.038670663760121765, feedback_data=None), MemoryEntry(event_type='shock', meaning_significance=0.27, timestamp=1768904321.3493783, weight=0.09817994892972723, feedback_data=None), MemoryEntry(event_type='shock', meaning_significance=0.18000000000000002, timestamp=1768904321.4692092, weight=0.06798564861251491, feedback_data=None), MemoryEntry(event_type='shock', meaning_significance=0.4752, timestamp=1768904414.2946925, weight=0.04310334179203505, feedback_data=None), MemoryEntry(event_type='shock', meaning_significance=0.6264, timestamp=1768904414.3267047, weight=0.03867047882476134, feedback_data=None), MemoryEntry(event_type='shock', meaning_significance=0.27, timestamp=1768904433.5474217, weight=0.09817979016101008, feedback_data=None), MemoryEntry(event_type='shock', meaning_significance=0.18000000000000002, timestamp=1768904433.6721506, weight=0.06798555794198814, feedback_data=None), MemoryEntry(event_type='shock', meaning_significance=0.4752, timestamp=1768904534.8267047, weight=0.043103092043436625, feedback_data=None), MemoryEntry(event_type='shock', meaning_significance=0.6264, timestamp=1768904534.8577964, weight=0.03867009697169136, feedback_data=None), MemoryEntry(event_type='shock', meaning_significance=0.27, timestamp=1768904553.9491062, weight=0.09817906169967758, feedback_data=None), MemoryEntry(event_type='shock', meaning_significance=0.18000000000000002, timestamp=1768904554.1531034, weight=0.06798536537523484, feedback_data=None), MemoryEntry(event_type='shock', meaning_significance=0.6264, timestamp=1768904648.916649, weight=0.038670626735442526, feedback_data=None), MemoryEntry(event_type='shock', meaning_significance=0.27, timestamp=1768904668.3786428, weight=0.09817967905682737, feedback_data=None), MemoryEntry(event_type='shock', meaning_significance=0.18000000000000002, timestamp=1768904668.5178032, weight=0.06798553778461333, feedback_data=None), MemoryEntry(event_type='shock', meaning_significance=0.6264, timestamp=1768904766.3384624, weight=0.03867018790918932, feedback_data=None), MemoryEntry(event_type='shock', meaning_significance=0.27, timestamp=1768904785.268838, weight=0.09817920280059622, feedback_data=None), MemoryEntry(event_type='shock', meaning_significance=0.18000000000000002, timestamp=1768904785.473275, weight=0.06798546481326005, feedback_data=None), MemoryEntry(event_type='shock', meaning_significance=0.4752, timestamp=1768904881.2256377, weight=0.04310283436752607, feedback_data=None), MemoryEntry(event_type='shock', meaning_significance=0.6264, timestamp=1768904881.2607996, weight=0.03866975304293896, feedback_data=None), MemoryEntry(event_type='shock', meaning_significance=0.27, timestamp=1768904900.4875622, weight=0.09817931183088405, feedback_data=None), MemoryEntry(event_type='shock', meaning_significance=0.18000000000000002, timestamp=1768904900.63374, weight=0.06798531110321608, feedback_data=None), MemoryEntry(event_type='shock', meaning_significance=0.6264, timestamp=1768905051.5030398, weight=0.038670531982652336, feedback_data=None), MemoryEntry(event_type='shock', meaning_significance=0.27, timestamp=1768905070.748515, weight=0.09817916066895384, feedback_data=None), MemoryEntry(event_type='shock', meaning_significance=0.18000000000000002, timestamp=1768905070.9058857, weight=0.06798525046601891, feedback_data=None), MemoryEntry(event_type='shock', meaning_significance=0.4752, timestamp=1768905173.1079895, weight=0.04310300289734267, feedback_data=None), MemoryEntry(event_type='shock', meaning_significance=0.27, timestamp=1768905192.734209, weight=0.09817876150430747, feedback_data=None), MemoryEntry(event_type='shock', meaning_significance=0.18000000000000002, timestamp=1768905192.9360414, weight=0.06798514898346134, feedback_data=None), MemoryEntry(event_type='shock', meaning_significance=0.4752, timestamp=1768906187.098799, weight=0.043102876720549486, feedback_data=None), MemoryEntry(event_type='shock', meaning_significance=0.27, timestamp=1768906206.5517416, weight=0.09817857345299216, feedback_data=None), MemoryEntry(event_type='shock', meaning_significance=0.18000000000000002, timestamp=1768906206.7822373, weight=0.06798513153445174, feedback_data=None), MemoryEntry(event_type='shock', meaning_significance=0.4752, timestamp=1768906312.0392427, weight=0.04310303077008108, feedback_data=None), MemoryEntry(event_type='shock', meaning_significance=0.27, timestamp=1768906331.1786747, weight=0.09817921473539283, feedback_data=None), MemoryEntry(event_type='shock', meaning_significance=0.18000000000000002, timestamp=1768906331.3416443, weight=0.06798530993226684, feedback_data=None), MemoryEntry(event_type='shock', meaning_significance=0.4752, timestamp=1768906435.1101844, weight=0.04310294296698454, feedback_data=None), MemoryEntry(event_type='shock', meaning_significance=0.27, timestamp=1768906454.4590466, weight=0.09817838141054816, feedback_data=None), MemoryEntry(event_type='shock', meaning_significance=0.18000000000000002, timestamp=1768906454.6540518, weight=0.06798485892232796, feedback_data=None), MemoryEntry(event_type='shock', meaning_significance=0.4752, timestamp=1768906561.188841, weight=0.04310291769856094, feedback_data=None), MemoryEntry(event_type='shock', meaning_significance=0.27, timestamp=1768906580.602205, weight=0.09817847854541524, feedback_data=None), MemoryEntry(event_type='shock', meaning_significance=0.18000000000000002, timestamp=1768906580.8394632, weight=0.06798509241978622, feedback_data=None), MemoryEntry(event_type='shock', meaning_significance=0.4752, timestamp=1768906742.8781507, weight=0.04310300103753544, feedback_data=None), MemoryEntry(event_type='shock', meaning_significance=0.27, timestamp=1768906762.2020354, weight=0.0981783889830731, feedback_data=None), MemoryEntry(event_type='shock', meaning_significance=0.18000000000000002, timestamp=1768906762.4479196, weight=0.06798506433791782, feedback_data=None), MemoryEntry(event_type='shock', meaning_significance=0.4752, timestamp=1768906869.8724902, weight=0.043103010266050845, feedback_data=None), MemoryEntry(event_type='shock', meaning_significance=0.27, timestamp=1768906888.8803396, weight=0.09817848403571436, feedback_data=None), MemoryEntry(event_type='shock', meaning_significance=0.18000000000000002, timestamp=1768906889.12302, weight=0.06798511755376904, feedback_data=None), MemoryEntry(event_type='shock', meaning_significance=0.4752, timestamp=1768907008.8495934, weight=0.04310260842300576, feedback_data=None), MemoryEntry(event_type='shock', meaning_significance=0.27, timestamp=1768907027.9738657, weight=0.09817829284959907, feedback_data=None), MemoryEntry(event_type='shock', meaning_significance=0.18000000000000002, timestamp=1768907028.2289252, weight=0.06798503386686656, feedback_data=None), MemoryEntry(event_type='shock', meaning_significance=0.4752, timestamp=1768908081.3438668, weight=0.043102710117567763, feedback_data=None), MemoryEntry(event_type='shock', meaning_significance=0.4752, timestamp=1768908212.3384852, weight=0.043102726309628955, feedback_data=None), MemoryEntry(event_type='shock', meaning_significance=0.27, timestamp=1768908232.1530583, weight=0.09817822248215272, feedback_data=None), MemoryEntry(event_type='shock', meaning_significance=0.18000000000000002, timestamp=1768908232.4060955, weight=0.06798497718357668, feedback_data=None), MemoryEntry(event_type='shock', meaning_significance=0.4752, timestamp=1768908907.0052168, weight=0.04310273337473848, feedback_data=None), MemoryEntry(event_type='shock', meaning_significance=0.27, timestamp=1768908926.5854657, weight=0.09817825895586395, feedback_data=None), MemoryEntry(event_type='shock', meaning_significance=0.18000000000000002, timestamp=1768908926.8449311, weight=0.06798502773089825, feedback_data=None), MemoryEntry(event_type='shock', meaning_significance=0.4752, timestamp=1768909053.8878171, weight=0.04310278292147823, feedback_data=None), MemoryEntry(event_type='shock', meaning_significance=0.27, timestamp=1768909073.4843183, weight=0.09817830413119383, feedback_data=None), MemoryEntry(event_type='shock', meaning_significance=0.18000000000000002, timestamp=1768909073.6819105, weight=0.06798481558739487, feedback_data=None), MemoryEntry(event_type='shock', meaning_significance=0.4752, timestamp=1768909188.9875185, weight=0.043102840622298216, feedback_data=None), MemoryEntry(event_type='shock', meaning_significance=0.8, timestamp=1768917482.4845655, weight=1.0, feedback_data=None), MemoryEntry(event_type='shock', meaning_significance=0.6, timestamp=1768917482.4845724, weight=1.0, feedback_data=None)])">src/test/test_memory.py:468: in test_archive_memory_get_entries_by_type
    assert len(shock_entries) == 2
E   AssertionError: assert 129 == 2
E    +  where 129 = len([MemoryEntry(event_type='shock', meaning_significance=0.4752, timestamp=1768902192.7381802, weight=0.04310399125702878, feedback_data=None), MemoryEntry(event_type='shock', meaning_significance=0.6264, timestamp=1768902192.740484, weight=0.038671676735237796, feedback_data=None), MemoryEntry(event_type='shock', meaning_significance=0.27, timestamp=1768902211.7563572, weight=0.09818215494123667, feedback_data=None), MemoryEntry(event_type='shock', meaning_significance=0.18000000000000002, timestamp=1768902211.7654626, weight=0.06798674054918369, feedback_data=None), MemoryEntry(event_type='shock', meaning_significance=0.36000000000000004, timestamp=1768902211.7480996, weight=0.019115984329997324, feedback_data=None), MemoryEntry(event_type='shock', meaning_significance=0.44999999999999996, timestamp=1768902211.787966, weight=0.036281865446109014, feedback_data=None), MemoryEntry(event_type='shock', meaning_significance=0.6264, timestamp=1768902285.8869126, weight=0.03867139829352544, feedback_data=None), MemoryEntry(event_type='shock', meaning_significance=0.27, timestamp=1768902304.9723625, weight=0.09818201392764221, feedback_data=None), MemoryEntry(event_type='shock', meaning_significance=0.18000000000000002, timestamp=1768902304.9894147, weight=0.06798667416912092, feedback_data=None), MemoryEntry(event_type='shock', meaning_significance=0.36000000000000004, timestamp=1768902304.956248, weight=0.019115876532210137, feedback_data=None), MemoryEntry(event_type='shock', meaning_significance=0.44999999999999996, timestamp=1768902305.0268948, weight=0.036281790101012526, feedback_data=None), MemoryEntry(event_type='shock', meaning_significance=0.4752, timestamp=1768902376.0435035, weight=0.04310395722217239, feedback_data=None), MemoryEntry(event_type='shock', meaning_significance=0.6264, timestamp=1768902376.0495539, weight=0.03867161132117136, feedback_data=None), MemoryEntry(event_type='shock', meaning_significance=0.27, timestamp=1768902394.6840339, weight=0.09818187680564386, feedback_data=None), MemoryEntry(event_type='shock', meaning_significance=0.18000000000000002, timestamp=1768902394.708139, weight=0.06798660696704847, feedback_data=None), MemoryEntry(event_type='shock', meaning_significance=0.36000000000000004, timestamp=1768902394.6612918, weight=0.019115821693259056, feedback_data=None), MemoryEntry(event_type='shock', meaning_significance=0.44999999999999996, timestamp=1768902394.7616873, weight=0.036281810938673775, feedback_data=None), MemoryEntry(event_type='shock', meaning_significance=0.4752, timestamp=1768902459.6276526, weight=0.04310389943074829, feedback_data=None), MemoryEntry(event_type='shock', meaning_significance=0.6264, timestamp=1768902459.6360626, weight=0.03867151779845697, feedback_data=None), MemoryEntry(event_type='shock', meaning_significance=0.27, timestamp=1768902478.8110123, weight=0.09818171260898025, feedback_data=None), MemoryEntry(event_type='shock', meaning_significance=0.18000000000000002, timestamp=1768902478.8434806, weight=0.06798652617228483, feedback_data=None), MemoryEntry(event_type='shock', meaning_significance=0.36000000000000004, timestamp=1768902478.7792344, weight=0.019115724770682685, feedback_data=None), MemoryEntry(event_type='shock', meaning_significance=0.44999999999999996, timestamp=1768902478.9111326, weight=0.036281759266593785, feedback_data=None), MemoryEntry(event_type='shock', meaning_significance=0.4752, timestamp=1768902549.1871467, weight=0.043103891370436735, feedback_data=None), MemoryEntry(event_type='shock', meaning_significance=0.6264, timestamp=1768902549.1969779, weight=0.03867141260396906, feedback_data=None), MemoryEntry(event_type='shock', meaning_significance=0.27, timestamp=1768902568.3425727, weight=0.09818159460351052, feedback_data=None), MemoryEntry(event_type='shock', meaning_significance=0.18000000000000002, timestamp=1768902568.38488, weight=0.0679864831692119, feedback_data=None), MemoryEntry(event_type='shock', meaning_significance=0.36000000000000004, timestamp=1768902568.302264, weight=0.01911563647965061, feedback_data=None), MemoryEntry(event_type='shock', meaning_significance=0.44999999999999996, timestamp=1768902568.4706523, weight=0.03628174491996172, feedback_data=None), MemoryEntry(event_type='shock', meaning_significance=0.4752, timestamp=1768902651.9027212, weight=0.04310372592777873, feedback_data=None), MemoryEntry(event_type='shock', meaning_significance=0.6264, timestamp=1768902651.9164326, weight=0.03867124495206756, feedback_data=None), MemoryEntry(event_type='shock', meaning_significance=0.27, timestamp=1768902670.5987241, weight=0.09818145715221073, feedback_data=None), MemoryEntry(event_type='shock', meaning_significance=0.18000000000000002, timestamp=1768902670.6490762, weight=0.06798641964104811, feedback_data=None), MemoryEntry(event_type='shock', meaning_significance=0.36000000000000004, timestamp=1768902670.5495842, weight=0.019115572358190246, feedback_data=None), MemoryEntry(event_type='shock', meaning_significance=0.44999999999999996, timestamp=1768902670.7508917, weight=0.036281761451356705, feedback_data=None), MemoryEntry(event_type='shock', meaning_significance=0.27, timestamp=1768902760.962336, weight=0.09818130768449398, feedback_data=None), MemoryEntry(event_type='shock', meaning_significance=0.18000000000000002, timestamp=1768902761.0203614, weight=0.06798634633049074, feedback_data=None), MemoryEntry(event_type='shock', meaning_significance=0.36000000000000004, timestamp=1768902760.9041593, weight=0.019115486707534653, feedback_data=None), MemoryEntry(event_type='shock', meaning_significance=0.44999999999999996, timestamp=1768902761.140372, weight=0.03628174545896506, feedback_data=None), MemoryEntry(event_type='shock', meaning_significance=0.4752, timestamp=1768902840.0197117, weight=0.04310346494473468, feedback_data=None), MemoryEntry(event_type='shock', meaning_significance=0.6264, timestamp=1768902840.0372815, weight=0.038670880930378626, feedback_data=None), MemoryEntry(event_type='shock', meaning_significance=0.27, timestamp=1768902859.2444775, weight=0.09818085284456278, feedback_data=None), MemoryEntry(event_type='shock', meaning_significance=0.18000000000000002, timestamp=1768902859.312573, weight=0.06798607099235349, feedback_data=None), MemoryEntry(event_type='shock', meaning_significance=0.4752, timestamp=1768902931.270144, weight=0.04310366527267894, feedback_data=None), MemoryEntry(event_type='shock', meaning_significance=0.6264, timestamp=1768902931.2886963, weight=0.038671139149993976, feedback_data=None), MemoryEntry(event_type='shock', meaning_significance=0.27, timestamp=1768902950.5351775, weight=0.09818103282286303, feedback_data=None), MemoryEntry(event_type='shock', meaning_significance=0.18000000000000002, timestamp=1768902950.6090088, weight=0.06798621818677171, feedback_data=None), MemoryEntry(event_type='shock', meaning_significance=0.4752, timestamp=1768903053.4430244, weight=0.04310354252716943, feedback_data=None), MemoryEntry(event_type='shock', meaning_significance=0.6264, timestamp=1768903053.464048, weight=0.03867095555779356, feedback_data=None), MemoryEntry(event_type='shock', meaning_significance=0.27, timestamp=1768903072.6244884, weight=0.09818052149163127, feedback_data=None), MemoryEntry(event_type='shock', meaning_significance=0.18000000000000002, timestamp=1768903072.7619817, weight=0.06798611457962052, feedback_data=None), MemoryEntry(event_type='shock', meaning_significance=0.4752, timestamp=1768903228.3402276, weight=0.043103489017413975, feedback_data=None), MemoryEntry(event_type='shock', meaning_significance=0.6264, timestamp=1768903228.3658097, weight=0.038670744154701085, feedback_data=None), MemoryEntry(event_type='shock', meaning_significance=0.27, timestamp=1768903247.343969, weight=0.09818006643776502, feedback_data=None), MemoryEntry(event_type='shock', meaning_significance=0.18000000000000002, timestamp=1768903247.493263, weight=0.0679858458995784, feedback_data=None), MemoryEntry(event_type='shock', meaning_significance=0.4752, timestamp=1768903973.0954204, weight=0.04310342045516562, feedback_data=None), MemoryEntry(event_type='shock', meaning_significance=0.6264, timestamp=1768903973.1199546, weight=0.0386706081716138, feedback_data=None), MemoryEntry(event_type='shock', meaning_significance=0.27, timestamp=1768903992.484891, weight=0.09818052398177267, feedback_data=None), MemoryEntry(event_type='shock', meaning_significance=0.18000000000000002, timestamp=1768903992.58605, weight=0.0679859733522553, feedback_data=None), MemoryEntry(event_type='shock', meaning_significance=0.4752, timestamp=1768904081.5659008, weight=0.04310343075385383, feedback_data=None), MemoryEntry(event_type='shock', meaning_significance=0.6264, timestamp=1768904081.5927503, weight=0.03867074872700687, feedback_data=None), MemoryEntry(event_type='shock', meaning_significance=0.27, timestamp=1768904100.9056323, weight=0.09818052985000174, feedback_data=None), MemoryEntry(event_type='shock', meaning_significance=0.18000000000000002, timestamp=1768904101.0053253, weight=0.06798597164787896, feedback_data=None), MemoryEntry(event_type='shock', meaning_significance=0.4752, timestamp=1768904191.3817005, weight=0.04310298004560494, feedback_data=None), MemoryEntry(event_type='shock', meaning_significance=0.6264, timestamp=1768904191.4106138, weight=0.038670140104266844, feedback_data=None), MemoryEntry(event_type='shock', meaning_significance=0.27, timestamp=1768904210.7165408, weight=0.09818011915854402, feedback_data=None), MemoryEntry(event_type='shock', meaning_significance=0.18000000000000002, timestamp=1768904210.8797355, weight=0.06798593709699995, feedback_data=None), MemoryEntry(event_type='shock', meaning_significance=0.4752, timestamp=1768904302.1364894, weight=0.04310335650887035, feedback_data=None), MemoryEntry(event_type='shock', meaning_significance=0.6264, timestamp=1768904302.1673312, weight=0.038670663760121765, feedback_data=None), MemoryEntry(event_type='shock', meaning_significance=0.27, timestamp=1768904321.3493783, weight=0.09817994892972723, feedback_data=None), MemoryEntry(event_type='shock', meaning_significance=0.18000000000000002, timestamp=1768904321.4692092, weight=0.06798564861251491, feedback_data=None), MemoryEntry(event_type='shock', meaning_significance=0.4752, timestamp=1768904414.2946925, weight=0.04310334179203505, feedback_data=None), MemoryEntry(event_type='shock', meaning_significance=0.6264, timestamp=1768904414.3267047, weight=0.03867047882476134, feedback_data=None), MemoryEntry(event_type='shock', meaning_significance=0.27, timestamp=1768904433.5474217, weight=0.09817979016101008, feedback_data=None), MemoryEntry(event_type='shock', meaning_significance=0.18000000000000002, timestamp=1768904433.6721506, weight=0.06798555794198814, feedback_data=None), MemoryEntry(event_type='shock', meaning_significance=0.4752, timestamp=1768904534.8267047, weight=0.043103092043436625, feedback_data=None), MemoryEntry(event_type='shock', meaning_significance=0.6264, timestamp=1768904534.8577964, weight=0.03867009697169136, feedback_data=None), MemoryEntry(event_type='shock', meaning_significance=0.27, timestamp=1768904553.9491062, weight=0.09817906169967758, feedback_data=None), MemoryEntry(event_type='shock', meaning_significance=0.18000000000000002, timestamp=1768904554.1531034, weight=0.06798536537523484, feedback_data=None), MemoryEntry(event_type='shock', meaning_significance=0.6264, timestamp=1768904648.916649, weight=0.038670626735442526, feedback_data=None), MemoryEntry(event_type='shock', meaning_significance=0.27, timestamp=1768904668.3786428, weight=0.09817967905682737, feedback_data=None), MemoryEntry(event_type='shock', meaning_significance=0.18000000000000002, timestamp=1768904668.5178032, weight=0.06798553778461333, feedback_data=None), MemoryEntry(event_type='shock', meaning_significance=0.6264, timestamp=1768904766.3384624, weight=0.03867018790918932, feedback_data=None), MemoryEntry(event_type='shock', meaning_significance=0.27, timestamp=1768904785.268838, weight=0.09817920280059622, feedback_data=None), MemoryEntry(event_type='shock', meaning_significance=0.18000000000000002, timestamp=1768904785.473275, weight=0.06798546481326005, feedback_data=None), MemoryEntry(event_type='shock', meaning_significance=0.4752, timestamp=1768904881.2256377, weight=0.04310283436752607, feedback_data=None), MemoryEntry(event_type='shock', meaning_significance=0.6264, timestamp=1768904881.2607996, weight=0.03866975304293896, feedback_data=None), MemoryEntry(event_type='shock', meaning_significance=0.27, timestamp=1768904900.4875622, weight=0.09817931183088405, feedback_data=None), MemoryEntry(event_type='shock', meaning_significance=0.18000000000000002, timestamp=1768904900.63374, weight=0.06798531110321608, feedback_data=None), MemoryEntry(event_type='shock', meaning_significance=0.6264, timestamp=1768905051.5030398, weight=0.038670531982652336, feedback_data=None), MemoryEntry(event_type='shock', meaning_significance=0.27, timestamp=1768905070.748515, weight=0.09817916066895384, feedback_data=None), MemoryEntry(event_type='shock', meaning_significance=0.18000000000000002, timestamp=1768905070.9058857, weight=0.06798525046601891, feedback_data=None), MemoryEntry(event_type='shock', meaning_significance=0.4752, timestamp=1768905173.1079895, weight=0.04310300289734267, feedback_data=None), MemoryEntry(event_type='shock', meaning_significance=0.27, timestamp=1768905192.734209, weight=0.09817876150430747, feedback_data=None), MemoryEntry(event_type='shock', meaning_significance=0.18000000000000002, timestamp=1768905192.9360414, weight=0.06798514898346134, feedback_data=None), MemoryEntry(event_type='shock', meaning_significance=0.4752, timestamp=1768906187.098799, weight=0.043102876720549486, feedback_data=None), MemoryEntry(event_type='shock', meaning_significance=0.27, timestamp=1768906206.5517416, weight=0.09817857345299216, feedback_data=None), MemoryEntry(event_type='shock', meaning_significance=0.18000000000000002, timestamp=1768906206.7822373, weight=0.06798513153445174, feedback_data=None), MemoryEntry(event_type='shock', meaning_significance=0.4752, timestamp=1768906312.0392427, weight=0.04310303077008108, feedback_data=None), MemoryEntry(event_type='shock', meaning_significance=0.27, timestamp=1768906331.1786747, weight=0.09817921473539283, feedback_data=None), MemoryEntry(event_type='shock', meaning_significance=0.18000000000000002, timestamp=1768906331.3416443, weight=0.06798530993226684, feedback_data=None), MemoryEntry(event_type='shock', meaning_significance=0.4752, timestamp=1768906435.1101844, weight=0.04310294296698454, feedback_data=None), MemoryEntry(event_type='shock', meaning_significance=0.27, timestamp=1768906454.4590466, weight=0.09817838141054816, feedback_data=None), MemoryEntry(event_type='shock', meaning_significance=0.18000000000000002, timestamp=1768906454.6540518, weight=0.06798485892232796, feedback_data=None), MemoryEntry(event_type='shock', meaning_significance=0.4752, timestamp=1768906561.188841, weight=0.04310291769856094, feedback_data=None), MemoryEntry(event_type='shock', meaning_significance=0.27, timestamp=1768906580.602205, weight=0.09817847854541524, feedback_data=None), MemoryEntry(event_type='shock', meaning_significance=0.18000000000000002, timestamp=1768906580.8394632, weight=0.06798509241978622, feedback_data=None), MemoryEntry(event_type='shock', meaning_significance=0.4752, timestamp=1768906742.8781507, weight=0.04310300103753544, feedback_data=None), MemoryEntry(event_type='shock', meaning_significance=0.27, timestamp=1768906762.2020354, weight=0.0981783889830731, feedback_data=None), MemoryEntry(event_type='shock', meaning_significance=0.18000000000000002, timestamp=1768906762.4479196, weight=0.06798506433791782, feedback_data=None), MemoryEntry(event_type='shock', meaning_significance=0.4752, timestamp=1768906869.8724902, weight=0.043103010266050845, feedback_data=None), MemoryEntry(event_type='shock', meaning_significance=0.27, timestamp=1768906888.8803396, weight=0.09817848403571436, feedback_data=None), MemoryEntry(event_type='shock', meaning_significance=0.18000000000000002, timestamp=1768906889.12302, weight=0.06798511755376904, feedback_data=None), MemoryEntry(event_type='shock', meaning_significance=0.4752, timestamp=1768907008.8495934, weight=0.04310260842300576, feedback_data=None), MemoryEntry(event_type='shock', meaning_significance=0.27, timestamp=1768907027.9738657, weight=0.09817829284959907, feedback_data=None), MemoryEntry(event_type='shock', meaning_significance=0.18000000000000002, timestamp=1768907028.2289252, weight=0.06798503386686656, feedback_data=None), MemoryEntry(event_type='shock', meaning_significance=0.4752, timestamp=1768908081.3438668, weight=0.043102710117567763, feedback_data=None), MemoryEntry(event_type='shock', meaning_significance=0.4752, timestamp=1768908212.3384852, weight=0.043102726309628955, feedback_data=None), MemoryEntry(event_type='shock', meaning_significance=0.27, timestamp=1768908232.1530583, weight=0.09817822248215272, feedback_data=None), MemoryEntry(event_type='shock', meaning_significance=0.18000000000000002, timestamp=1768908232.4060955, weight=0.06798497718357668, feedback_data=None), MemoryEntry(event_type='shock', meaning_significance=0.4752, timestamp=1768908907.0052168, weight=0.04310273337473848, feedback_data=None), MemoryEntry(event_type='shock', meaning_significance=0.27, timestamp=1768908926.5854657, weight=0.09817825895586395, feedback_data=None), MemoryEntry(event_type='shock', meaning_significance=0.18000000000000002, timestamp=1768908926.8449311, weight=0.06798502773089825, feedback_data=None), MemoryEntry(event_type='shock', meaning_significance=0.4752, timestamp=1768909053.8878171, weight=0.04310278292147823, feedback_data=None), MemoryEntry(event_type='shock', meaning_significance=0.27, timestamp=1768909073.4843183, weight=0.09817830413119383, feedback_data=None), MemoryEntry(event_type='shock', meaning_significance=0.18000000000000002, timestamp=1768909073.6819105, weight=0.06798481558739487, feedback_data=None), MemoryEntry(event_type='shock', meaning_significance=0.4752, timestamp=1768909188.9875185, weight=0.043102840622298216, feedback_data=None), MemoryEntry(event_type='shock', meaning_significance=0.8, timestamp=1768917482.4845655, weight=1.0, feedback_data=None), MemoryEntry(event_type='shock', meaning_significance=0.6, timestamp=1768917482.4845724, weight=1.0, feedback_data=None)])</failure></testcase><testcase classname="src.test.test_memory.TestArchiveMemory" name="test_archive_memory_get_entries_by_significance" time="0.043"><failure message="AssertionError: assert 138 == 2&#10; +  where 138 = len([MemoryEntry(event_type='old', meaning_significance=0.5, timestamp=1768210967.0607967, weight=0.5, feedback_data=None), MemoryEntry(event_type='test', meaning_significance=0.5, timestamp=1768210967.1471317, weight=0.5, feedback_data=None), MemoryEntry(event_type='shock', meaning_significance=0.6264, timestamp=1768902192.740484, weight=0.038671676735237796, feedback_data=None), MemoryEntry(event_type='old', meaning_significance=0.5, timestamp=1768211060.370798, weight=0.5, feedback_data=None), MemoryEntry(event_type='test', meaning_significance=0.5, timestamp=1768211060.482397, weight=0.5, feedback_data=None), MemoryEntry(event_type='shock', meaning_significance=0.6264, timestamp=1768902285.8869126, weight=0.03867139829352544, feedback_data=None), MemoryEntry(event_type='old', meaning_significance=0.5, timestamp=1768211150.2397006, weight=0.5, feedback_data=None), MemoryEntry(event_type='test', meaning_significance=0.5, timestamp=1768211150.3143623, weight=0.5, feedback_data=None), MemoryEntry(event_type='shock', meaning_significance=0.6264, timestamp=1768902376.0495539, weight=0.03867161132117136, feedback_data=None), MemoryEntry(event_type='old', meaning_significance=0.5, timestamp=1768211233.7087436, weight=0.5, feedback_data=None), MemoryEntry(event_type='test', meaning_significance=0.5, timestamp=1768211233.8479517, weight=0.5, feedback_data=None), MemoryEntry(event_type='shock', meaning_significance=0.6264, timestamp=1768902459.6360626, weight=0.03867151779845697, feedback_data=None), MemoryEntry(event_type='old', meaning_significance=0.5, timestamp=1768211322.2614815, we
[...]
You need to install a suitable plugin for your async framework, for example:
  - anyio
  - pytest-asyncio
  - pytest-tornasync
  - pytest-trio
  - pytest-twisted</failure></testcase><testcase classname="src.test.test_mcp_server" name="test_list_todo" time="0.001"><failure message="Failed: async def functions are not natively supported.&#10;You need to install a suitable plugin for your async framework, for example:&#10;  - anyio&#10;  - pytest-asyncio&#10;  - pytest-tornasync&#10;  - pytest-trio&#10;  - pytest-twisted">async def functions are not natively supported.
You need to install a suitable plugin for your async framework, for example:
  - anyio
  - pytest-asyncio
  - pytest-tornasync
  - pytest-trio
  - pytest-twisted</failure></testcase><testcase classname="src.test.test_mcp_server" name="test_get_todo_content" time="0.001"><failure message="Failed: async def functions are not natively supported.&#10;You need to install a suitable plugin for your async framework, for example:&#10;  - anyio&#10;  - pytest-asyncio&#10;  - pytest-tornasync&#10;  - pytest-trio&#10;  - pytest-twisted">async def functions are not natively supported.
You need to install a suitable plugin for your async framework, for example:
  - anyio
  - pytest-asyncio
  - pytest-tornasync
  - pytest-trio
  - pytest-twisted</failure></testcase><testcase classname="src.test.test_mcp_server" name="test_refresh_index" time="0.001"><failure message="Failed: async def functions are not natively supported.&#10;You need to install a suitable plugin for your async framework, for example:&#10;  - anyio&#10;  - pytest-asyncio&#10;  - pytest-tornasync&#10;  - pytest-trio&#10;  - pytest-twisted">async def functions are not natively supported.
You need to install a suitable plugin for your async framework, for example:
  - anyio
  - pytest-asyncio
  - pytest-tornasync
  - pytest-trio
  - pytest-twisted</failure></testcase><testcase classname="src.test.test_mcp_server" name="test_refresh_index_statistics" time="0.001"><failure message="Failed: async def functions are not natively supported.&#10;You need to install a suitable plugin for your async framework, for example:&#10;  - anyio&#10;  - pytest-asyncio&#10;  - pytest-tornasync&#10;  - pytest-trio&#10;  - pytest-twisted">async def functions are not natively supported.
You need to install a suitable plugin for your async framework, for example:
  - anyio
  - pytest-asyncio
  - pytest-tornasync
  - pytest-trio
  - pytest-twisted</failure></testcase><testcase classname="src.test.test_mcp_server" name="test_refresh_index_timing" time="0.001"><failure message="Failed: async def functions are not natively supported.&#10;You need to install a suitable plugin for your async framework, for example:&#10;  - anyio&#10;  - pytest-asyncio&#10;  - pytest-tornasync&#10;  - pytest-trio&#10;  - pytest-twisted">async def functions are not natively supported.
You need to install a suitable plugin for your async framework, for example:
  - anyio
  - pytest-asyncio
  - pytest-tornasync
  - pytest-trio
  - pytest-twisted</failure></testcase><testcase classname="src.test.test_mcp_server" name="test_mcp_server_init" time="0.001"><failure message="Failed: async def functions are not natively supported.&#10;You need to install a suitable plugin for your async framework, for example:&#10;  - anyio&#10;  - pytest-asyncio&#10;  - pytest-tornasync&#10;  - pytest-trio&#10;  - pytest-twisted">async def functions are not natively supported.
You need to install a suitable plugin for your async framework, for example:
  - anyio
  - pytest-asyncio
  - pytest-tornasync
  - pytest-trio
  - pytest-twisted</failure></testcase><testcase classname="src.test.test_new_functionality_integration.TestNewFunctionalityIntegration" name="test_learning_adaptation_in_runtime_loop" time="0.462" /><testcase classname="src.test.test_new_functionality_integration.TestNewFunctionalityIntegration" name="test_meaning_learning_integration_in_runtime" time="0.354" /><testcase classname="src.test.test_new_functionality_integration.TestNewFunctionalityIntegration" name="test_full_event_processing_chain" time="0.247" /><testcase classname="src.test.test_new_functionality_integration.TestNewFunctionalityIntegration" name="test_learning_frequency_in_runtime" time="0.346" /><testcase classname="src.test.test_new_functionality_integration.TestNewFunctionalityIntegration" name="test_adaptation_reaction_to_learning_changes" time="0.456" /><testcase classname="src.test.test_new_functionality_integration.TestNewFunctionalityIntegration" name="test_learning_with_feedback_integration" time="0.257" /><testcase classname="src.test.test_new_functionality_integration.TestNewFunctionalityIntegration" name="test_memory_learning_adaptation_chain" time="0.040" /><testcase classname="src.test.test_new_functionality_integration.TestNewFunctionalityIntegration" name="test_long_term_memory_integration" time="0.249" /><testcase classname="src.test.test_new_functionality_integration.TestNewFunctionalityIntegration" name="test_state_persistence_with_new_modules" time="0.551" /><testcase classname="src.test.test_new_functionality_integration.TestNewFunctionalityIntegration" name="test_snapshot_recovery_integration" time="0.363" /><testcase classname="src.test.test_new_functionality_integration.TestNewFunctionalityIntegration" name="test_concurrent_event_processing" time="1.518" /><testcase classname="src.test.test_new_functionality_integration.TestNewFunctionalityIntegration" name="test_runtime_loop_stability_under_load" time="1.690" /><testcase classname="src.test.test_new_functionality_integration.TestNewFunctionalityIntegration" name="test_end_to_end_event_response_cycle" time="0.520" /><testcase classname="src.test.test_new_functionality_integration.TestNewFunctionalityIntegration" name="test_system_adaptation_over_time" time="0.694" /><testcase classname="src.test.test_new_functionality_integration.TestNewFunctionalityIntegration" name="test_recovery_and_learning_from_experience" time="0.780" /><testcase classname="src.test.test_new_functionality_smoke.TestNewFunctionalitySmoke" name="test_learning_engine_instantiation" time="0.064" /><testcase classname="src.test.test_new_functionality_smoke.TestNewFunctionalitySmoke" name="test_learning_process_statistics_empty_memory" time="0.063" /><testcase classname="src.test.test_new_functionality_smoke.TestNewFunctionalitySmoke" name="test_learning_adjust_parameters_empty_data" time="0.107" /><testcase classname="src.test.test_new_functionality_smoke.TestNewFunctionalitySmoke" name="test_learning_record_changes_empty_params" time="0.255" /><testcase classname="src.test.test_new_functionality_smoke.TestNewFunctionalitySmoke" name="test_learning_full_cycle_empty_data" time="0.190" /><testcase classname="src.test.test_new_functionality_smoke.TestNewFunctionalitySmoke" name="test_learning_minimal_memory" time="0.189" /><testcase classname="src.test.test_new_functionality_smoke.TestNewFunctionalitySmoke" name="test_learning_boundary_values" time="0.252" /><testcase classname="src.test.test_new_functionality_smoke.TestNewFunctionalitySmoke" name="test_learning_with_feedback_data" time="0.203" /><testcase classname="src.test.test_new_functionality_smoke.TestNewFunctionalitySmoke" name="test_adaptation_manager_instantiation" time="0.001" /><testcase classname="src.test.test_new_functionality_smoke.TestNewFunctionalitySmoke" name="test_adaptation_analyze_changes_empty_history" time="0.003" /><testcase classname="src.test.test_new_functionality_smoke.TestNewFunctionalitySmoke" name="test_adaptation_apply_adaptation_initialization" time="0.039" /><testcase classname="src.test.test_new_functionality_smoke.TestNewFunctionalitySmoke" name="test_adaptation_store_history_empty_params" time="0.040" /><testcase classname="src.test.test_new_functionality_smoke.TestNewFunctionalitySmoke" name="test_adaptation_full_cycle_minimal_data" time="0.038" /><testcase classname="src.test.test_new_functionality_smoke.TestNewFunctionalitySmoke" name="test_adaptation_boundary_values" time="0.101" /><testcase classname="src.test.test_new_functionality_smoke.TestNewFunctionalitySmoke" name="test_adaptation_with_existing_params" time="0.039" /><testcase classname="src.test.test_new_functionality_smoke.TestNewFunctionalitySmoke" name="test_meaning_engine_instantiation" time="0.001" /><testcase classname="src.test.test_new_functionality_smoke.TestNewFunctionalitySmoke" name="test_meaning_appraisal_basic_event" time="0.001" /><testcase classname="src.test.test_new_functionality_smoke.TestNewFunctionalitySmoke" name="test_meaning_impact_model_basic_event" time="0.001" /><testcase classname="src.test.test_new_functionality_smoke.TestNewFunctionalitySmoke" name="test_meaning_response_pattern_basic_event" time="0.001" /><testcase classname="src.test.test_new_functionality_smoke.TestNewFunctionalitySmoke" name="test_meaning_process_basic_event" time="0.001" /><testcase classname="src.test.test_new_functionality_smoke.TestNewFunctionalitySmoke" name="test_meaning_engine_different_event_types" time="0.001" /><testcase classname="src.test.test_new_functionality_smoke.TestNewFunctionalitySmoke" name="test_meaning_engine_boundary_intensity" time="0.001" /><testcase classname="src.test.test_new_functionality_smoke.TestNewFunctionalitySmoke" name="test_meaning_engine_boundary_state" time="0.001" /><testcase classname="src.test.test_new_functionality_smoke.TestNewFunctionalitySmoke" name="test_meaning_engine_low_significance_ignore" time="0.001" /><testcase classname="src.test.test_new_functionality_smoke.TestNewFunctionalitySmoke" name="test_learning_adaptation_integration_smoke" time="0.040" /><testcase classname="src.test.test_new_functionality_smoke.TestNewFunctionalitySmoke" name="test_meaning_learning_integration_smoke" time="0.041" /><testcase classname="src.test.test_new_functionality_smoke.TestNewFunctionalitySmoke" name="test_full_chain_smoke" time="0.103" /><testcase classname="src.test.test_new_functionality_smoke.TestNewFunctionalitySmoke" name="test_all_modules_with_empty_state" time="0.041" /><testcase classname="src.test.test_new_functionality_static.TestNewFunctionalityStatic" name="test_learning_engine_structure" time="0.001" /><testcase classname="src.test.test_new_functionality_static.TestNewFunctionalityStatic" name="test_learning_engine_constants" time="0.001" /><testcase classname="src.test.test_new_functionality_static.TestNewFunctionalityStatic" name="test_learning_engine_method_signatures" time="0.001" /><testcase classname="src.test.test_new_functionality_static.TestNewFunctionalityStatic" name="test_learning_engine_return_types" time="0.001" /><testcase classname="src.test.test_new_functionality_static.TestNewFunctionalityStatic" name="test_learning_engine_private_methods" time="0.001" /><testcase classname="src.test.test_new_functionality_static.TestNewFunctionalityStatic" name="test_adaptation_manager_structure" time="0.001" /><testcase classname="src.test.test_new_functionality_static.TestNewFunctionalityStatic" name="test_adaptation_manager_constants" time="0.001" /><testcase classname="src.test.test_new_functionality_static.TestNewFunctionalityStatic" name="test_adaptation_manager_method_signatures" time="0.001" /><testcase classname="src.test.test_new_functionality_static.TestNewFunctionalityStatic" name="test_adaptation_manager_return_types" time="0.001" /><testcase classname="src.test.test_new_functionality_static.TestNewFunctionalityStatic" name="test_adaptation_manager_private_methods" time="0.001" /><testcase classname="src.test.test_new_functionality_static.TestNewFunctionalityStatic" name="test_meaning_engine_structure" time="0.001" /><testcase classname="src.test.test_new_functionality_static.TestNewFunctionalityStatic" name="test_meaning_engine_constants" time="0.001" /><testcase classname="src.test.test_new_functionality_static.TestNewFunctionalityStatic" name="test_meaning_engine_method_signatures" time="0.001" /><testcase classname="src.test.test_new_functionality_static.TestNewFunctionalityStatic" name="test_meaning_engine_return_types" time="0.001" /><testcase classname="src.test.test_new_functionality_static.TestNewFunctionalityStatic" name="test_learning_no_optimization_methods" time="0.001" /><testcase classname="src.test.test_new_functionality_static.TestNewFunctionalityStatic" name="test_adaptation_no_optimization_methods" time="0.001" /><testcase classname="src.test.test_new_functionality_static.TestNewFunctionalityStatic" name="test_learning_no_goals_or_rewards" time="0.011" /><testcase classname="src.test.test_new_functionality_static.TestNewFunctionalityStatic" name="test_adaptation_no_goals_or_rewards" time="0.013" /><testcase classname="src.test.test_new_functionality_static.TestNewFunctionalityStatic" name="test_adaptation_no_direct_decision_action_control" time="0.013" /><testcase classname="src.test.test_new_functionality_static.TestNewFunctionalityStatic" name="test_learning_slow_changes_enforced" time="0.001" /><testcase classname="src.test.test_new_functionality_static.TestNewFunctionalityStatic" name="test_adaptation_slow_changes_enforced" time="0.001" /><testcase classname="src.test.test_new_functionality_static.TestNewFunctionalityStatic" name="test_learning_forbidden_patterns" time="0.011" /><testcase classname="src.test.test_new_functionality_static.TestNewFunctionalityStatic" name="test_adaptation_forbidden_patterns" time="0.013" /><testcase classname="src.test.test_new_functionality_static.TestNewFunctionalityStatic" name="test_meaning_engine_type_weights" time="0.013" /><testcase classname="src.test.test_new_functionality_static.TestNewFunctionalityStatic" name="test_meaning_engine_base_impacts" time="0.010" /><testcase classname="src.test.test_new_functionality_static.TestNewFunctionalityStatic" name="test_meaning_engine_response_patterns" time="0.010" /><testcase classname="src.test.test_new_functionality_static.TestNewFunctionalityStatic" name="test_learning_source_code_analysis" time="0.009" /><testcase classname="src.test.test_new_functionality_static.TestNewFunctionalityStatic" name="test_adaptation_source_code_analysis" time="0.011" /><testcase classname="src.test.test_new_functionality_static.TestNewFunctionalityStatic" name="test_imports_structure" time="0.001" /><testcase classname="src.test.test_new_functionality_static.TestNewFunctionalityStatic" name="test_class_inheritance" time="0.001" /><testcase classname="src.test.test_new_functionality_static.TestNewFunctionalityStatic" name="test_docstrings_presence" time="0.001" /><testcase classname="src.test.test_runtime_loop_managers.TestSnapshotManager" name="test_should_snapshot_period" time="0.001" /><testcase classname="src.test.test_runtime_loop_managers.TestSnapshotManager" name="test_maybe_snapshot_calls_saver" time="0.041" /><testcase classname="src.test.test_runtime_loop_managers.TestSnapshotManager" name="test_maybe_snapshot_skips_when_not_needed" time="0.112" /><testcase classname="src.test.test_runtime_loop_managers.TestSnapshotManager" name="test_maybe_snapshot_handles_errors" time="0.041" /><testcase classname="src.test.test_runtime_loop_managers.TestSnapshotManager" name="test_snapshot_manager_validation" time="0.001" /><testcase classname="src.test.test_runtime_loop_managers.TestSnapshotManager" name="test_maybe_snapshot_rejects_none_state" time="0.001" /><testcase classname="src.test.test_runtime_loop_managers.TestLogManager" name="test_flush_on_shutdown" time="0.039" /><testcase classname="src.test.test_runtime_loop_managers.TestLogManager" name="test_flush_on_exception" time="0.039" /><testcase classname="src.test.test_runtime_loop_managers.TestLogManager" name="test_flush_not_on_exception_if_disabled" time="0.105" /><testcase classname="src.test.test_runtime_loop_managers.TestLogManager" name="test_flush_periodic" time="0.038" /><testcase classname="src.test.test_runtime_loop_managers.TestLogManager" name="test_flush_before_snapshot" time="0.036" /><testcase classname="src.test.test_runtime_loop_managers.TestLogManager" name="test_flush_handles_errors" time="0.040" /><testcase classname="src.test.test_runtime_loop_managers.TestLogManager" name="test_flush_after_snapshot" time="0.108" /><testcase classname="src.test.test_runtime_loop_managers.TestLogManager" name="test_flush_not_after_snapshot_if_disabled" time="0.037" /><testcase classname="src.test.test_runtime_loop_managers.TestLogManager" name="test_flush_after_snapshot_in_tick_phase" time="0.038" /><testcase classname="src.test.test_runtime_loop_managers.TestLogManager" name="test_log_manager_validation" time="0.001" /><testcase classname="src.test.test_runtime_loop_managers.TestLifePolicy" name="test_is_weak_at_threshold" time="0.037" /><testcase classname="src.test.test_runtime_loop_managers.TestLifePolicy" name="test_is_weak_any_parameter" time="0.110" /><testcase classname="src.test.test_runtime_loop_managers.TestLifePolicy" name="test_weakness_penalty_calculation" time="0.001" /><testcase classname="src.test.test_runtime_loop_managers.TestLifePolicy" name="test_weakness_penalty_monotonicity" time="0.001" /><testcase classname="src.test.test_runtime_loop_managers.TestLifePolicy" name="test_weakness_penalty_multipliers" time="0.001" /><testcase classname="src.test.test_runtime_loop_managers.TestLifePolicy" name="test_default_values_match_old_constants" time="0.001" /><testcase classname="src.test.test_runtime_loop_managers.TestLifePolicy" name="test_life_policy_validation" time="0.001" /><testcase classname="src.test.test_runtime_loop_managers.TestRuntimeLoopDelegation" name="test_snapshot_manager_integration" time="0.038" /><testcase classname="src.test.test_runtime_loop_managers.TestRuntimeLoopDelegation" name="test_log_manager_integration" time="0.042" /><testcase classname="src.test.test_runtime_loop_managers.TestRuntimeLoopDelegation" name="test_life_policy_integration" time="0.042" /><testcase classname="src.test.test_runtime_loop_managers.TestRuntimeLoopDelegation" name="test_snapshot_manager_coordination_with_log_manager" time="0.114" /><testcase classname="src.test.test_status_contract.TestStatusContract" name="test_status_excludes_transient_fields" time="0.712" /><testcase classname="src.test.test_status_contract.TestStatusContract" name="test_status_excludes_internal_fields" time="0.791" /><testcase classname="src.test.test_status_contract.TestStatusContract" name="test_status_excludes_archive_memory" time="0.715" /><testcase classname="src.test.test_status_contract.TestStatusContract" name="test_status_includes_required_fields" time="0.785" /><testcase classname="src.test.test_status_contract.TestStatusContract" name="test_status_includes_optional_fields" time="0.710" /><testcase classname="src.test.test_status_contract.TestStatusContract" name="test_status_memory_limit_parameter" time="0.855" /><testcase classname="src.test.test_status_contract.TestStatusContract" name="test_status_events_limit_parameter" time="0.854" /><testcase classname="src.test.test_status_contract.TestStatusContract" name="test_status_history_limit_parameters" time="0.709" /><testcase classname="src.test.test_status_contract.TestStatusContract" name="test_status_multiple_limit_parameters" time="0.780" /><testcase classname="src.test.test_status_contract.TestStatusContract" name="test_status_get_safe_status_dict_method" time="0.247" /><testcase classname="src.test.test_status_contract.TestStatusContract" name="test_status_get_safe_status_dict_with_limits" time="0.107" /></testsuite></testsuites>