<?xml version="1.0" encoding="utf-8"?><testsuites name="pytest tests"><testsuite name="pytest" errors="1" failures="0" skipped="0" tests="1" time="10.458" timestamp="2026-01-21T15:15:49.418692+00:00" hostname="601e704739a9"><testcase classname="" name="src.test.test_learning_adaptive_thresholds_integration" time="0.000"><error message="collection failure">ImportError while importing test module '/workspace/src/test/test_learning_adaptive_thresholds_integration.py'.
Hint: make sure your test modules/packages have valid Python names.
Traceback:
/usr/lib/python3.10/importlib/__init__.py:126: in import_module
    return _bootstrap._gcd_import(name[level:], package, level)
src/test/test_learning_adaptive_thresholds_integration.py:10: in &lt;module&gt;
    from src.memory.archive import ArchiveMemory
E   ModuleNotFoundError: No module named 'src.memory.archive'</error></testcase></testsuite></testsuites>