<?xml version="1.0" encoding="utf-8"?><testsuites name="pytest tests"><testsuite name="pytest" errors="1" failures="12" skipped="4" tests="342" time="49.497" timestamp="2026-01-20T20:36:02.845334+00:00" hostname="601e704739a9"><properties>
[...]
</properties><testcase classname="src.test.test_action.TestExecuteAction" name="test_execute_action_dampen" time="0.001" /><testcase classname="src.test.test_action.TestExecuteAction" name="test_execute_action_dampen_energy_minimum" time="0.001" /><testcase classname="src.test.test_action.TestExecuteAction" name="test_execute_action_absorb" time="0.001" /><testcase classname="src.test.test_action.TestExecuteAction" name="test_execute_action_ignore" time="0.001" /><testcase classname="src.test.test_action.TestExecuteAction" name="test_execute_action_memory_entry_timestamp" time="0.001" /><testcase classname="src.test.test_action.TestExecuteAction" name="test_execute_action_multiple_actions" time="0.001" /><testcase classname="src.test.test_action.TestExecuteAction" name="test_execute_action_dampen_multiple_times" time="0.001" /><testcase classname="src.test.test_action.TestExecuteAction" name="test_execute_action_unknown_pattern" time="0.001" /><testcase classname="src.test.test_action.TestExecuteAction" name="test_execute_action_preserves_other_state" time="0.001" /><testcase classname="src.test.test_action.TestExecuteAction" name="test_execute_action_memory_entry_significance" time="0.001" /><testcase classname="src.test.test_action.TestExecuteAction" name="test_execute_action_empty_memory" time="0.001" /><testcase classname="src.test.test_action.TestExecuteAction" name="test_execute_action_with_existing_memory" time="0.313" /><testcase classname="src.test.test_activation.TestActivateMemory" name="test_activate_memory_empty_memory" time="0.001" /><testcase classname="src.test.test_activation.TestActivateMemory" name="test_activate_memory_no_matches" time="0.001" /><testcase classname="src.test.test_activation.TestActivateMemory" name="test_activate_memory_single_match" time="0.001" /><testcase classname="src.test.test_activation.TestActivateMemory" name="test_activate_memory_multiple_matches" time="0.000" /><testcase classname="src.test.test_activation.TestActivateMemory" name="test_activate_memory_sorted_by_significance" time="0.001" /><testcase classname="src.test.test_activation.TestActivateMemory" name="test_activate_memory_limit_default" time="0.001" /><testcase classname="src.test.test_activation.TestActivateMemory" name="test_activate_memory_custom_limit" time="0.001" /><testcase classname="src.test.test_activation.TestActivateMemory" name="test_activate_memory_limit_one" time="0.001" /><testcase classname="src.test.test_activation.TestActivateMemory" name="test_activate_memory_limit_zero" time="0.001" /><testcase classname="src.test.test_activation.TestActivateMemory" name="test_activate_memory_preserves_original_memory" time="0.001" /><testcase classname="src.test.test_activation.TestActivateMemory" name="test_activate_memory_different_event_types" time="0.001" /><testcase classname="src.test.test_activation.TestActivateMemory" name="test_activate_memory_with_feedback_entries" time="0.001" /><testcase classname="src.test.test_activation.TestActivateMemory" name="test_activate_memory_equal_significance" time="0.001" /><testcase classname="src.test.test_decision.TestDecideResponse" name="test_decide_dampen_high_activated_memory" time="0.001" /><testcase classname="src.test.test_decision.TestDecideResponse" name="test_decide_dampen_max_significance_above_threshold" time="0.001" /><testcase classname="src.test.test_decision.TestDecideResponse" name="test_decide_dampen_max_significance_at_threshold" time="0.001" /><testcase classname="src.test.test_decision.TestDecideResponse" name="test_decide_ignore_low_significance_meaning" time="0.001" /><testcase classname="src.test.test_decision.TestDecideResponse" name="test_decide_ignore_meaning_significance_below_threshold" time="0.001" /><testcase classname="src.test.test_decision.TestDecideResponse" name="test_decide_absorb_normal_conditions" time="0.001" /><testcase classname="src.test.test_decision.TestDecideResponse" name="test_decide_absorb_high_significance_meaning" time="0.001" /><testcase classname="src.test.test_decision.TestDecideResponse" name="test_decide_empty_activated_memory" time="0.001" /><testcase classname="src.test.test_decision.TestDecideResponse" name="test_decide_multiple_activated_memories" time="0.001" /><testcase classname="src.test.test_decision.TestDecideResponse" name="test_decide_activated_memory_max_below_threshold" time="0.001" /><testcase classname="src.test.test_decision.TestDecideResponse" name="test_decide_activated_memory_exactly_at_threshold" time="0.001" /><testcase classname="src.test.test_decision.TestDecideResponse" name="test_decide_meaning_significance_at_threshold" time="0.001" /><testcase classname="src.test.test_decision.TestDecideResponse" name="test_decide_different_event_types_in_memory" time="0.001" /><testcase classname="src.test.test_decision.TestDecideResponse" name="test_decide_consistency" time="0.001" /><testcase classname="src.test.test_environment.TestEvent" name="test_event_creation_minimal" time="0.001" /><testcase classname="src.test.test_environment.TestEvent" name="test_event_creation_with_metadata" time="0.001" /><testcase classname="src.test.test_environment.TestEvent" name="test_event_creation_with_none_metadata" time="0.000" /><testcase classname="src.test.test_environment.TestEvent" name="test_event_different_types" time="0.001" /><testcase classname="src.test.test_environment.TestEvent" name="test_event_intensity_range" time="0.001" /><testcase classname="src.test.test_environment.TestEvent" name="test_event_timestamp" time="0.001" /><testcase classname="src.test.test_environment.TestEvent" name="test_event_custom_timestamp" time="0.001" /><testcase classname="src.test.test_environment.TestEventQueue" name="test_queue_initialization" time="0.001" /><testcase classname="src.test.test_environment.TestEventQueue" name="test_queue_push_single" time="0.001" /><testcase classname="src.test.test_environment.TestEventQueue" name="test_queue_push_multiple" time="0.001" /><testcase classname="src.test.test_environment.TestEventQueue" name="test_queue_pop_single" time="0.001" /><testcase classname="src.test.test_environment.TestEventQueue" name="test_queue_pop_empty" time="0.001" /><testcase classname="src.test.test_environment.TestEventQueue" name="test_queue_pop_fifo_order" time="0.001" /><testcase classname="src.test.test_environment.TestEventQueue" name="test_queue_pop_all_empty" time="0.001" /><testcase classname="src.test.test_environment.TestEventQueue" name="test_queue_pop_all_single" time="0.001" /><testcase classname="src.test.test_environment.TestEventQueue" name="test_queue_pop_all_multiple" time="0.001" /><testcase classname="src.test.test_environment.TestEventQueue" name="test_queue_pop_all_fifo_order" time="0.001" /><testcase classname="src.test.test_environment.TestEventQueue" name="test_queue_size_after_operations" time="0.001" /><testcase classname="src.test.test_environment.TestEventQueue" name="test_queue_is_empty_after_operations" time="0.001" /><testcase classname="src.test.test_environment.TestEventQueue" name="test_queue_push_after_pop_all" time="0.001" /><testcase classname="src.test.test_environment.TestEventQueue" name="test_queue_maxsize_behavior" time="0.001" /><testcase classname="src.test.test_environment.TestEventQueue" name="test_queue_mixed_operations" time="0.001" /><testcase classname="src.test.test_environment.TestEventQueue" name="test_queue_different_event_types" time="0.001" /><testcase classname="src.test.test_event_queue_edge_cases.TestEventQueueEdgeCases" name="test_pop_all_with_empty_exception" time="0.001" /><testcase classname="src.test.test_event_queue_race_condition.TestEventQueueRaceCondition" name="test_pop_all_empty_exception_handling" time="0.001" /><testcase classname="src.test.test_event_queue_race_condition.TestEventQueueRaceCondition" name="test_pop_all_concurrent_access" time="0.001" /><testcase classname="src.test.test_feedback.TestRegisterAction" name="test_register_action_basic" time="0.001" /><testcase classname="src.test.test_feedback.TestRegisterAction" name="test_register_action_different_patterns" time="0.001" /><testcase classname="src.test.test_feedback.TestRegisterAction" name="test_register_action_state_copy" time="0.001" /><testcase classname="src.test.test_feedback.TestRegisterAction" name="test_register_action_multiple" time="0.001" /><testcase classname="src.test.test_feedback.TestObserveConsequences" name="test_observe_consequences_with_changes" time="0.001" /><testcase classname="src.test.test_feedback.TestObserveConsequences" name="test_observe_consequences_minimal_changes" time="0.001" /><testcase classname="src.test.test_feedback.TestObserveConsequences" name="test_observe_consequences_timeout" time="0.001" /><testcase classname="src.test.test_feedback.TestObserveConsequences" name="test_multiple_actions" time="0.001" /><testcase classname="src.test.test_feedback.TestObserveConsequences" name="test_observe_consequences_ticks_waited_increment" time="0.001" /><testcase classname="src.test.test_feedback.TestObserveConsequences" name="test_observe_consequences_positive_delta" time="0.001" /><testcase classname="src.test.test_feedback_data" name="test_feedback_data_storage" time="0.001" /><testcase classname="src.test.test_generator.TestEventGenerator" name="test_generator_initialization" time="0.001" /><testcase classname="src.test.test_generator.TestEventGenerator" name="test_generate_returns_event" time="0.001" /><testcase classname="src.test.test_generator.TestEventGenerator" name="test_generate_event_types" time="0.001" /><testcase classname="src.test.test_generator.TestEventGenerator" name="test_generate_noise_intensity_range" time="0.001" /><testcase classname="src.test.test_generator.TestEventGenerator" name="test_generate_decay_intensity_range" time="0.001" /><testcase classname="src.test.test_generator.TestEventGenerator" name="test_generate_recovery_intensity_range" time="0.001" /><testcase classname="src.test.test_generator.TestEventGenerator" name="test_generate_shock_intensity_range" time="0.001" /><testcase classname="src.test.test_generator.TestEventGenerator" name="test_generate_idle_intensity" time="0.001" /><testcase classname="src.test.test_generator.TestEventGenerator" name="test_generate_timestamp" time="0.001" /><testcase classname="src.test.test_generator.TestEventGenerator" name="test_generate_metadata" time="0.001" /><testcase classname="src.test.test_generator.TestEventGenerator" name="test_generate_multiple_events" time="0.001" /><testcase classname="src.test.test_generator.TestEventGenerator" name="test_generate_event_distribution" time="0.003" /><testcase classname="src.test.test_generator.TestEventGenerator" name="test_generate_event_uniqueness" time="0.001" /><testcase classname="src.test.test_generator.TestGeneratorCLI" name="test_send_event_success" time="0.037"><failure message="ImportError: attempted relative import beyond top-level package">src/test/test_generator.py:152: in test_send_event_success
    from environment.generator_cli import send_event
src/environment/generator_cli.py:17: in &lt;module&gt;
    from ..logging_config import get_logger, setup_logging
E   ImportError: attempted relative import beyond top-level package</failure></testcase><testcase classname="src.test.test_generator.TestGeneratorCLI" name="test_send_event_connection_error" time="0.008"><failure message="ImportError: attempted relative import beyond top-level package">src/test/test_generator.py:173: in test_send_event_connection_error
    from environment.generator_cli import send_event
src/environment/generator_cli.py:17: in &lt;module&gt;
    from ..logging_config import get_logger, setup_logging
E   ImportError: attempted relative import beyond top-level package</failure></testcase><testcase classname="src.test.test_generator.TestGeneratorCLI" name="test_send_event_timeout" time="0.008"><failure message="ImportError: attempted relative import beyond top-level package">src/test/test_generator.py:189: in test_send_event_timeout
    from environment.generator_cli import send_event
src/environment/generator_cli.py:17: in &lt;module&gt;
    from ..logging_config import get_logger, setup_logging
E   ImportError: attempted relative import beyond top-level package</failure></testcase><testcase classname="src.test.test_generator_cli.TestGeneratorCLI" name="test_send_event_success" time="0.001" /><testcase classname="src.test.test_generator_cli.TestGeneratorCLI" name="test_send_event_request_exception" time="0.001" /><testcase classname="src.test.test_generator_cli.TestGeneratorCLI" name="test_send_event_general_exception" time="0.001" /><testcase classname="src.test.test_generator_cli.TestGeneratorCLI" name="test_main_function_basic" time="0.003" /><testcase classname="src.test.test_generator_cli.TestGeneratorCLI" name="test_main_function_send_event_called" time="0.003" /><testcase classname="src.test.test_generator_cli.TestGeneratorCLI" name="test_main_function_send_failure" time="0.002" /><testcase classname="src.test.test_generator_cli.TestGeneratorCLI" name="test_main_function_if_name_main" time="0.007"><failure message="ImportError: attempted relative import beyond top-level package">/usr/lib/python3.10/unittest/mock.py:1248: in _dot_lookup
    return getattr(thing, comp)
E   AttributeError: module 'environment' has no attribute 'generator_cli'. Did you mean: 'generator'?

During handling of the above exception, another exception occurred:
src/test/test_generator_cli.py:201: in test_main_function_if_name_main
    with patch("environment.generator_cli.EventGenerator") as mock_gen_class, patch(
/usr/lib/python3.10/unittest/mock.py:1431: in __enter__
    self.target = self.getter()
/usr/lib/python3.10/unittest/mock.py:1618: in &lt;lambda&gt;
    getter = lambda: _importer(target)
/usr/lib/python3.10/unittest/mock.py:1261: in _importer
    thing = _dot_lookup(thing, comp, import_path)
/usr/lib/python3.10/unittest/mock.py:1250: in _dot_lookup
    __import__(import_path)
src/environment/generator_cli.py:17: in &lt;module&gt;
    from ..logging_config import get_logger, setup_logging
E   ImportError: attempted relative import beyond top-level package</failure></testcase><testcase classname="src.test.test_generator_cli.TestGeneratorCLI" name="test_main_verbose_logging_setup" time="0.075" /><testcase classname="src.test.test_generator_cli.TestGeneratorCLI" name="test_main_default_logging_setup" time="0.004" /><testcase classname="src.test.test_intelligence.TestProcessInformation" name="test_process_information_basic" time="0.001" /><testcase classname="src.test.test_intelligence.TestProcessInformation" name="test_process_information_empty_recent_events" time="0.001" /><testcase classname="src.test.test_intelligence.TestProcessInformation" name="test_process_information_empty_planning" time="0.001" /><testcase classname="src.test.test_intelligence.TestProcessInformation" name="test_process_information_energy_values" time="0.001" /><testcase classname="src.test.test_intelligence.TestProcessInformation" name="test_process_information_stability_values" time="0.001" /><testcase classname="src.test.test_intelligence.TestProcessInformation" name="test_process_information_planning_sequences" time="0.001" /><testcase classname="src.test.test_intelligence.TestProcessInformation" name="test_process_information_preserves_other_fields" time="0.001" /><testcase classname="src.test.test_intelligence.TestProcessInformation" name="test_process_information_multiple_calls" time="0.001" /><testcase classname="src.test.test_intelligence.TestProcessInformation" name="test_process_information_complex_state" time="0.001" /><testcase classname="src.test.test_intelligence.TestProcessInformation" name="test_process_information_planning_without_sequences_key" time="0.001" /><testcase classname="src.test.test_meaning.TestMeaning" name="test_meaning_creation_minimal" time="0.001" /><testcase classname="src.test.test_meaning.TestMeaning" name="test_meaning_creation_full" time="0.001" /><testcase classname="src.test.test_meaning.TestMeaning" name="test_meaning_significance_validation_valid" time="0.001" /><testcase classname="src.test.test_meaning.TestMeaning" name="test_meaning_significance_validation_invalid_negative" time="0.001" /><testcase classname="src.test.test_meaning.TestMeaning" name="test_meaning_significance_validation_invalid_above_one" time="0.001" /><testcase classname="src.test.test_meaning.TestMeaning" name="test_meaning_impact_empty" time="0.001" /><testcase classname="src.test.test_meaning.TestMeaning" name="test_meaning_impact_multiple_params" time="0.000" /><testcase classname="src.test.test_meaning.TestMeaningEngine" name="test_engine_initialization" time="0.001" /><testcase classname="src.test.test_meaning.TestMeaningEngine" name="test_appraisal_shock_event" time="0.001" /><testcase classname="src.test.test_meaning.TestMeaningEngine" name="test_appraisal_noise_event" time="0.001" /><testcase classname="src.test.test_meaning.TestMeaningEngine" name="test_appraisal_intensity_effect" time="0.001" /><testcase classname="src.test.test_meaning.TestMeaningEngine" name="test_appraisal_low_integrity_amplification" time="0.001" /><testcase classname="src.test.test_meaning.TestMeaningEngine" name="test_appraisal_low_stability_amplification" time="0.001" /><testcase classname="src.test.test_meaning.TestMeaningEngine" name="test_appraisal_range_limits" time="0.001" /><testcase classname="src.test.test_meaning.TestMeaningEngine" name="test_impact_model_shock" time="0.001" /><testcase classname="src.test.test_meaning.TestMeaningEngine" name="test_impact_model_recovery" time="0.001" /><testcase classname="src.test.test_meaning.TestMeaningEngine" name="test_impact_model_intensity_scaling" time="0.001" /><testcase classname="src.test.test_meaning.TestMeaningEngine" name="test_impact_model_significance_scaling" time="0.001" /><testcase classname="src.test.test_meaning.TestMeaningEngine" name="test_impact_model_unknown_event_type" time="0.001" /><testcase classname="src.test.test_meaning.TestMeaningEngine" name="test_response_pattern_ignore_low_significance" time="0.001" /><testcase classname="src.test.test_meaning.TestMeaningEngine" name="test_response_pattern_dampen_high_stability" time="0.001" /><testcase classname="src.test.test_meaning.TestMeaningEngine" name="test_response_pattern_amplify_low_stability" time="0.001" /><testcase classname="src.test.test_meaning.TestMeaningEngine" name="test_response_pattern_absorb_normal" time="0.001" /><testcase classname="src.test.test_meaning.TestMeaningEngine" name="test_process_complete_flow" time="0.001" /><testcase classname="src.test.test_meaning.TestMeaningEngine" name="test_process_ignore_pattern" time="0.001" /><testcase classname="src.test.test_meaning.TestMeaningEngine" name="test_process_dampen_pattern" time="0.001" /><testcase classname="src.test.test_meaning.TestMeaningEngine" name="test_process_amplify_pattern" time="0.001" /><testcase classname="src.test.test_memory.TestMemoryEntry" name="test_memory_entry_creation" time="0.001" /><testcase classname="src.test.test_memory.TestMemoryEntry" name="test_memory_entry_with_feedback_data" time="0.001" /><testcase classname="src.test.test_memory.TestMemoryEntry" name="test_memory_entry_with_subjective_timestamp" time="0.001" /><testcase classname="src.test.test_memory.TestMemoryEntry" name="test_memory_entry_subjective_timestamp_default" time="0.000" /><testcase classname="src.test.test_memory.TestMemoryEntry" name="test_memory_entry_different_event_types" time="0.001" /><testcase classname="src.test.test_memory.TestMemoryEntry" name="test_memory_entry_significance_range" time="0.000" /><testcase classname="src.test.test_memory.TestMemory" name="test_memory_initialization" time="0.001" /><testcase classname="src.test.test_memory.TestMemory" name="test_memory_append_single" time="0.001" /><testcase classname="src.test.test_memory.TestMemory" name="test_memory_append_multiple" time="0.001" /><testcase classname="src.test.test_memory.TestMemory" name="test_memory_clamp_size_at_limit" time="0.001" /><testcase classname="src.test.test_memory.TestMemory" name="test_memory_clamp_size_over_limit" time="0.001" /><testcase classname="src.test.test_memory.TestMemory" name="test_memory_preserves_order" time="0.001" /><testcase classname="src.test.test_memory.TestMemory" name="test_memory_with_feedback_entries" time="0.001" /><testcase classname="src.test.test_memory.TestMemory" name="test_memory_mixed_entries" time="0.001" /><testcase classname="src.test.test_memory.TestMemory" name="test_memory_list_operations" time="0.001" /><testcase classname="src.test.test_monitor.TestMonitor" name="test_log_function" time="0.001" /><testcase classname="src.test.test_monitor.TestMonitor" name="test_monitor_basic" time="0.148" /><testcase classname="src.test.test_monitor.TestMonitor" name="test_monitor_with_activated_memory" time="0.003" /><testcase classname="src.test.test_monitor.TestMonitor" name="test_monitor_without_activated_memory" time="0.003" /><testcase classname="src.test.test_monitor.TestMonitor" name="test_monitor_multiple_calls" time="0.003" /><testcase classname="src.test.test_monitor.TestMonitor" name="test_monitor_log_file_append" time="0.002" /><testcase classname="src.test.test_monitor.TestMonitor" name="test_monitor_all_state_fields" time="0.003" /><testcase classname="src.test.test_planning.TestRecordPotentialSequences" name="test_record_potential_sequences_empty_recent_events" time="0.001" /><testcase classname="src.test.test_planning.TestRecordPotentialSequences" name="test_record_potential_sequences_single_event" time="0.001" /><testcase classname="src.test.test_planning.TestRecordPotentialSequences" name="test_record_potential_sequences_two_events" time="0.001" /><testcase classname="src.test.test_planning.TestRecordPotentialSequences" name="test_record_potential_sequences_multiple_events" time="0.001" /><testcase classname="src.test.test_planning.TestRecordPotentialSequences" name="test_record_potential_sequences_sources_used" time="0.001" /><testcase classname="src.test.test_planning.TestRecordPotentialSequences" name="test_record_potential_sequences_preserves_other_fields" time="0.001" /><testcase classname="src.test.test_planning.TestRecordPotentialSequences" name="test_record_potential_sequences_multiple_calls" time="0.001" /><testcase classname="src.test.test_planning.TestRecordPotentialSequences" name="test_record_potential_sequences_empty_histories" time="0.001" /><testcase classname="src.test.test_planning.TestRecordPotentialSequences" name="test_record_potential_sequences_different_event_types" time="0.001" /><testcase classname="src.test.test_property_based.TestSelfStatePropertyBased" name="test_state_parameters_always_in_bounds" time="1.293" /><testcase classname="src.test.test_property_based.TestSelfStatePropertyBased" name="test_apply_delta_always_clamps" time="0.115" /><testcase classname="src.test.test_property_based.TestSelfStatePropertyBased" name="test_energy_delta_idempotent" time="0.165" /><testcase classname="src.test.test_property_based.TestMemoryPropertyBased" name="test_memory_size_always_limited" time="0.215" /><testcase classname="src.test.test_property_based.TestMemoryPropertyBased" name="test_memory_preserves_order" time="0.225" /><testcase classname="src.test.test_property_based.TestMemoryPropertyBased" name="test_memory_append_idempotent" time="0.093"><failure message="AssertionError: assert 1 == 2&#10; +  where 1 = len([MemoryEntry(event_type='0', meaning_significance=0.0, timestamp=1768941371.3799083, weight=1.0, feedback_data=None, subjective_timestamp=None)])&#10; +  and   2 = len([MemoryEntry(event_type='0', meaning_significance=0.0, timestamp=1768941371.3799083, weight=1.0, feedback_data=None, subjective_timestamp=None), MemoryEntry(event_type='0', meaning_significance=0.0, timestamp=1768941371.3799083, weight=1.0, feedback_data=None, subjective_timestamp=None)])&#10;Falsifying example: test_memory_append_idempotent(&#10;    self=&lt;test_property_based.TestMemoryPropertyBased object at 0x7140a2661b40&gt;,&#10;    event_type='0',&#10;    significance=0.0,&#10;    num_appends=2,&#10;)">src/test/test_property_based.py:152: in test_memory_append_idempotent
    event_type=st.text(min_size=1, max_size=20),
src/test/test_property_based.py:176: in test_memory_append_idempotent
    assert len(memory1) == len(memory2)
E   AssertionError: assert 1 == 2
E    +  where 1 = len([MemoryEntry(event_type='0', meaning_significance=0.0, timestamp=1768941371.3799083, weight=1.0, feedback_data=None, subjective_timestamp=None)])
E    +  and   2 = len([MemoryEntry(event_type='0', meaning_significance=0.0, timestamp=1768941371.3799083, weight=1.0, feedback_data=None, subjective_timestamp=None), MemoryEntry(event_type='0', meaning_significance=0.0, timestamp=1768941371.3799083, weight=1.0, feedback_data=None, subjective_timestamp=None)])
E   Falsifying example: test_memory_append_idempotent(
E       self=&lt;test_property_based.TestMemoryPropertyBased object at 0x7140a2661b40&gt;,
E       event_type='0',
E       significance=0.0,
E       num_appends=2,
E   )</failure></testcase><testcase classname="src.test.test_property_based.TestMemoryEntryPropertyBased" name="test_memory_entry_creation" time="0.125" /><testcase classname="src.test.test_property_based.TestMemoryEntryPropertyBased" name="test_memory_entry_with_feedback" time="0.322" /><testcase classname="src.test.test_state.TestSelfState" name="test_self_state_initialization" time="0.001" /><testcase classname="src.test.test_state.TestSelfState" name="test_self_state_unique_life_id" time="0.001" /><testcase classname="src.test.test_state.TestSelfState" name="test_self_state_birth_timestamp" time="0.001" /><testcase classname="src.test.test_state.TestSelfState" name="test_apply_delta_energy" time="0.001" /><testcase classname="src.test.test_state.TestSelfState" name="test_apply_delta_integrity" time="0.001" /><testcase classname="src.test.test_state.TestSelfState" name="test_apply_delta_stability" time="0.001" /><testcase classname="src.test.test_state.TestSelfState" name="test_apply_delta_multiple_params" time="0.001" /><testcase classname="src.test.test_state.TestSelfState" name="test_apply_delta_ticks" time="0.001" /><testcase classname="src.test.test_state.TestSelfState" name="test_apply_delta_age" time="0.001" /><testcase classname="src.test.test_state.TestSelfState" name="test_apply_delta_unknown_field" time="0.001" /><testcase classname="src.test.test_state.TestSelfState" name="test_apply_delta_non_numeric_field" time="0.001" /><testcase classname="src.test.test_state.TestSelfState" name="test_self_state_memory_operations" time="0.001" /><testcase classname="src.test.test_state.TestSelfState" name="test_self_state_recent_events" time="0.001" /><testcase classname="src.test.test_state.TestSnapshots" name="test_save_snapshot" time="0.007" /><testcase classname="src.test.test_state.TestSnapshots" name="test_load_snapshot" time="0.019" /><testcase classname="src.test.test_state.TestSnapshots" name="test_load_snapshot_not_found" time="0.002" /><testcase classname="src.test.test_state.TestSnapshots" name="test_load_latest_snapshot" time="0.037" /><testcase classname="src.test.test_state.TestSnapshots" name="test_load_latest_snapshot_not_found" time="0.002" /><testcase classname="src.test.test_state.TestSnapshots" name="test_snapshot_preserves_memory" time="0.012" /><testcase classname="src.test.test_state.TestCreateInitialState" name="test_create_initial_state" time="0.001" /><testcase classname="src.test.test_subjective_time.TestSubjectiveTimeModel" name="test_rate_is_clamped_to_range" time="0.001" /><testcase classname="src.test.test_subjective_time.TestSubjectiveTimeModel" name="test_subjective_time_is_monotonic_for_positive_dt" time="0.001" /><testcase classname="src.test.test_subjective_time.TestSubjectiveTimeModel" name="test_intensity_and_stability_influence_rate_direction" time="0.001" /><testcase classname="src.test.test_subjective_time.TestSubjectiveTimeModel" name="test_negative_dt_returns_zero_increment" time="0.001" /><testcase classname="src.test.test_subjective_time.TestSubjectiveTimeModel" name="test_extreme_intensity_and_stability_values" time="0.001" /><testcase classname="src.test.test_subjective_time.TestSubjectiveTimeModel" name="test_boundary_rate_min_max_values" time="0.001" /><testcase classname="src.test.test_subjective_time.TestSubjectiveTimeModel" name="test_invalid_input_types" time="0.001" /><testcase classname="src.test.test_subjective_time.TestSubjectiveTimeModel" name="test_extreme_coefficient_values" time="0.001" /><testcase classname="src.test.test_subjective_time.TestSubjectiveTimeModel" name="test_zero_and_negative_base_rate" time="0.001" /><testcase classname="src.test.test_api" name="test_get_status" time="0.001"><skipped type="pytest.skip" message="test_api.py requires real server. Use --real-server or test_api_integration.py">/workspace/src/test/test_api.py:28: test_api.py requires real server. Use --real-server or test_api_integration.py</skipped></testcase><testcase classname="src.test.test_api" name="test_get_clear_data" time="0.001"><skipped type="pytest.skip" message="test_api.py requires real server. Use --real-server or test_api_integration.py">/workspace/src/test/test_api.py:42: test_api.py requires real server. Use --real-server or test_api_integration.py</skipped></testcase><testcase classname="src.test.test_api" name="test_post_event_success" time="0.001"><skipped type="pytest.skip" message="test_api.py requires real server. Use --real-server or test_api_integration.py">/workspace/src/test/test_api.py:52: test_api.py requires real server. Use --real-server or test_api_integration.py</skipped></testcase><testcase classname="src.test.test_api" name="test_post_event_invalid_json" time="0.001"><skipped type="pytest.skip" message="test_api.py requires real server. Use --real-server or test_api_integration.py">/workspace/src/test/test_api.py:63: test_api.py requires real server. Use --real-server or test_api_integration.py</skipped></testcase><testcase classname="src.test.test_api_integration.TestAPIServer" name="test_get_status" time="0.605" /><testcase classname="src.test.test_api_integration.TestAPIServer" name="test_get_status_returns_current_state" time="0.606" /><testcase classname="src.test.test_api_integration.TestAPIServer" name="test_get_clear_data" time="0.637" /><testcase classname="src.test.test_api_integration.TestAPIServer" name="test_get_unknown_endpoint" time="0.605" /><testcase classname="src.test.test_api_integration.TestAPIServer" name="test_post_event_success" time="0.606" /><testcase classname="src.test.test_api_integration.TestAPIServer" name="test_post_event_minimal" time="0.606" /><testcase classname="src.test.test_api_integration.TestAPIServer" name="test_post_event_with_timestamp" time="0.605" /><testcase classname="src.test.test_api_integration.TestAPIServer" name="test_post_event_invalid_json" time="0.605" /><testcase classname="src.test.test_api_integration.TestAPIServer" name="test_post_event_missing_type" time="0.606" /><testcase classname="src.test.test_api_integration.TestAPIServer" name="test_post_event_invalid_type" time="0.605" /><testcase classname="src.test.test_api_integration.TestAPIServer" name="test_post_event_multiple_events" time="0.608" /><testcase classname="src.test.test_api_integration.TestAPIServer" name="test_post_event_different_types" time="0.613" /><testcase classname="src.test.test_api_integration.TestAPIServer" name="test_post_unknown_endpoint" time="0.605" /><testcase classname="src.test.test_api_integration.TestAPIServer" name="test_post_event_queue_overflow" time="0.777" /><testcase classname="src.test.test_api_integration.TestAPIServer" name="test_get_status_after_events" time="0.607" /><testcase classname="src.test.test_feedback.TestFeedbackIntegration" name="test_integration_with_memory" time="0.001" /><testcase classname="src.test.test_generator_integration.TestGeneratorServerIntegration" name="test_generator_send_to_server" time="0.606" /><testcase classname="src.test.test_generator_integration.TestGeneratorServerIntegration" name="test_generator_multiple_events_to_server" time="0.613" /><testcase classname="src.test.test_generator_integration.TestGeneratorServerIntegration" name="test_generator_all_event_types_to_server" time="0.660" /><testcase classname="src.test.test_generator_integration.TestGeneratorServerIntegration" name="test_generator_event_intensity_ranges" time="0.502" /><testcase classname="src.test.test_generator_integration.TestGeneratorServerIntegration" name="test_generator_server_full_cycle" time="0.606" /><testcase classname="src.test.test_memory.TestMemoryLoad" name="test_memory_performance_with_1000_entries" time="0.010" /><testcase classname="src.test.test_memory.TestMemoryLoad" name="test_memory_performance_with_10000_entries" time="0.096" /><testcase classname="src.test.test_memory.TestMemoryLoad" name="test_memory_iteration_performance" time="0.001" /><testcase classname="src.test.test_memory.TestMemoryLoad" name="test_memory_search_performance" time="0.001" /><testcase classname="src.test.test_memory.TestMemoryLoad" name="test_memory_memory_usage" time="0.002" /><testcase classname="src.test.test_memory.TestMemoryDecayWeights" name="test_decay_weights_basic" time="0.001" /><testcase classname="src.test.test_memory.TestMemoryDecayWeights" name="test_decay_weights_min_weight" time="0.001" /><testcase classname="src.test.test_memory.TestMemoryDecayWeights" name="test_decay_weights_empty_memory" time="0.001" /><testcase classname="src.test.test_memory.TestMemoryDecayWeights" name="test_decay_weights_multiple_entries" time="0.001" /><testcase classname="src.test.test_memory.TestMemoryDecayWeights" name="test_decay_weights_significance_factor" time="0.001" /><testcase classname="src.test.test_memory.TestArchiveMemory" name="test_archive_memory_initialization" time="0.002" /><testcase classname="src.test.test_memory.TestArchiveMemory" name="test_archive_memory_add_entry" time="0.002" /><testcase classname="src.test.test_memory.TestArchiveMemory" name="test_archive_memory_add_entries" time="0.002" /><testcase classname="src.test.test_memory.TestArchiveMemory" name="test_archive_memory_get_entries_by_type" time="0.002" /><testcase classname="src.test.test_memory.TestArchiveMemory" name="test_archive_memory_get_entries_by_significance" time="0.002" /><testcase classname="src.test.test_memory.TestArchiveMemory" name="test_archive_memory_get_entries_by_timestamp" time="0.002" /><testcase classname="src.test.test_memory.TestArchiveMemory" name="test_archive_memory_save_and_load" time="0.002" /><testcase classname="src.test.test_memory.TestArchiveMemory" name="test_archive_memory_backward_compatibility" time="0.002" /><testcase classname="src.test.test_memory.TestArchiveMemory" name="test_archive_memory_forward_compatibility" time="0.002" /><testcase classname="src.test.test_memory.TestMemoryArchive" name="test_archive_old_entries_by_age" time="0.003" /><testcase classname="src.test.test_memory.TestMemoryArchive" name="test_archive_old_entries_by_weight" time="0.002" /><testcase classname="src.test.test_memory.TestMemoryArchive" name="test_archive_old_entries_by_significance" time="0.002" /><testcase classname="src.test.test_memory.TestMemoryArchive" name="test_archive_old_entries_validation" time="0.003" /><testcase classname="src.test.test_memory.TestMemoryArchive" name="test_archive_old_entries_error_handling" time="0.002" /><testcase classname="src.test.test_memory.TestMemoryArchive" name="test_archive_old_entries_empty_memory" time="0.002" /><testcase classname="src.test.test_memory.TestMemoryStatistics" name="test_get_statistics_empty" time="0.002" /><testcase classname="src.test.test_memory.TestMemoryStatistics" name="test_get_statistics_with_entries" time="0.002" /><testcase classname="src.test.test_runtime_integration.TestRuntimeLoop" name="test_loop_single_tick" time="0.302" /><testcase classname="src.test.test_runtime_integration.TestRuntimeLoop" name="test_loop_processes_events" time="0.503" /><testcase classname="src.test.test_runtime_integration.TestRuntimeLoop" name="test_loop_feedback_registration" time="0.503" /><testcase classname="src.test.test_runtime_integration.TestRuntimeLoop" name="test_loop_state_updates" time="0.302" /><testcase classname="src.test.test_runtime_integration.TestRuntimeLoop" name="test_loop_stops_on_stop_event" time="0.503" /><testcase classname="src.test.test_runtime_integration.TestRuntimeLoop" name="test_loop_handles_empty_queue" time="0.303" /><testcase classname="src.test.test_runtime_integration.TestRuntimeLoop" name="test_loop_multiple_events" time="0.504" /><testcase classname="src.test.test_runtime_integration.TestRuntimeLoop" name="test_loop_snapshot_creation" time="0.646" /><testcase classname="src.test.test_runtime_integration.TestRuntimeLoop" name="test_loop_weakness_penalty" time="0.303" /><testcase classname="src.test.test_runtime_integration.TestRuntimeLoop" name="test_loop_deactivates_on_zero_params" time="0.202" /><testcase classname="src.test.test_runtime_loop_edge_cases.TestRuntimeLoopEdgeCases" name="test_loop_ignore_pattern_skip_apply_delta" time="0.327" /><testcase classname="src.test.test_runtime_loop_edge_cases.TestRuntimeLoopEdgeCases" name="test_loop_dampen_pattern_modify_impact" time="0.504" /><testcase classname="src.test.test_runtime_loop_edge_cases.TestRuntimeLoopEdgeCases" name="test_loop_monitor_exception_handling" time="0.303" /><testcase classname="src.test.test_runtime_loop_edge_cases.TestRuntimeLoopEdgeCases" name="test_loop_snapshot_exception_handling" time="0.305" /><testcase classname="src.test.test_runtime_loop_edge_cases.TestRuntimeLoopEdgeCases" name="test_loop_general_exception_handling" time="0.311" /><testcase classname="src.test.test_runtime_loop_feedback_coverage.TestRuntimeLoopFeedbackCoverage" name="test_loop_processes_feedback_records" time="1.315" /><testcase classname="src.test.test_runtime_loop_feedback_coverage.TestRuntimeLoopFeedbackCoverage" name="test_loop_feedback_entry_creation" time="1.005" /><testcase classname="src.test.test_state.TestSelfStateValidation" name="test_energy_validation_valid" time="0.001" /><testcase classname="src.test.test_state.TestSelfStateValidation" name="test_energy_validation_invalid" time="0.001" /><testcase classname="src.test.test_state.TestSelfStateValidation" name="test_integrity_validation_valid" time="0.001" /><testcase classname="src.test.test_state.TestSelfStateValidation" name="test_integrity_validation_invalid" time="0.001" /><testcase classname="src.test.test_state.TestSelfStateValidation" name="test_stability_validation_valid" time="0.001" /><testcase classname="src.test.test_state.TestSelfStateValidation" name="test_stability_validation_invalid" time="0.001" /><testcase classname="src.test.test_state.TestSelfStateValidation" name="test_fatigue_validation" time="0.001" /><testcase classname="src.test.test_state.TestSelfStateValidation" name="test_tension_validation" time="0.001" /><testcase classname="src.test.test_state.TestSelfStateValidation" name="test_age_validation" time="0.001" /><testcase classname="src.test.test_state.TestSelfStateValidation" name="test_ticks_validation" time="0.001" /><testcase classname="src.test.test_state.TestSelfStateProtection" name="test_life_id_protection" time="0.001" /><testcase classname="src.test.test_state.TestSelfStateProtection" name="test_birth_timestamp_protection" time="0.001" /><testcase classname="src.test.test_state.TestSelfStateSafeMethods" name="test_update_energy" time="0.001" /><testcase classname="src.test.test_state.TestSelfStateSafeMethods" name="test_update_integrity" time="0.001" /><testcase classname="src.test.test_state.TestSelfStateSafeMethods" name="test_update_stability" time="0.001" /><testcase classname="src.test.test_state.TestSelfStateSafeMethods" name="test_update_vital_params" time="0.001" /><testcase classname="src.test.test_state.TestSelfStateSafeMethods" name="test_reset_to_defaults" time="0.001" /><testcase classname="src.test.test_state.TestSelfStateIsActive" name="test_is_active_all_positive" time="0.001" /><testcase classname="src.test.test_state.TestSelfStateIsActive" name="test_is_active_energy_zero" time="0.001" /><testcase classname="src.test.test_state.TestSelfStateIsActive" name="test_is_active_integrity_zero" time="0.001" /><testcase classname="src.test.test_state.TestSelfStateIsActive" name="test_is_active_stability_zero" time="0.001" /><testcase classname="src.test.test_state.TestSelfStateIsActive" name="test_is_active_all_zero" time="0.001" /><testcase classname="src.test.test_state.TestSelfStateIsActive" name="test_is_active_auto_update" time="0.001" /><testcase classname="src.test.test_state.TestSelfStateIsActive" name="test_is_viable" time="0.001" /><testcase classname="src.test.test_state.TestSelfStateLogging" name="test_logging_enabled" time="0.002" /><testcase classname="src.test.test_state.TestSelfStateLogging" name="test_logging_disabled" time="0.002" /><testcase classname="src.test.test_state.TestSelfStateLogging" name="test_get_change_history" time="0.002" /><testcase classname="src.test.test_state.TestSelfStateLogging" name="test_get_change_history_limit" time="0.002" /><testcase classname="src.test.test_state.TestSubjectiveTimeAliases" name="test_subjective_age_property" time="0.001" /><testcase classname="src.test.test_state.TestSubjectiveTimeAliases" name="test_physical_age_property" time="0.001" /><testcase classname="src.test.test_state.TestSubjectiveTimeAliases" name="test_subjective_age_validation" time="0.001" /><testcase classname="src.test.test_state.TestSubjectiveTimeAliases" name="test_physical_age_validation" time="0.001" /><testcase classname="src.test.test_state.TestSubjectiveTimeAliases" name="test_subjective_age_apply_delta" time="0.001" /><testcase classname="src.test.test_state.TestSubjectiveTimeAliases" name="test_aliases_in_get_safe_status_dict" time="0.001" /><testcase classname="src.test.test_degradation.TestDegradationUnit" name="test_energy_degradation_to_zero" time="0.001" /><testcase classname="src.test.test_degradation.TestDegradationUnit" name="test_integrity_degradation_to_zero" time="0.001" /><testcase classname="src.test.test_degradation.TestDegradationUnit" name="test_stability_degradation_to_zero" time="0.001" /><testcase classname="src.test.test_degradation.TestDegradationUnit" name="test_simultaneous_degradation_all_params" time="0.001" /><testcase classname="src.test.test_degradation.TestDegradationUnit" name="test_active_flag_remains_true_on_zero_energy" time="0.001"><failure message="AssertionError: assert False is True&#10; +  where False = SelfState(life_id='5e65f8b8-5c11-424c-89f2-712b52d7a750', birth_timestamp=1768941392.9941947, age=0.0, subjective_time=0.0, ticks=0, energy=0.0, integrity=1.0, stability=1.0, fatigue=0.0, tension=0.0, active=False, recent_events=[], last_significance=0.0, energy_history=[], stability_history=[], planning={}, intelligence={}, memory=[], archive_memory=&lt;src.memory.memory.ArchiveMemory object at 0x7140a15899f0&gt;, subjective_time_base_rate=1.0, subjective_time_rate_min=0.1, subjective_time_rate_max=3.0, subjective_time_intensity_coeff=1.0, subjective_time_stability_coeff=0.5, subjective_time_energy_coeff=0.5, subjective_time_intensity_smoothing=0.3, time_ratio_history=[], last_event_intensity=0.0, activated_memory=[], last_pattern='', learning_params={'event_type_sensitivity': {'noise': 0.2, 'decay': 0.2, 'recovery': 0.2, 'shock': 0.2, 'idle': 0.2}, 'significance_thresholds': {'noise': 0.1, 'decay': 0.1, 'recovery': 0.1, 'shock': 0.1, 'idle': 0.1}, 'response_coefficients': {'dampen': 0.5, 'absorb': 1.0, 'ignore': 0.0}}, adaptation_params={'behavior_sensitivity': {'noise': 0.2, 'decay': 0.2, 'recovery': 0.2, 'shock': 0.2, 'idle': 0.2}, 'behavior_thresholds': {'noise': 0.1, 'decay': 0.1, 'recovery': 0.1, 'shock': 0.1, 'idle': 0.1}, 'behavior_coefficients': {'dampen': 0.5, 'absorb': 1.0, 'ignore': 0.0}}, adaptation_history=[]).active">src/test/test_degradation.py:126: in test_active_flag_remains_true_on_zero_energy
    assert state.active is True
E   AssertionError: assert False is True
E    +  where False = SelfState(life_id='5e65f8b8-5c11-424c-89f2-712b52d7a750', birth_timestamp=1768941392.9941947, age=0.0, subjective_time=0.0, ticks=0, energy=0.0, integrity=1.0, stability=1.0, fatigue=0.0, tension=0.0, active=False, recent_events=[], last_significance=0.0, energy_history=[], stability_history=[], planning={}, intelligence={}, memory=[], archive_memory=&lt;src.memory.memory.ArchiveMemory object at 0x7140a15899f0&gt;, subjective_time_base_rate=1.0, subjective_time_rate_min=0.1, subjective_time_rate_max=3.0, subjective_time_intensity_coeff=1.0, subjective_time_stability_coeff=0.5, subjective_time_energy_coeff=0.5, subjective_time_intensity_smoothing=0.3, time_ratio_history=[], last_event_intensity=0.0, activated_memory=[], last_pattern='', learning_params={'event_type_sensitivity': {'noise': 0.2, 'decay': 0.2, 'recovery': 0.2, 'shock': 0.2, 'idle': 0.2}, 'significance_thresholds': {'noise': 0.1, 'decay': 0.1, 'recovery': 0.1, 'shock': 0.1, 'idle': 0.1}, 'response_coefficients': {'dampen': 0.5, 'absorb': 1.0, 'ignore': 0.0}}, adaptation_params={'behavior_sensitivity': {'noise': 0.2, 'decay': 0.2, 'recovery': 0.2, 'shock': 0.2, 'idle': 0.2}, 'behavior_thresholds': {'noise': 0.1, 'decay': 0.1, 'recovery': 0.1, 'shock': 0.1, 'idle': 0.1}, 'behavior_coefficients': {'dampen': 0.5, 'absorb': 1.0, 'ignore': 0.0}}, adaptation_history=[]).active</failure></testcase><testcase classname="src.test.test_degradation.TestDegradationUnit" name="test_active_flag_remains_true_on_zero_integrity" time="0.001"><failure message="AssertionError: assert False is True&#10; +  where False = SelfState(life_id='678d9e7f-3779-458a-bf83-87ca86d75e63', birth_timestamp=1768941393.025772, age=0.0, subjective_time=0.0, ticks=0, energy=100.0, integrity=0.0, stability=1.0, fatigue=0.0, tension=0.0, active=False, recent_events=[], last_significance=0.0, energy_history=[], stability_history=[], planning={}, intelligence={}, memory=[], archive_memory=&lt;src.memory.memory.ArchiveMemory object at 0x7140a15882b0&gt;, subjective_time_base_rate=1.0, subjective_time_rate_min=0.1, subjective_time_rate_max=3.0, subjective_time_intensity_coeff=1.0, subjective_time_stability_coeff=0.5, subjective_time_energy_coeff=0.5, subjective_time_intensity_smoothing=0.3, time_ratio_history=[], last_event_intensity=0.0, activated_memory=[], last_pattern='', learning_params={'event_type_sensitivity': {'noise': 0.2, 'decay': 0.2, 'recovery': 0.2, 'shock': 0.2, 'idle': 0.2}, 'significance_thresholds': {'noise': 0.1, 'decay': 0.1, 'recovery': 0.1, 'shock': 0.1, 'idle': 0.1}, 'response_coefficients': {'dampen': 0.5, 'absorb': 1.0, 'ignore': 0.0}}, adaptation_params={'behavior_sensitivity': {'noise': 0.2, 'decay': 0.2, 'recovery': 0.2, 'shock': 0.2, 'idle': 0.2}, 'behavior_thresholds': {'noise': 0.1, 'decay': 0.1, 'recovery': 0.1, 'shock': 0.1, 'idle': 0.1}, 'behavior_coefficients': {'dampen': 0.5, 'absorb': 1.0, 'ignore': 0.0}}, adaptation_history=[]).active">src/test/test_degradation.py:137: in test_active_flag_remains_true_on_zero_integrity
    assert state.active is True
E   AssertionError: assert False is True
E    +  where False = SelfState(life_id='678d9e7f-3779-458a-bf83-87ca86d75e63', birth_timestamp=1768941393.025772, age=0.0, subjective_time=0.0, ticks=0, energy=100.0, integrity=0.0, stability=1.0, fatigue=0.0, tension=0.0, active=False, recent_events=[], last_significance=0.0, energy_history=[], stability_history=[], planning={}, intelligence={}, memory=[], archive_memory=&lt;src.memory.memory.ArchiveMemory object at 0x7140a15882b0&gt;, subjective_time_base_rate=1.0, subjective_time_rate_min=0.1, subjective_time_rate_max=3.0, subjective_time_intensity_coeff=1.0, subjective_time_stability_coeff=0.5, subjective_time_energy_coeff=0.5, subjective_time_intensity_smoothing=0.3, time_ratio_history=[], last_event_intensity=0.0, activated_memory=[], last_pattern='', learning_params={'event_type_sensitivity': {'noise': 0.2, 'decay': 0.2, 'recovery': 0.2, 'shock': 0.2, 'idle': 0.2}, 'significance_thresholds': {'noise': 0.1, 'decay': 0.1, 'recovery': 0.1, 'shock': 0.1, 'idle': 0.1}, 'response_coefficients': {'dampen': 0.5, 'absorb': 1.0, 'ignore': 0.0}}, adaptation_params={'behavior_sensitivity': {'noise': 0.2, 'decay': 0.2, 'recovery': 0.2, 'shock': 0.2, 'idle': 0.2}, 'behavior_thresholds': {'noise': 0.1, 'decay': 0.1, 'recovery': 0.1, 'shock': 0.1, 'idle': 0.1}, 'behavior_coefficients': {'dampen': 0.5, 'absorb': 1.0, 'ignore': 0.0}}, adaptation_history=[]).active</failure></testcase><testcase classname="src.test.test_degradation.TestDegradationUnit" name="test_active_flag_remains_true_on_zero_stability" time="0.001"><failure message="AssertionError: assert False is True&#10; +  where False = SelfState(life_id='0f028404-b00f-4a69-b45d-2193bd24ee95', birth_timestamp=1768941393.0497758, age=0.0, subjective_time=0.0, ticks=0, energy=100.0, integrity=1.0, stability=0.0, fatigue=0.0, tension=0.0, active=False, recent_events=[], last_significance=0.0, energy_history=[], stability_history=[], planning={}, intelligence={}, memory=[], archive_memory=&lt;src.memory.memory.ArchiveMemory object at 0x7140a13a0b20&gt;, subjective_time_base_rate=1.0, subjective_time_rate_min=0.1, subjective_time_rate_max=3.0, subjective_time_intensity_coeff=1.0, subjective_time_stability_coeff=0.5, subjective_time_energy_coeff=0.5, subjective_time_intensity_smoothing=0.3, time_ratio_history=[], last_event_intensity=0.0, activated_memory=[], last_pattern='', learning_params={'event_type_sensitivity': {'noise': 0.2, 'decay': 0.2, 'recovery': 0.2, 'shock': 0.2, 'idle': 0.2}, 'significance_thresholds': {'noise': 0.1, 'decay': 0.1, 'recovery': 0.1, 'shock': 0.1, 'idle': 0.1}, 'response_coefficients': {'dampen': 0.5, 'absorb': 1.0, 'ignore': 0.0}}, adaptation_params={'behavior_sensitivity': {'noise': 0.2, 'decay': 0.2, 'recovery': 0.2, 'shock': 0.2, 'idle': 0.2}, 'behavior_thresholds': {'noise': 0.1, 'decay': 0.1, 'recovery': 0.1, 'shock': 0.1, 'idle': 0.1}, 'behavior_coefficients': {'dampen': 0.5, 'absorb': 1.0, 'ignore': 0.0}}, adaptation_history=[]).active">src/test/test_degradation.py:147: in test_active_flag_remains_true_on_zero_stability
    assert state.active is True
E   AssertionError: assert False is True
E    +  where False = SelfState(life_id='0f028404-b00f-4a69-b45d-2193bd24ee95', birth_timestamp=1768941393.0497758, age=0.0, subjective_time=0.0, ticks=0, energy=100.0, integrity=1.0, stability=0.0, fatigue=0.0, tension=0.0, active=False, recent_events=[], last_significance=0.0, energy_history=[], stability_history=[], planning={}, intelligence={}, memory=[], archive_memory=&lt;src.memory.memory.ArchiveMemory object at 0x7140a13a0b20&gt;, subjective_time_base_rate=1.0, subjective_time_rate_min=0.1, subjective_time_rate_max=3.0, subjective_time_intensity_coeff=1.0, subjective_time_stability_coeff=0.5, subjective_time_energy_coeff=0.5, subjective_time_intensity_smoothing=0.3, time_ratio_history=[], last_event_intensity=0.0, activated_memory=[], last_pattern='', learning_params={'event_type_sensitivity': {'noise': 0.2, 'decay': 0.2, 'recovery': 0.2, 'shock': 0.2, 'idle': 0.2}, 'significance_thresholds': {'noise': 0.1, 'decay': 0.1, 'recovery': 0.1, 'shock': 0.1, 'idle': 0.1}, 'response_coefficients': {'dampen': 0.5, 'absorb': 1.0, 'ignore': 0.0}}, adaptation_params={'behavior_sensitivity': {'noise': 0.2, 'decay': 0.2, 'recovery': 0.2, 'shock': 0.2, 'idle': 0.2}, 'behavior_thresholds': {'noise': 0.1, 'decay': 0.1, 'recovery': 0.1, 'shock': 0.1, 'idle': 0.1}, 'behavior_coefficients': {'dampen': 0.5, 'absorb': 1.0, 'ignore': 0.0}}, adaptation_history=[]).active</failure></testcase><testcase classname="src.test.test_degradation.TestDegradationUnit" name="test_degradation_preserves_other_state" time="0.001" /><testcase classname="src.test.test_degradation.TestDegradationUnit" name="test_gradual_degradation_history" time="0.001" /><testcase classname="src.test.test_degradation.TestDegradationIntegration" name="test_energy_degradation_in_loop_with_events" time="0.505" /><testcase classname="src.test.test_degradation.TestDegradationIntegration" name="test_weakness_penalty_acceleration" time="0.302" /><testcase classname="src.test.test_degradation.TestDegradationIntegration" name="test_full_degradation_cycle" time="0.804" /><testcase classname="src.test.test_degradation.TestDegradationIntegration" name="test_system_continues_on_energy_zero" time="0.302"><failure message="AssertionError: assert False is True&#10; +  where False = SelfState(life_id='3f66792a-39ff-443b-b7bd-2448f2663545', birth_timestamp=1768941394.7670295, age=0.2506678104400635, subjective_time=0.12609456930520263, ticks=6, energy=0.004986643791198731, integrity=0.0, stability=0.0, fatigue=0.0, tension=0.0, active=False, recent_events=[], last_significance=0.0, energy_history=[], stability_history=[], planning={}, intelligence={}, memory=[], archive_memory=&lt;src.memory.memory.ArchiveMemory object at 0x7140a158a2f0&gt;, subjective_time_base_rate=1.0, subjective_time_rate_min=0.1, subjective_time_rate_max=3.0, subjective_time_intensity_coeff=1.0, subjective_time_stability_coeff=0.5, subjective_time_energy_coeff=0.5, subjective_time_intensity_smoothing=0.3, time_ratio_history=[], last_event_intensity=0.0, activated_memory=[], last_pattern='', learning_params={'event_type_sensitivity': {'noise': 0.2, 'decay': 0.2, 'recovery': 0.2, 'shock': 0.2, 'idle': 0.2}, 'significance_thresholds': {'noise': 0.1, 'decay': 0.1, 'recovery': 0.1, 'shock': 0.1, 'idle': 0.1}, 'response_coefficients': {'dampen': 0.5, 'absorb': 1.0, 'ignore': 0.0}}, adaptation_params={'behavior_sensitivity': {'noise': 0.2, 'decay': 0.2, 'recovery': 0.2, 'shock': 0.2, 'idle': 0.2}, 'behavior_thresholds': {'noise': 0.1, 'decay': 0.1, 'recovery': 0.1, 'shock': 0.1, 'idle': 0.1}, 'behavior_coefficients': {'dampen': 0.5, 'absorb': 1.0, 'ignore': 0.0}}, adaptation_history=[]).active">src/test/test_degradation.py:309: in test_system_continues_on_energy_zero
    assert state.active is True
E   AssertionError: assert False is True
E    +  where False = SelfState(life_id='3f66792a-39ff-443b-b7bd-2448f2663545', birth_timestamp=1768941394.7670295, age=0.2506678104400635, subjective_time=0.12609456930520263, ticks=6, energy=0.004986643791198731, integrity=0.0, stability=0.0, fatigue=0.0, tension=0.0, active=False, recent_events=[], last_significance=0.0, energy_history=[], stability_history=[], planning={}, intelligence={}, memory=[], archive_memory=&lt;src.memory.memory.ArchiveMemory object at 0x7140a158a2f0&gt;, subjective_time_base_rate=1.0, subjective_time_rate_min=0.1, subjective_time_rate_max=3.0, subjective_time_intensity_coeff=1.0, subjective_time_stability_coeff=0.5, subjective_time_energy_coeff=0.5, subjective_time_intensity_smoothing=0.3, time_ratio_history=[], last_event_intensity=0.0, activated_memory=[], last_pattern='', learning_params={'event_type_sensitivity': {'noise': 0.2, 'decay': 0.2, 'recovery': 0.2, 'shock': 0.2, 'idle': 0.2}, 'significance_thresholds': {'noise': 0.1, 'decay': 0.1, 'recovery': 0.1, 'shock': 0.1, 'idle': 0.1}, 'response_coefficients': {'dampen': 0.5, 'absorb': 1.0, 'ignore': 0.0}}, adaptation_params={'behavior_sensitivity': {'noise': 0.2, 'decay': 0.2, 'recovery': 0.2, 'shock': 0.2, 'idle': 0.2}, 'behavior_thresholds': {'noise': 0.1, 'decay': 0.1, 'recovery': 0.1, 'shock': 0.1, 'idle': 0.1}, 'behavior_coefficients': {'dampen': 0.5, 'absorb': 1.0, 'ignore': 0.0}}, adaptation_history=[]).active</failure></testcase><testcase classname="src.test.test_degradation.TestDegradationIntegration" name="test_system_continues_on_integrity_zero" time="0.203"><failure message="AssertionError: assert False is True&#10; +  where False = SelfState(life_id='4cd43b65-223d-4e0f-bd92-d9687b9c4e9f', birth_timestamp=1768941395.0955234, age=0.15118956565856934, subjective_time=0.2266311858008216, ticks=4, energy=99.99697620868683, integrity=0.0, stability=0.9939524173736571, fatigue=0.0, tension=0.0, active=False, recent_events=[], last_significance=0.0, energy_history=[], stability_history=[], planning={}, intelligence={}, memory=[], archive_memory=&lt;src.memory.memory.ArchiveMemory object at 0x7140a202cc10&gt;, subjective_time_base_rate=1.0, subjective_time_rate_min=0.1, subjective_time_rate_max=3.0, subjective_time_intensity_coeff=1.0, subjective_time_stability_coeff=0.5, subjective_time_energy_coeff=0.5, subjective_time_intensity_smoothing=0.3, time_ratio_history=[], last_event_intensity=0.0, activated_memory=[], last_pattern='', learning_params={'event_type_sensitivity': {'noise': 0.2, 'decay': 0.2, 'recovery': 0.2, 'shock': 0.2, 'idle': 0.2}, 'significance_thresholds': {'noise': 0.1, 'decay': 0.1, 'recovery': 0.1, 'shock': 0.1, 'idle': 0.1}, 'response_coefficients': {'dampen': 0.5, 'absorb': 1.0, 'ignore': 0.0}}, adaptation_params={'behavior_sensitivity': {'noise': 0.2, 'decay': 0.2, 'recovery': 0.2, 'shock': 0.2, 'idle': 0.2}, 'behavior_thresholds': {'noise': 0.1, 'decay': 0.1, 'recovery': 0.1, 'shock': 0.1, 'idle': 0.1}, 'behavior_coefficients': {'dampen': 0.5, 'absorb': 1.0, 'ignore': 0.0}}, adaptation_history=[]).active">src/test/test_degradation.py:333: in test_system_continues_on_integrity_zero
    assert state.active is True
E   AssertionError: assert False is True
E    +  where False = SelfState(life_id='4cd43b65-223d-4e0f-bd92-d9687b9c4e9f', birth_timestamp=1768941395.0955234, age=0.15118956565856934, subjective_time=0.2266311858008216, ticks=4, energy=99.99697620868683, integrity=0.0, stability=0.9939524173736571, fatigue=0.0, tension=0.0, active=False, recent_events=[], last_significance=0.0, energy_history=[], stability_history=[], planning={}, intelligence={}, memory=[], archive_memory=&lt;src.memory.memory.ArchiveMemory object at 0x7140a202cc10&gt;, subjective_time_base_rate=1.0, subjective_time_rate_min=0.1, subjective_time_rate_max=3.0, subjective_time_intensity_coeff=1.0, subjective_time_stability_coeff=0.5, subjective_time_energy_coeff=0.5, subjective_time_intensity_smoothing=0.3, time_ratio_history=[], last_event_intensity=0.0, activated_memory=[], last_pattern='', learning_params={'event_type_sensitivity': {'noise': 0.2, 'decay': 0.2, 'recovery': 0.2, 'shock': 0.2, 'idle': 0.2}, 'significance_thresholds': {'noise': 0.1, 'decay': 0.1, 'recovery': 0.1, 'shock': 0.1, 'idle': 0.1}, 'response_coefficients': {'dampen': 0.5, 'absorb': 1.0, 'ignore': 0.0}}, adaptation_params={'behavior_sensitivity': {'noise': 0.2, 'decay': 0.2, 'recovery': 0.2, 'shock': 0.2, 'idle': 0.2}, 'behavior_thresholds': {'noise': 0.1, 'decay': 0.1, 'recovery': 0.1, 'shock': 0.1, 'idle': 0.1}, 'behavior_coefficients': {'dampen': 0.5, 'absorb': 1.0, 'ignore': 0.0}}, adaptation_history=[]).active</failure></testcase><testcase classname="src.test.test_degradation.TestDegradationIntegration" name="test_system_continues_on_stability_zero" time="0.202"><failure message="AssertionError: assert False is True&#10; +  where False = SelfState(life_id='3eaa2c73-3d22-40fc-b9e4-de296dc2a1de', birth_timestamp=1768941395.3220372, age=0.15064215660095215, subjective_time=0.15064140010020702, ticks=4, energy=99.99698715686797, integrity=0.9939743137359619, stability=0.0, fatigue=0.0, tension=0.0, active=False, recent_events=[], last_significance=0.0, energy_history=[], stability_history=[], planning={}, intelligence={}, memory=[], archive_memory=&lt;src.memory.memory.ArchiveMemory object at 0x7140a15c4ac0&gt;, subjective_time_base_rate=1.0, subjective_time_rate_min=0.1, subjective_time_rate_max=3.0, subjective_time_intensity_coeff=1.0, subjective_time_stability_coeff=0.5, subjective_time_energy_coeff=0.5, subjective_time_intensity_smoothing=0.3, time_ratio_history=[], last_event_intensity=0.0, activated_memory=[], last_pattern='', learning_params={'event_type_sensitivity': {'noise': 0.2, 'decay': 0.2, 'recovery': 0.2, 'shock': 0.2, 'idle': 0.2}, 'significance_thresholds': {'noise': 0.1, 'decay': 0.1, 'recovery': 0.1, 'shock': 0.1, 'idle': 0.1}, 'response_coefficients': {'dampen': 0.5, 'absorb': 1.0, 'ignore': 0.0}}, adaptation_params={'behavior_sensitivity': {'noise': 0.2, 'decay': 0.2, 'recovery': 0.2, 'shock': 0.2, 'idle': 0.2}, 'behavior_thresholds': {'noise': 0.1, 'decay': 0.1, 'recovery': 0.1, 'shock': 0.1, 'idle': 0.1}, 'behavior_coefficients': {'dampen': 0.5, 'absorb': 1.0, 'ignore': 0.0}}, adaptation_history=[]).active">src/test/test_degradation.py:356: in test_system_continues_on_stability_zero
    assert state.active is True
E   AssertionError: assert False is True
E    +  where False = SelfState(life_id='3eaa2c73-3d22-40fc-b9e4-de296dc2a1de', birth_timestamp=1768941395.3220372, age=0.15064215660095215, subjective_time=0.15064140010020702, ticks=4, energy=99.99698715686797, integrity=0.9939743137359619, stability=0.0, fatigue=0.0, tension=0.0, active=False, recent_events=[], last_significance=0.0, energy_history=[], stability_history=[], planning={}, intelligence={}, memory=[], archive_memory=&lt;src.memory.memory.ArchiveMemory object at 0x7140a15c4ac0&gt;, subjective_time_base_rate=1.0, subjective_time_rate_min=0.1, subjective_time_rate_max=3.0, subjective_time_intensity_coeff=1.0, subjective_time_stability_coeff=0.5, subjective_time_energy_coeff=0.5, subjective_time_intensity_smoothing=0.3, time_ratio_history=[], last_event_intensity=0.0, activated_memory=[], last_pattern='', learning_params={'event_type_sensitivity': {'noise': 0.2, 'decay': 0.2, 'recovery': 0.2, 'shock': 0.2, 'idle': 0.2}, 'significance_thresholds': {'noise': 0.1, 'decay': 0.1, 'recovery': 0.1, 'shock': 0.1, 'idle': 0.1}, 'response_coefficients': {'dampen': 0.5, 'absorb': 1.0, 'ignore': 0.0}}, adaptation_params={'behavior_sensitivity': {'noise': 0.2, 'decay': 0.2, 'recovery': 0.2, 'shock': 0.2, 'idle': 0.2}, 'behavior_thresholds': {'noise': 0.1, 'decay': 0.1, 'recovery': 0.1, 'shock': 0.1, 'idle': 0.1}, 'behavior_coefficients': {'dampen': 0.5, 'absorb': 1.0, 'ignore': 0.0}}, adaptation_history=[]).active</failure></testcase><testcase classname="src.test.test_degradation.TestDegradationIntegration" name="test_loop_continues_while_degrading" time="0.303" /><testcase classname="src.test.test_degradation.TestDegradationEdgeCases" name="test_boundary_values_energy" time="0.001" /><testcase classname="src.test.test_degradation.TestDegradationEdgeCases" name="test_boundary_values_integrity" time="0.001" /><testcase classname="src.test.test_degradation.TestDegradationEdgeCases" name="test_boundary_values_stability" time="0.001" /><testcase classname="src.test.test_degradation.TestDegradationEdgeCases" name="test_weakness_threshold_boundary" time="0.001" /><testcase classname="src.test.test_degradation.TestDegradationEdgeCases" name="test_rapid_degradation_many_events" time="0.506" /><testcase classname="src.test.test_degradation.TestDegradationEdgeCases" name="test_degradation_with_memory" time="0.303" /><testcase classname="src.test.test_degradation.TestDegradationEdgeCases" name="test_degradation_does_not_affect_identity" time="0.302" /><testcase classname="src.test.test_degradation.TestDegradationEdgeCases" name="test_system_continues_with_all_params_zero" time="0.203"><failure message="AssertionError: assert False is True&#10; +  where False = SelfState(life_id='96a9911b-b7d5-4f8b-b9a3-a2bfb5d25ba9', birth_timestamp=1768941396.985372, age=0.15085792541503906, subjective_time=0.07542896270751953, ticks=4, energy=0.0, integrity=0.0, stability=0.0, fatigue=0.0, tension=0.0, active=False, recent_events=[], last_significance=0.0, energy_history=[], stability_history=[], planning={}, intelligence={}, memory=[], archive_memory=&lt;src.memory.memory.ArchiveMemory object at 0x7140a165b280&gt;, subjective_time_base_rate=1.0, subjective_time_rate_min=0.1, subjective_time_rate_max=3.0, subjective_time_intensity_coeff=1.0, subjective_time_stability_coeff=0.5, subjective_time_energy_coeff=0.5, subjective_time_intensity_smoothing=0.3, time_ratio_history=[], last_event_intensity=0.0, activated_memory=[], last_pattern='', learning_params={'event_type_sensitivity': {'noise': 0.2, 'decay': 0.2, 'recovery': 0.2, 'shock': 0.2, 'idle': 0.2}, 'significance_thresholds': {'noise': 0.1, 'decay': 0.1, 'recovery': 0.1, 'shock': 0.1, 'idle': 0.1}, 'response_coefficients': {'dampen': 0.5, 'absorb': 1.0, 'ignore': 0.0}}, adaptation_params={'behavior_sensitivity': {'noise': 0.2, 'decay': 0.2, 'recovery': 0.2, 'shock': 0.2, 'idle': 0.2}, 'behavior_thresholds': {'noise': 0.1, 'decay': 0.1, 'recovery': 0.1, 'shock': 0.1, 'idle': 0.1}, 'behavior_coefficients': {'dampen': 0.5, 'absorb': 1.0, 'ignore': 0.0}}, adaptation_history=[]).active">src/test/test_degradation.py:595: in test_system_continues_with_all_params_zero
    assert state.active is True
E   AssertionError: assert False is True
E    +  where False = SelfState(life_id='96a9911b-b7d5-4f8b-b9a3-a2bfb5d25ba9', birth_timestamp=1768941396.985372, age=0.15085792541503906, subjective_time=0.07542896270751953, ticks=4, energy=0.0, integrity=0.0, stability=0.0, fatigue=0.0, tension=0.0, active=False, recent_events=[], last_significance=0.0, energy_history=[], stability_history=[], planning={}, intelligence={}, memory=[], archive_memory=&lt;src.memory.memory.ArchiveMemory object at 0x7140a165b280&gt;, subjective_time_base_rate=1.0, subjective_time_rate_min=0.1, subjective_time_rate_max=3.0, subjective_time_intensity_coeff=1.0, subjective_time_stability_coeff=0.5, subjective_time_energy_coeff=0.5, subjective_time_intensity_smoothing=0.3, time_ratio_history=[], last_event_intensity=0.0, activated_memory=[], last_pattern='', learning_params={'event_type_sensitivity': {'noise': 0.2, 'decay': 0.2, 'recovery': 0.2, 'shock': 0.2, 'idle': 0.2}, 'significance_thresholds': {'noise': 0.1, 'decay': 0.1, 'recovery': 0.1, 'shock': 0.1, 'idle': 0.1}, 'response_coefficients': {'dampen': 0.5, 'absorb': 1.0, 'ignore': 0.0}}, adaptation_params={'behavior_sensitivity': {'noise': 0.2, 'decay': 0.2, 'recovery': 0.2, 'shock': 0.2, 'idle': 0.2}, 'behavior_thresholds': {'noise': 0.1, 'decay': 0.1, 'recovery': 0.1, 'shock': 0.1, 'idle': 0.1}, 'behavior_coefficients': {'dampen': 0.5, 'absorb': 1.0, 'ignore': 0.0}}, adaptation_history=[]).active</failure></testcase><testcase classname="src.test.test_degradation.TestDegradationRecovery" name="test_energy_recovery_possible" time="0.001" /><testcase classname="src.test.test_degradation.TestDegradationRecovery" name="test_integrity_recovery_possible" time="0.001" /><testcase classname="src.test.test_degradation.TestDegradationRecovery" name="test_stability_recovery_possible" time="0.001" /><testcase classname="src.test.test_degradation.TestDegradationRecovery" name="test_recovery_from_near_zero" time="0.001" /><testcase classname="src.test.test_degradation.TestDegradationRecovery" name="test_active_flag_stays_false_after_deactivation" time="0.001" /><testcase classname="src.test.test_degradation.TestDegradationRecovery" name="test_learning_params_recovery_from_snapshot" time="0.028" /><testcase classname="src.test.test_degradation.TestDegradationRecovery" name="test_adaptation_params_recovery_from_snapshot" time="0.028" /><testcase classname="src.test.test_degradation.TestDegradationRecovery" name="test_learning_adaptation_params_recovery_together" time="0.026" /><testcase time="0.000" /><testcase classname="pytest" name="internal" time="0.000"><error message="internal error">Traceback (most recent call last):
  File "/usr/local/lib/python3.10/dist-packages/_pytest/main.py", line 318, in wrap_session
    session.exitstatus = doit(config, session) or 0
  File "/usr/local/lib/python3.10/dist-packages/_pytest/main.py", line 372, in _main
    config.hook.pytest_runtestloop(session=session)
  File "/usr/local/lib/python3.10/dist-packages/pluggy/_hooks.py", line 512, in __call__
    return self._hookexec(self.name, self._hookimpls.copy(), kwargs, firstresult)
  File "/usr/local/lib/python3.10/dist-packages/pluggy/_manager.py", line 120, in _hookexec
    return self._inner_hookexec(hook_name, methods, kwargs, firstresult)
  File "/usr/local/lib/python3.10/dist-packages/pluggy/_callers.py", line 167, in _multicall
    raise exception
  File "/usr/local/lib/python3.10/dist-packages/pluggy/_callers.py", line 139, in _multicall
    teardown.throw(exception)
  File "/usr/local/lib/python3.10/dist-packages/_pytest/logging.py", line 801, in pytest_runtestloop
    return (yield)  # Run all the tests.
  File "/usr/local/lib/python3.10/dist-packages/pluggy/_callers.py", line 139, in _multicall
    teardown.throw(exception)
  File "/usr/local/lib/python3.10/dist-packages/_pytest/terminal.py", line 707, in pytest_runtestloop
    result = yield
  File "/usr/local/lib/python3.10/dist-packages/pluggy/_callers.py", line 121, in _multicall
    res = hook_impl.function(*args)
  File "/usr/local/lib/python3.10/dist-packages/_pytest/main.py", line 396, in pytest_runtestloop
    item.config.hook.pytest_runtest_protocol(item=item, nextitem=nextitem)
  File "/usr/local/lib/python3.10/dist-packages/pluggy/_hooks.py", line 512, in __call__
    return self._hookexec(self.name, self._hookimpls.copy(), kwargs, firstresult)
  File "/usr/local/lib/python3.10/dist-packages/pluggy/_manager.py", line 120, in _hookexec
    return self._inner_hookexec(hook_name, methods, kwargs, firstresult)
  File "/usr/local/lib/python3.10/dist-packages/pluggy/_callers.py", line 167, in _multicall
    raise exception
  File "/usr/local/lib/python3.10/dist-packages/pluggy/_callers.py", line 139, in _multicall
    teardown.throw(exception)
  File "/usr/local/lib/python3.10/dist-packages/_pytest/warnings.py", line 89, in pytest_runtest_protocol
    return (yield)
  File "/usr/local/lib/python3.10/dist-packages/pluggy/_callers.py", line 139, in _multicall
    teardown.throw(exception)
  File "/usr/local/lib/python3.10/dist-packages/_pytest/assertion/__init__.py", line 192, in pytest_runtest_protocol
    return (yield)
  File "/usr/local/lib/python3.10/dist-packages/pluggy/_callers.py", line 139, in _multicall
    teardown.throw(exception)
  File "/usr/local/lib/python3.10/dist-packages/_pytest/unittest.py", line 587, in pytest_runtest_protocol
    return (yield)
  File "/usr/local/lib/python3.10/dist-packages/pluggy/_callers.py", line 139, in _multicall
    teardown.throw(exception)
  File "/usr/local/lib/python3.10/dist-packages/_pytest/faulthandler.py", line 102, in pytest_runtest_protocol
    return (yield)
  File "/usr/local/lib/python3.10/dist-packages/pluggy/_callers.py", line 121, in _multicall
    res = hook_impl.function(*args)
  File "/usr/local/lib/python3.10/dist-packages/_pytest/runner.py", line 118, in pytest_runtest_protocol
    runtestprotocol(item, nextitem=nextitem)
  File "/usr/local/lib/python3.10/dist-packages/_pytest/runner.py", line 137, in runtestprotocol
    reports.append(call_and_report(item, "call", log))
  File "/usr/local/lib/python3.10/dist-packages/_pytest/runner.py", line 251, in call_and_report
    ihook.pytest_runtest_logreport(report=report)
  File "/usr/local/lib/python3.10/dist-packages/pluggy/_hooks.py", line 512, in __call__
    return self._hookexec(self.name, self._hookimpls.copy(), kwargs, firstresult)
  File "/usr/local/lib/python3.10/dist-packages/pluggy/_manager.py", line 120, in _hookexec
    return self._inner_hookexec(hook_name, methods, kwargs, firstresult)
  File "/usr/local/lib/python3.10/dist-packages/pluggy/_callers.py", line 167, in _multicall
    raise exception
  File "/usr/local/lib/python3.10/dist-packages/pluggy/_callers.py", line 121, in _multicall
    res = hook_impl.function(*args)
  File "/usr/local/lib/python3.10/dist-packages/_pytest/terminal.py", line 685, in pytest_runtest_logreport
    self._write_progress_information_filling_space()
  File "/usr/local/lib/python3.10/dist-packages/_pytest/terminal.py", line 785, in _write_progress_information_filling_space
    self.write(msg.rjust(fill), flush=True, **{color: True})
  File "/usr/local/lib/python3.10/dist-packages/_pytest/terminal.py", line 525, in write
    self._tw.write(content, flush=flush, **markup)
  File "/usr/local/lib/python3.10/dist-packages/_pytest/_io/terminalwriter.py", line 164, in write
    self.write_raw(msg, flush=flush)
  File "/usr/local/lib/python3.10/dist-packages/_pytest/_io/terminalwriter.py", line 180, in write_raw
    self.flush()
  File "/usr/local/lib/python3.10/dist-packages/_pytest/_io/terminalwriter.py", line 187, in flush
    self._file.flush()
BrokenPipeError: [Errno 32] Broken pipe</error></testcase></testsuite></testsuites>
