<?xml version="1.0" encoding="utf-8"?><testsuites name="pytest tests"><testsuite name="pytest" errors="1" failures="0" skipped="0" tests="1" time="8.254" timestamp="2026-01-21T09:48:27.848224+00:00" hostname="601e704739a9"><testcase classname="" name="src.test.test_reporting" time="0.000"><error message="collection failure">src/test/test_reporting.py:16: in &lt;module&gt;
    from src.observability.reporting import ReportGenerator
src/observability/reporting.py:582: in &lt;module&gt;
    setup_jinja_filters()
src/observability/reporting.py:578: in setup_jinja_filters
    Template.__globals__['datetime'] = datetime_filter
E   AttributeError: type object 'Template' has no attribute '__globals__'</error></testcase></testsuite></testsuites>