<?xml version="1.0" encoding="utf-8"?><testsuites name="pytest tests"><testsuite name="pytest" errors="0" failures="5" skipped="4" tests="327" time="33.912" timestamp="2026-01-20T23:39:57.489557+00:00" hostname="601e704739a9"><properties>
[...]
</properties><testcase classname="src.test.test_smoke.TestSmoke" name="test_memory_smoke" time="0.016" /><testcase classname="src.test.test_smoke.TestSmoke" name="test_learning_smoke" time="0.001" /><testcase classname="src.test.test_smoke.TestSmoke" name="test_selfstate_smoke" time="0.001" /><testcase classname="src.test.test_smoke.TestSmoke" name="test_runtime_loop_smoke" time="0.001" /><testcase classname="src.test.test_smoke.TestSmoke" name="test_full_system_smoke" time="0.001" /><testcase classname="src.test.test_action.TestExecuteAction" name="test_execute_action_dampen" time="0.001" /><testcase classname="src.test.test_action.TestExecuteAction" name="test_execute_action_dampen_energy_minimum" time="0.001" /><testcase classname="src.test.test_action.TestExecuteAction" name="test_execute_action_absorb" time="0.001" /><testcase classname="src.test.test_action.TestExecuteAction" name="test_execute_action_ignore" time="0.001" /><testcase classname="src.test.test_action.TestExecuteAction" name="test_execute_action_memory_entry_timestamp" time="0.001" /><testcase classname="src.test.test_action.TestExecuteAction" name="test_execute_action_multiple_actions" time="0.001" /><testcase classname="src.test.test_action.TestExecuteAction" name="test_execute_action_dampen_multiple_times" time="0.001" /><testcase classname="src.test.test_action.TestExecuteAction" name="test_execute_action_unknown_pattern" time="0.001" /><testcase classname="src.test.test_action.TestExecuteAction" name="test_execute_action_preserves_other_state" time="0.001" /><testcase classname="src.test.test_action.TestExecuteAction" name="test_execute_action_memory_entry_significance" time="0.001" /><testcase classname="src.test.test_action.TestExecuteAction" name="test_execute_action_empty_memory" time="0.001" /><testcase classname="src.test.test_action.TestExecuteAction" name="test_execute_action_with_existing_memory" time="0.444" /><testcase classname="src.test.test_activation.TestActivateMemory" name="test_activate_memory_empty_memory" time="0.001" /><testcase classname="src.test.test_activation.TestActivateMemory" name="test_activate_memory_no_matches" time="0.001" /><testcase classname="src.test.test_activation.TestActivateMemory" name="test_activate_memory_single_match" time="0.001" /><testcase classname="src.test.test_activation.TestActivateMemory" name="test_activate_memory_multiple_matches" time="0.001" /><testcase classname="src.test.test_activation.TestActivateMemory" name="test_activate_memory_sorted_by_significance" time="0.001" /><testcase classname="src.test.test_activation.TestActivateMemory" name="test_activate_memory_limit_default" time="0.001" /><testcase classname="src.test.test_activation.TestActivateMemory" name="test_activate_memory_custom_limit" time="0.001" /><testcase classname="src.test.test_activation.TestActivateMemory" name="test_activate_memory_limit_one" time="0.001" /><testcase classname="src.test.test_activation.TestActivateMemory" name="test_activate_memory_limit_zero" time="0.001" /><testcase classname="src.test.test_activation.TestActivateMemory" name="test_activate_memory_preserves_original_memory" time="0.001" /><testcase classname="src.test.test_activation.TestActivateMemory" name="test_activate_memory_different_event_types" time="0.001" /><testcase classname="src.test.test_activation.TestActivateMemory" name="test_activate_memory_with_feedback_entries" time="0.001" /><testcase classname="src.test.test_activation.TestActivateMemory" name="test_activate_memory_equal_significance" time="0.001" /><testcase classname="src.test.test_decision.TestDecideResponse" name="test_decide_dampen_high_activated_memory" time="0.001" /><testcase classname="src.test.test_decision.TestDecideResponse" name="test_decide_dampen_max_significance_above_threshold" time="0.001" /><testcase classname="src.test.test_decision.TestDecideResponse" name="test_decide_dampen_max_significance_at_threshold" time="0.001" /><testcase classname="src.test.test_decision.TestDecideResponse" name="test_decide_ignore_low_significance_meaning" time="0.001" /><testcase classname="src.test.test_decision.TestDecideResponse" name="test_decide_ignore_meaning_significance_below_threshold" time="0.001" /><testcase classname="src.test.test_decision.TestDecideResponse" name="test_decide_absorb_normal_conditions" time="0.001" /><testcase classname="src.test.test_decision.TestDecideResponse" name="test_decide_absorb_high_significance_meaning" time="0.001" /><testcase classname="src.test.test_decision.TestDecideResponse" name="test_decide_empty_activated_memory" time="0.001" /><testcase classname="src.test.test_decision.TestDecideResponse" name="test_decide_multiple_activated_memories" time="0.001" /><testcase classname="src.test.test_decision.TestDecideResponse" name="test_decide_activated_memory_max_below_threshold" time="0.001" /><testcase classname="src.test.test_decision.TestDecideResponse" name="test_decide_activated_memory_exactly_at_threshold" time="0.001" /><testcase classname="src.test.test_decision.TestDecideResponse" name="test_decide_meaning_significance_at_threshold" time="0.001" /><testcase classname="src.test.test_decision.TestDecideResponse" name="test_decide_different_event_types_in_memory" time="0.001" /><testcase classname="src.test.test_decision.TestDecideResponse" name="test_decide_consistency" time="0.001" /><testcase classname="src.test.test_environment.TestEvent" name="test_event_creation_minimal" time="0.001" /><testcase classname="src.test.test_environment.TestEvent" name="test_event_creation_with_metadata" time="0.000" /><testcase classname="src.test.test_environment.TestEvent" name="test_event_creation_with_none_metadata" time="0.001" /><testcase classname="src.test.test_environment.TestEvent" name="test_event_different_types" time="0.001" /><testcase classname="src.test.test_environment.TestEvent" name="test_event_intensity_range" time="0.001" /><testcase classname="src.test.test_environment.TestEvent" name="test_event_timestamp" time="0.000" /><testcase classname="src.test.test_environment.TestEvent" name="test_event_custom_timestamp" time="0.000" /><testcase classname="src.test.test_environment.TestEventQueue" name="test_queue_initialization" time="0.001" /><testcase classname="src.test.test_environment.TestEventQueue" name="test_queue_push_single" time="0.001" /><testcase classname="src.test.test_environment.TestEventQueue" name="test_queue_push_multiple" time="0.001" /><testcase classname="src.test.test_environment.TestEventQueue" name="test_queue_pop_single" time="0.001" /><testcase classname="src.test.test_environment.TestEventQueue" name="test_queue_pop_empty" time="0.001" /><testcase classname="src.test.test_environment.TestEventQueue" name="test_queue_pop_fifo_order" time="0.001" /><testcase classname="src.test.test_environment.TestEventQueue" name="test_queue_pop_all_empty" time="0.001" /><testcase classname="src.test.test_environment.TestEventQueue" name="test_queue_pop_all_single" time="0.001" /><testcase classname="src.test.test_environment.TestEventQueue" name="test_queue_pop_all_multiple" time="0.001" /><testcase classname="src.test.test_environment.TestEventQueue" name="test_queue_pop_all_fifo_order" time="0.001" /><testcase classname="src.test.test_environment.TestEventQueue" name="test_queue_size_after_operations" time="0.001" /><testcase classname="src.test.test_environment.TestEventQueue" name="test_queue_is_empty_after_operations" time="0.001" /><testcase classname="src.test.test_environment.TestEventQueue" name="test_queue_push_after_pop_all" time="0.001" /><testcase classname="src.test.test_environment.TestEventQueue" name="test_queue_maxsize_behavior" time="0.001" /><testcase classname="src.test.test_environment.TestEventQueue" name="test_queue_mixed_operations" time="0.001" /><testcase classname="src.test.test_environment.TestEventQueue" name="test_queue_different_event_types" time="0.001" /><testcase classname="src.test.test_event_queue_edge_cases.TestEventQueueEdgeCases" name="test_pop_all_with_empty_exception" time="0.001" /><testcase classname="src.test.test_event_queue_race_condition.TestEventQueueRaceCondition" name="test_pop_all_empty_exception_handling" time="0.001" /><testcase classname="src.test.test_event_queue_race_condition.TestEventQueueRaceCondition" name="test_pop_all_concurrent_access" time="0.001" /><testcase classname="src.test.test_feedback.TestRegisterAction" name="test_register_action_basic" time="0.001" /><testcase classname="src.test.test_feedback.TestRegisterAction" name="test_register_action_different_patterns" time="0.001" /><testcase classname="src.test.test_feedback.TestRegisterAction" name="test_register_action_state_copy" time="0.001" /><testcase classname="src.test.test_feedback.TestRegisterAction" name="test_register_action_multiple" time="0.001" /><testcase classname="src.test.test_feedback.TestObserveConsequences" name="test_observe_consequences_with_changes" time="0.001" /><testcase classname="src.test.test_feedback.TestObserveConsequences" name="test_observe_consequences_minimal_changes" time="0.001" /><testcase classname="src.test.test_feedback.TestObserveConsequences" name="test_observe_consequences_timeout" time="0.001" /><testcase classname="src.test.test_feedback.TestObserveConsequences" name="test_multiple_actions" time="0.001" /><testcase classname="src.test.test_feedback.TestObserveConsequences" name="test_observe_consequences_ticks_waited_increment" time="0.001" /><testcase classname="src.test.test_feedback.TestObserveConsequences" name="test_observe_consequences_positive_delta" time="0.001" /><testcase classname="src.test.test_feedback_data" name="test_feedback_data_storage" time="0.001" /><testcase classname="src.test.test_generator.TestEventGenerator" name="test_generator_initialization" time="0.001" /><testcase classname="src.test.test_generator.TestEventGenerator" name="test_generate_returns_event" time="0.001" /><testcase classname="src.test.test_generator.TestEventGenerator" name="test_generate_event_types" time="0.001" /><testcase classname="src.test.test_generator.TestEventGenerator" name="test_generate_noise_intensity_range" time="0.001" /><testcase classname="src.test.test_generator.TestEventGenerator" name="test_generate_decay_intensity_range" time="0.001" /><testcase classname="src.test.test_generator.TestEventGenerator" name="test_generate_recovery_intensity_range" time="0.001" /><testcase classname="src.test.test_generator.TestEventGenerator" name="test_generate_shock_intensity_range" time="0.001" /><testcase classname="src.test.test_generator.TestEventGenerator" name="test_generate_idle_intensity" time="0.001" /><testcase classname="src.test.test_generator.TestEventGenerator" name="test_generate_timestamp" time="0.001" /><testcase classname="src.test.test_generator.TestEventGenerator" name="test_generate_metadata" time="0.001" /><testcase classname="src.test.test_generator.TestEventGenerator" name="test_generate_multiple_events" time="0.001" /><testcase classname="src.test.test_generator.TestEventGenerator" name="test_generate_event_distribution" time="0.003" /><testcase classname="src.test.test_generator.TestEventGenerator" name="test_generate_event_uniqueness" time="0.001" /><testcase classname="src.test.test_generator.TestGeneratorCLI" name="test_send_event_success" time="0.043" /><testcase classname="src.test.test_generator.TestGeneratorCLI" name="test_send_event_connection_error" time="0.001" /><testcase classname="src.test.test_generator.TestGeneratorCLI" name="test_send_event_timeout" time="0.001" /><testcase classname="src.test.test_generator_cli.TestGeneratorCLI" name="test_send_event_success" time="0.001" /><testcase classname="src.test.test_generator_cli.TestGeneratorCLI" name="test_send_event_request_exception" time="0.001" /><testcase classname="src.test.test_generator_cli.TestGeneratorCLI" name="test_send_event_general_exception" time="0.001" /><testcase classname="src.test.test_generator_cli.TestGeneratorCLI" name="test_main_function_basic" time="0.003" /><testcase classname="src.test.test_generator_cli.TestGeneratorCLI" name="test_main_function_send_event_called" time="0.003" /><testcase classname="src.test.test_generator_cli.TestGeneratorCLI" name="test_main_function_send_failure" time="0.003" /><testcase classname="src.test.test_generator_cli.TestGeneratorCLI" name="test_main_function_if_name_main" time="0.003" /><testcase classname="src.test.test_generator_cli.TestGeneratorCLI" name="test_main_verbose_logging_setup" time="0.105" /><testcase classname="src.test.test_generator_cli.TestGeneratorCLI" name="test_main_default_logging_setup" time="0.004" /><testcase classname="src.test.test_intelligence.TestProcessInformation" name="test_process_information_basic" time="0.001" /><testcase classname="src.test.test_intelligence.TestProcessInformation" name="test_process_information_empty_recent_events" time="0.001" /><testcase classname="src.test.test_intelligence.TestProcessInformation" name="test_process_information_empty_planning" time="0.001" /><testcase classname="src.test.test_intelligence.TestProcessInformation" name="test_process_information_energy_values" time="0.001" /><testcase classname="src.test.test_intelligence.TestProcessInformation" name="test_process_information_stability_values" time="0.001" /><testcase classname="src.test.test_intelligence.TestProcessInformation" name="test_process_information_planning_sequences" time="0.001" /><testcase classname="src.test.test_intelligence.TestProcessInformation" name="test_process_information_preserves_other_fields" time="0.001" /><testcase classname="src.test.test_intelligence.TestProcessInformation" name="test_process_information_multiple_calls" time="0.001" /><testcase classname="src.test.test_intelligence.TestProcessInformation" name="test_process_information_complex_state" time="0.001" /><testcase classname="src.test.test_intelligence.TestProcessInformation" name="test_process_information_planning_without_sequences_key" time="0.001" /><testcase classname="src.test.test_meaning.TestMeaning" name="test_meaning_creation_minimal" time="0.001" /><testcase classname="src.test.test_meaning.TestMeaning" name="test_meaning_creation_full" time="0.001" /><testcase classname="src.test.test_meaning.TestMeaning" name="test_meaning_significance_validation_valid" time="0.001" /><testcase classname="src.test.test_meaning.TestMeaning" name="test_meaning_significance_validation_invalid_negative" time="0.001" /><testcase classname="src.test.test_meaning.TestMeaning" name="test_meaning_significance_validation_invalid_above_one" time="0.001" /><testcase classname="src.test.test_meaning.TestMeaning" name="test_meaning_impact_empty" time="0.001" /><testcase classname="src.test.test_meaning.TestMeaning" name="test_meaning_impact_multiple_params" time="0.001" /><testcase classname="src.test.test_meaning.TestMeaningEngine" name="test_engine_initialization" time="0.001" /><testcase classname="src.test.test_meaning.TestMeaningEngine" name="test_appraisal_shock_event" time="0.001" /><testcase classname="src.test.test_meaning.TestMeaningEngine" name="test_appraisal_noise_event" time="0.001" /><testcase classname="src.test.test_meaning.TestMeaningEngine" name="test_appraisal_intensity_effect" time="0.001" /><testcase classname="src.test.test_meaning.TestMeaningEngine" name="test_appraisal_low_integrity_amplification" time="0.001" /><testcase classname="src.test.test_meaning.TestMeaningEngine" name="test_appraisal_low_stability_amplification" time="0.001" /><testcase classname="src.test.test_meaning.TestMeaningEngine" name="test_appraisal_range_limits" time="0.001" /><testcase classname="src.test.test_meaning.TestMeaningEngine" name="test_impact_model_shock" time="0.001" /><testcase classname="src.test.test_meaning.TestMeaningEngine" name="test_impact_model_recovery" time="0.001" /><testcase classname="src.test.test_meaning.TestMeaningEngine" name="test_impact_model_intensity_scaling" time="0.001" /><testcase classname="src.test.test_meaning.TestMeaningEngine" name="test_impact_model_significance_scaling" time="0.001" /><testcase classname="src.test.test_meaning.TestMeaningEngine" name="test_impact_model_unknown_event_type" time="0.001" /><testcase classname="src.test.test_meaning.TestMeaningEngine" name="test_response_pattern_ignore_low_significance" time="0.001" /><testcase classname="src.test.test_meaning.TestMeaningEngine" name="test_response_pattern_dampen_high_stability" time="0.001" /><testcase classname="src.test.test_meaning.TestMeaningEngine" name="test_response_pattern_amplify_low_stability" time="0.001" /><testcase classname="src.test.test_meaning.TestMeaningEngine" name="test_response_pattern_absorb_normal" time="0.001" /><testcase classname="src.test.test_meaning.TestMeaningEngine" name="test_process_complete_flow" time="0.001" /><testcase classname="src.test.test_meaning.TestMeaningEngine" name="test_process_ignore_pattern" time="0.001" /><testcase classname="src.test.test_meaning.TestMeaningEngine" name="test_process_dampen_pattern" time="0.001" /><testcase classname="src.test.test_meaning.TestMeaningEngine" name="test_process_amplify_pattern" time="0.001" /><testcase classname="src.test.test_memory.TestMemoryEntry" name="test_memory_entry_creation" time="0.001" /><testcase classname="src.test.test_memory.TestMemoryEntry" name="test_memory_entry_with_feedback_data" time="0.001" /><testcase classname="src.test.test_memory.TestMemoryEntry" name="test_memory_entry_with_subjective_timestamp" time="0.001" /><testcase classname="src.test.test_memory.TestMemoryEntry" name="test_memory_entry_subjective_timestamp_default" time="0.001" /><testcase classname="src.test.test_memory.TestMemoryEntry" name="test_memory_entry_different_event_types" time="0.001" /><testcase classname="src.test.test_memory.TestMemoryEntry" name="test_memory_entry_significance_range" time="0.001" /><testcase classname="src.test.test_memory.TestMemory" name="test_memory_initialization" time="0.001" /><testcase classname="src.test.test_memory.TestMemory" name="test_memory_append_single" time="0.001" /><testcase classname="src.test.test_memory.TestMemory" name="test_memory_append_multiple" time="0.001" /><testcase classname="src.test.test_memory.TestMemory" name="test_memory_clamp_size_at_limit" time="0.001" /><testcase classname="src.test.test_memory.TestMemory" name="test_memory_clamp_size_over_limit" time="0.001" /><testcase classname="src.test.test_memory.TestMemory" name="test_memory_preserves_order" time="0.001" /><testcase classname="src.test.test_memory.TestMemory" name="test_memory_with_feedback_entries" time="0.001" /><testcase classname="src.test.test_memory.TestMemory" name="test_memory_mixed_entries" time="0.001" /><testcase classname="src.test.test_memory.TestMemory" name="test_memory_list_operations" time="0.001" /><testcase classname="src.test.test_monitor.TestMonitor" name="test_log_function" time="0.001" /><testcase classname="src.test.test_monitor.TestMonitor" name="test_monitor_basic" time="0.203" /><testcase classname="src.test.test_monitor.TestMonitor" name="test_monitor_with_activated_memory" time="0.003" /><testcase classname="src.test.test_monitor.TestMonitor" name="test_monitor_without_activated_memory" time="0.003" /><testcase classname="src.test.test_monitor.TestMonitor" name="test_monitor_multiple_calls" time="0.003" /><testcase classname="src.test.test_monitor.TestMonitor" name="test_monitor_log_file_append" time="0.003" /><testcase classname="src.test.test_monitor.TestMonitor" name="test_monitor_all_state_fields" time="0.003" /><testcase classname="src.test.test_planning.TestRecordPotentialSequences" name="test_record_potential_sequences_empty_recent_events" time="0.001" /><testcase classname="src.test.test_planning.TestRecordPotentialSequences" name="test_record_potential_sequences_single_event" time="0.001" /><testcase classname="src.test.test_planning.TestRecordPotentialSequences" name="test_record_potential_sequences_two_events" time="0.001" /><testcase classname="src.test.test_planning.TestRecordPotentialSequences" name="test_record_potential_sequences_multiple_events" time="0.001" /><testcase classname="src.test.test_planning.TestRecordPotentialSequences" name="test_record_potential_sequences_sources_used" time="0.001" /><testcase classname="src.test.test_planning.TestRecordPotentialSequences" name="test_record_potential_sequences_preserves_other_fields" time="0.001" /><testcase classname="src.test.test_planning.TestRecordPotentialSequences" name="test_record_potential_sequences_multiple_calls" time="0.001" /><testcase classname="src.test.test_planning.TestRecordPotentialSequences" name="test_record_potential_sequences_empty_histories" time="0.001" /><testcase classname="src.test.test_planning.TestRecordPotentialSequences" name="test_record_potential_sequences_different_event_types" time="0.001" /><testcase classname="src.test.test_property_based.TestSelfStatePropertyBased" name="test_state_parameters_always_in_bounds" time="1.661" /><testcase classname="src.test.test_property_based.TestSelfStatePropertyBased" name="test_apply_delta_always_clamps" time="0.125" /><testcase classname="src.test.test_property_based.TestSelfStatePropertyBased" name="test_energy_delta_idempotent" time="0.125" /><testcase classname="src.test.test_property_based.TestMemoryPropertyBased" name="test_memory_size_always_limited" time="0.232" /><testcase classname="src.test.test_property_based.TestMemoryPropertyBased" name="test_memory_preserves_order" time="0.196" /><testcase classname="src.test.test_property_based.TestMemoryPropertyBased" name="test_memory_append_behavior" time="0.146" /><testcase classname="src.test.test_property_based.TestMemoryEntryPropertyBased" name="test_memory_entry_creation" time="0.125" /><testcase classname="src.test.test_property_based.TestMemoryEntryPropertyBased" name="test_memory_entry_with_feedback" time="0.284" /><testcase classname="src.test.test_state.TestSelfState" name="test_self_state_initialization" time="0.001" /><testcase classname="src.test.test_state.TestSelfState" name="test_self_state_unique_life_id" time="0.001" /><testcase classname="src.test.test_state.TestSelfState" name="test_self_state_birth_timestamp" time="0.001" /><testcase classname="src.test.test_state.TestSelfState" name="test_apply_delta_energy" time="0.001" /><testcase classname="src.test.test_state.TestSelfState" name="test_apply_delta_integrity" time="0.001" /><testcase classname="src.test.test_state.TestSelfState" name="test_apply_delta_stability" time="0.001" /><testcase classname="src.test.test_state.TestSelfState" name="test_apply_delta_multiple_params" time="0.001" /><testcase classname="src.test.test_state.TestSelfState" name="test_apply_delta_ticks" time="0.001" /><testcase classname="src.test.test_state.TestSelfState" name="test_apply_delta_age" time="0.001" /><testcase classname="src.test.test_state.TestSelfState" name="test_apply_delta_unknown_field" time="0.001" /><testcase classname="src.test.test_state.TestSelfState" name="test_apply_delta_non_numeric_field" time="0.001" /><testcase classname="src.test.test_state.TestSelfState" name="test_self_state_memory_operations" time="0.001" /><testcase classname="src.test.test_state.TestSelfState" name="test_self_state_recent_events" time="0.001" /><testcase classname="src.test.test_state.TestSnapshots" name="test_save_snapshot" time="0.150" /><testcase classname="src.test.test_state.TestSnapshots" name="test_load_snapshot" time="0.010" /><testcase classname="src.test.test_state.TestSnapshots" name="test_load_snapshot_not_found" time="0.002" /><testcase classname="src.test.test_state.TestSnapshots" name="test_load_latest_snapshot" time="0.029" /><testcase classname="src.test.test_state.TestSnapshots" name="test_load_latest_snapshot_not_found" time="0.002" /><testcase classname="src.test.test_state.TestSnapshots" name="test_snapshot_preserves_memory" time="0.007" /><testcase classname="src.test.test_state.TestCreateInitialState" name="test_create_initial_state" time="0.001" /><testcase classname="src.test.test_subjective_time.TestSubjectiveTimeModel" name="test_rate_is_clamped_to_range" time="0.001" /><testcase classname="src.test.test_subjective_time.TestSubjectiveTimeModel" name="test_subjective_time_is_monotonic_for_positive_dt" time="0.001" /><testcase classname="src.test.test_subjective_time.TestSubjectiveTimeModel" name="test_intensity_and_stability_influence_rate_direction" time="0.001" /><testcase classname="src.test.test_subjective_time.TestSubjectiveTimeModel" name="test_negative_dt_returns_zero_increment" time="0.001" /><testcase classname="src.test.test_subjective_time.TestSubjectiveTimeModel" name="test_extreme_intensity_and_stability_values" time="0.001" /><testcase classname="src.test.test_subjective_time.TestSubjectiveTimeModel" name="test_boundary_rate_min_max_values" time="0.001" /><testcase classname="src.test.test_subjective_time.TestSubjectiveTimeModel" name="test_invalid_input_types" time="0.001" /><testcase classname="src.test.test_subjective_time.TestSubjectiveTimeModel" name="test_extreme_coefficient_values" time="0.001" /><testcase classname="src.test.test_subjective_time.TestSubjectiveTimeModel" name="test_zero_and_negative_base_rate" time="0.001" /><testcase classname="src.test.test_api" name="test_get_status" time="0.001"><skipped type="pytest.skip" message="test_api.py requires real server. Use --real-server or test_api_integration.py">/workspace/src/test/test_api.py:28: test_api.py requires real server. Use --real-server or test_api_integration.py</skipped></testcase><testcase classname="src.test.test_api" name="test_get_clear_data" time="0.001"><skipped type="pytest.skip" message="test_api.py requires real server. Use --real-server or test_api_integration.py">/workspace/src/test/test_api.py:42: test_api.py requires real server. Use --real-server or test_api_integration.py</skipped></testcase><testcase classname="src.test.test_api" name="test_post_event_success" time="0.001"><skipped type="pytest.skip" message="test_api.py requires real server. Use --real-server or test_api_integration.py">/workspace/src/test/test_api.py:52: test_api.py requires real server. Use --real-server or test_api_integration.py</skipped></testcase><testcase classname="src.test.test_api" name="test_post_event_invalid_json" time="0.001"><skipped type="pytest.skip" message="test_api.py requires real server. Use --real-server or test_api_integration.py">/workspace/src/test/test_api.py:63: test_api.py requires real server. Use --real-server or test_api_integration.py</skipped></testcase><testcase classname="src.test.test_api_integration.TestAPIServer" name="test_get_status" time="0.605" /><testcase classname="src.test.test_api_integration.TestAPIServer" name="test_get_status_returns_current_state" time="0.605" /><testcase classname="src.test.test_api_integration.TestAPIServer" name="test_get_clear_data" time="0.608" /><testcase classname="src.test.test_api_integration.TestAPIServer" name="test_get_unknown_endpoint" time="0.605" /><testcase classname="src.test.test_api_integration.TestAPIServer" name="test_post_event_success" time="0.605" /><testcase classname="src.test.test_api_integration.TestAPIServer" name="test_post_event_minimal" time="0.605" /><testcase classname="src.test.test_api_integration.TestAPIServer" name="test_post_event_with_timestamp" time="0.605" /><testcase classname="src.test.test_api_integration.TestAPIServer" name="test_post_event_invalid_json" time="0.605" /><testcase classname="src.test.test_api_integration.TestAPIServer" name="test_post_event_missing_type" time="0.605" /><testcase classname="src.test.test_api_integration.TestAPIServer" name="test_post_event_invalid_type" time="0.605" /><testcase classname="src.test.test_api_integration.TestAPIServer" name="test_post_event_multiple_events" time="0.609" /><testcase classname="src.test.test_api_integration.TestAPIServer" name="test_post_event_different_types" time="0.612" /><testcase classname="src.test.test_api_integration.TestAPIServer" name="test_post_unknown_endpoint" time="0.605" /><testcase classname="src.test.test_api_integration.TestAPIServer" name="test_post_event_queue_overflow" time="0.780" /><testcase classname="src.test.test_api_integration.TestAPIServer" name="test_get_status_after_events" time="0.606" /><testcase classname="src.test.test_feedback.TestFeedbackIntegration" name="test_integration_with_memory" time="0.001" /><testcase classname="src.test.test_generator_integration.TestGeneratorServerIntegration" name="test_generator_send_to_server" time="0.605" /><testcase classname="src.test.test_generator_integration.TestGeneratorServerIntegration" name="test_generator_multiple_events_to_server" time="0.613" /><testcase classname="src.test.test_generator_integration.TestGeneratorServerIntegration" name="test_generator_all_event_types_to_server" time="0.632" /><testcase classname="src.test.test_generator_integration.TestGeneratorServerIntegration" name="test_generator_event_intensity_ranges" time="0.502" /><testcase classname="src.test.test_generator_integration.TestGeneratorServerIntegration" name="test_generator_server_full_cycle" time="0.605" /><testcase classname="src.test.test_memory.TestMemoryLoad" name="test_memory_performance_with_1000_entries" time="0.010" /><testcase classname="src.test.test_memory.TestMemoryLoad" name="test_memory_performance_with_10000_entries" time="0.097" /><testcase classname="src.test.test_memory.TestMemoryLoad" name="test_memory_iteration_performance" time="0.001" /><testcase classname="src.test.test_memory.TestMemoryLoad" name="test_memory_search_performance" time="0.001" /><testcase classname="src.test.test_memory.TestMemoryLoad" name="test_memory_memory_usage" time="0.002" /><testcase classname="src.test.test_memory.TestMemoryDecayWeights" name="test_decay_weights_basic" time="0.001" /><testcase classname="src.test.test_memory.TestMemoryDecayWeights" name="test_decay_weights_min_weight" time="0.001" /><testcase classname="src.test.test_memory.TestMemoryDecayWeights" name="test_decay_weights_empty_memory" time="0.001" /><testcase classname="src.test.test_memory.TestMemoryDecayWeights" name="test_decay_weights_multiple_entries" time="0.001" /><testcase classname="src.test.test_memory.TestMemoryDecayWeights" name="test_decay_weights_significance_factor" time="0.001" /><testcase classname="src.test.test_memory.TestArchiveMemory" name="test_archive_memory_initialization" time="0.005" /><testcase classname="src.test.test_memory.TestArchiveMemory" name="test_archive_memory_add_entry" time="0.003" /><testcase classname="src.test.test_memory.TestArchiveMemory" name="test_archive_memory_add_entries" time="0.003" /><testcase classname="src.test.test_memory.TestArchiveMemory" name="test_archive_memory_get_entries_by_type" time="0.004" /><testcase classname="src.test.test_memory.TestArchiveMemory" name="test_archive_memory_get_entries_by_significance" time="0.003" /><testcase classname="src.test.test_memory.TestArchiveMemory" name="test_archive_memory_get_entries_by_timestamp" time="0.003" /><testcase classname="src.test.test_memory.TestArchiveMemory" name="test_archive_memory_save_and_load" time="0.002" /><testcase classname="src.test.test_memory.TestArchiveMemory" name="test_archive_memory_backward_compatibility" time="0.002" /><testcase classname="src.test.test_memory.TestArchiveMemory" name="test_archive_memory_forward_compatibility" time="0.002" /><testcase classname="src.test.test_memory.TestMemoryArchive" name="test_archive_old_entries_by_age" time="0.004" /><testcase classname="src.test.test_memory.TestMemoryArchive" name="test_archive_old_entries_by_weight" time="0.003" /><testcase classname="src.test.test_memory.TestMemoryArchive" name="test_archive_old_entries_by_significance" time="0.004" /><testcase classname="src.test.test_memory.TestMemoryArchive" name="test_archive_old_entries_validation" time="0.004" /><testcase classname="src.test.test_memory.TestMemoryArchive" name="test_archive_old_entries_error_handling" time="0.004" /><testcase classname="src.test.test_memory.TestMemoryArchive" name="test_archive_old_entries_empty_memory" time="0.003" /><testcase classname="src.test.test_memory.TestMemoryStatistics" name="test_get_statistics_empty" time="0.003" /><testcase classname="src.test.test_memory.TestMemoryStatistics" name="test_get_statistics_with_entries" time="0.004" /><testcase classname="src.test.test_runtime_integration.TestRuntimeLoop" name="test_loop_single_tick" time="0.202" /><testcase classname="src.test.test_runtime_integration.TestRuntimeLoop" name="test_loop_processes_events" time="0.502" /><testcase classname="src.test.test_runtime_integration.TestRuntimeLoop" name="test_loop_feedback_registration" time="0.502" /><testcase classname="src.test.test_runtime_integration.TestRuntimeLoop" name="test_loop_state_updates" time="0.302" /><testcase classname="src.test.test_runtime_integration.TestRuntimeLoop" name="test_loop_stops_on_stop_event" time="0.503"><failure message="AssertionError: assert 3 == 2&#10; +  where 3 = SelfState(life_id='dd12a32c-2c0e-464f-a2cb-bbf839ac95b7', birth_timestamp=1768952421.5776045, age=0.20035934448242188, subjective_time=0.20035934448242188, ticks=3, energy=50.0, integrity=0.9, stability=0.8, fatigue=0.0, tension=0.0, _active=True, recent_events=[], last_significance=0.0, energy_history=[], stability_history=[], planning={}, intelligence={}, memory=[], archive_memory=&lt;src.memory.memory.ArchiveMemory object at 0x7d3ff4adeda0&gt;, subjective_time_base_rate=1.0, subjective_time_rate_min=0.1, subjective_time_rate_max=3.0, subjective_time_intensity_coeff=1.0, subjective_time_stability_coeff=0.5, subjective_time_energy_coeff=0.5, subjective_time_intensity_smoothing=0.3, time_ratio_history=[], last_event_intensity=0.0, activated_memory=[], last_pattern='', learning_params={'event_type_sensitivity': {'noise': 0.2, 'decay': 0.2, 'recovery': 0.2, 'shock': 0.2, 'idle': 0.2}, 'significance_thresholds': {'noise': 0.1, 'decay': 0.1, 'recovery': 0.1, 'shock': 0.1, 'idle': 0.1}, 'response_coefficients': {'dampen': 0.5, 'absorb': 1.0, 'ignore': 0.0}}, adaptation_params={'behavior_sensitivity': {'noise': 0.2, 'decay': 0.2, 'recovery': 0.2, 'shock': 0.2, 'idle': 0.2}, 'behavior_thresholds': {'noise': 0.1, 'decay': 0.1, 'recovery': 0.1, 'shock': 0.1, 'idle': 0.1}, 'behavior_coefficients': {'dampen': 0.5, 'absorb': 1.0, 'ignore': 0.0}}, adaptation_history=[]).ticks">src/test/test_runtime_integration.py:164: in test_loop_stops_on_stop_event
    assert base_state.ticks == initial_ticks
E   AssertionError: assert 3 == 2
E    +  where 3 = SelfState(life_id='dd12a32c-2c0e-464f-a2cb-bbf839ac95b7', birth_timestamp=1768952421.5776045, age=0.20035934448242188, subjective_time=0.20035934448242188, ticks=3, energy=50.0, integrity=0.9, stability=0.8, fatigue=0.0, tension=0.0, _active=True, recent_events=[], last_significance=0.0, energy_history=[], stability_history=[], planning={}, intelligence={}, memory=[], archive_memory=&lt;src.memory.memory.ArchiveMemory object at 0x7d3ff4adeda0&gt;, subjective_time_base_rate=1.0, subjective_time_rate_min=0.1, subjective_time_rate_max=3.0, subjective_time_intensity_coeff=1.0, subjective_time_stability_coeff=0.5, subjective_time_energy_coeff=0.5, subjective_time_intensity_smoothing=0.3, time_ratio_history=[], last_event_intensity=0.0, activated_memory=[], last_pattern='', learning_params={'event_type_sensitivity': {'noise': 0.2, 'decay': 0.2, 'recovery': 0.2, 'shock': 0.2, 'idle': 0.2}, 'significance_thresholds': {'noise': 0.1, 'decay': 0.1, 'recovery': 0.1, 'shock': 0.1, 'idle': 0.1}, 'response_coefficients': {'dampen': 0.5, 'absorb': 1.0, 'ignore': 0.0}}, adaptation_params={'behavior_sensitivity': {'noise': 0.2, 'decay': 0.2, 'recovery': 0.2, 'shock': 0.2, 'idle': 0.2}, 'behavior_thresholds': {'noise': 0.1, 'decay': 0.1, 'recovery': 0.1, 'shock': 0.1, 'idle': 0.1}, 'behavior_coefficients': {'dampen': 0.5, 'absorb': 1.0, 'ignore': 0.0}}, adaptation_history=[]).ticks</failure></testcase><testcase classname="src.test.test_runtime_integration.TestRuntimeLoop" name="test_loop_handles_empty_queue" time="0.302" /><testcase classname="src.test.test_runtime_integration.TestRuntimeLoop" name="test_loop_multiple_events" time="0.539" /><testcase classname="src.test.test_runtime_integration.TestRuntimeLoop" name="test_loop_snapshot_creation" time="0.754" /><testcase classname="src.test.test_runtime_integration.TestRuntimeLoop" name="test_loop_weakness_penalty" time="0.402" /><testcase classname="src.test.test_runtime_integration.TestRuntimeLoop" name="test_loop_deactivates_on_zero_params" time="0.302" /><testcase classname="src.test.test_runtime_loop_edge_cases.TestRuntimeLoopEdgeCases" name="test_loop_ignore_pattern_skip_apply_delta" time="0.328" /><testcase classname="src.test.test_runtime_loop_edge_cases.TestRuntimeLoopEdgeCases" name="test_loop_dampen_pattern_modify_impact" time="0.503" /><testcase classname="src.test.test_runtime_loop_edge_cases.TestRuntimeLoopEdgeCases" name="test_loop_monitor_exception_handling" time="0.302" /><testcase classname="src.test.test_runtime_loop_edge_cases.TestRuntimeLoopEdgeCases" name="test_loop_snapshot_exception_handling" time="0.304" /><testcase classname="src.test.test_runtime_loop_edge_cases.TestRuntimeLoopEdgeCases" name="test_loop_general_exception_handling" time="0.314" /><testcase classname="src.test.test_runtime_loop_feedback_coverage.TestRuntimeLoopFeedbackCoverage" name="test_loop_processes_feedback_records" time="1.330" /><testcase classname="src.test.test_runtime_loop_feedback_coverage.TestRuntimeLoopFeedbackCoverage" name="test_loop_feedback_entry_creation" time="1.003" /><testcase classname="src.test.test_state.TestSelfStateValidation" name="test_energy_validation_valid" time="0.001" /><testcase classname="src.test.test_state.TestSelfStateValidation" name="test_energy_validation_invalid" time="0.001" /><testcase classname="src.test.test_state.TestSelfStateValidation" name="test_integrity_validation_valid" time="0.001" /><testcase classname="src.test.test_state.TestSelfStateValidation" name="test_integrity_validation_invalid" time="0.001" /><testcase classname="src.test.test_state.TestSelfStateValidation" name="test_stability_validation_valid" time="0.001" /><testcase classname="src.test.test_state.TestSelfStateValidation" name="test_stability_validation_invalid" time="0.001" /><testcase classname="src.test.test_state.TestSelfStateValidation" name="test_fatigue_validation" time="0.001" /><testcase classname="src.test.test_state.TestSelfStateValidation" name="test_tension_validation" time="0.001" /><testcase classname="src.test.test_state.TestSelfStateValidation" name="test_age_validation" time="0.001" /><testcase classname="src.test.test_state.TestSelfStateValidation" name="test_ticks_validation" time="0.001" /><testcase classname="src.test.test_state.TestSelfStateProtection" name="test_life_id_protection" time="0.001" /><testcase classname="src.test.test_state.TestSelfStateProtection" name="test_birth_timestamp_protection" time="0.001" /><testcase classname="src.test.test_state.TestSelfStateSafeMethods" name="test_update_energy" time="0.001" /><testcase classname="src.test.test_state.TestSelfStateSafeMethods" name="test_update_integrity" time="0.001" /><testcase classname="src.test.test_state.TestSelfStateSafeMethods" name="test_update_stability" time="0.001" /><testcase classname="src.test.test_state.TestSelfStateSafeMethods" name="test_update_vital_params" time="0.001" /><testcase classname="src.test.test_state.TestSelfStateSafeMethods" name="test_reset_to_defaults" time="0.001" /><testcase classname="src.test.test_state.TestSelfStateIsActive" name="test_is_active_all_positive" time="0.001" /><testcase classname="src.test.test_state.TestSelfStateIsActive" name="test_is_active_energy_zero" time="0.001" /><testcase classname="src.test.test_state.TestSelfStateIsActive" name="test_is_active_integrity_zero" time="0.001" /><testcase classname="src.test.test_state.TestSelfStateIsActive" name="test_is_active_stability_zero" time="0.001" /><testcase classname="src.test.test_state.TestSelfStateIsActive" name="test_is_active_all_zero" time="0.001" /><testcase classname="src.test.test_state.TestSelfStateIsActive" name="test_is_active_auto_update" time="0.001" /><testcase classname="src.test.test_state.TestSelfStateIsActive" name="test_is_viable" time="0.001" /><testcase classname="src.test.test_state.TestSelfStateLogging" name="test_logging_enabled" time="0.002" /><testcase classname="src.test.test_state.TestSelfStateLogging" name="test_logging_disabled" time="0.002" /><testcase classname="src.test.test_state.TestSelfStateLogging" name="test_get_change_history" time="0.002" /><testcase classname="src.test.test_state.TestSelfStateLogging" name="test_get_change_history_limit" time="0.002" /><testcase classname="src.test.test_state.TestSubjectiveTimeAliases" name="test_subjective_age_property" time="0.001" /><testcase classname="src.test.test_state.TestSubjectiveTimeAliases" name="test_physical_age_property" time="0.001" /><testcase classname="src.test.test_state.TestSubjectiveTimeAliases" name="test_subjective_age_validation" time="0.001" /><testcase classname="src.test.test_state.TestSubjectiveTimeAliases" name="test_physical_age_validation" time="0.001" /><testcase classname="src.test.test_state.TestSubjectiveTimeAliases" name="test_subjective_age_apply_delta" time="0.001" /><testcase classname="src.test.test_state.TestSubjectiveTimeAliases" name="test_aliases_in_get_safe_status_dict" time="0.001" /><testcase classname="src.test.test_degradation.TestDegradationUnit" name="test_energy_degradation_to_zero" time="0.001" /><testcase classname="src.test.test_degradation.TestDegradationUnit" name="test_integrity_degradation_to_zero" time="0.001" /><testcase classname="src.test.test_degradation.TestDegradationUnit" name="test_stability_degradation_to_zero" time="0.001" /><testcase classname="src.test.test_degradation.TestDegradationUnit" name="test_simultaneous_degradation_all_params" time="0.001" /><testcase classname="src.test.test_degradation.TestDegradationUnit" name="test_active_flag_remains_true_on_zero_energy" time="0.001"><failure message="AssertionError: assert False is True&#10; +  where False = SelfState(life_id='fdaa7a6f-dd20-4d32-90a2-938c45fe31a4', birth_timestamp=1768952429.2477186, age=0.0, subjective_time=0.0, ticks=0, energy=0.0, integrity=1.0, stability=1.0, fatigue=0.0, tension=0.0, _active=True, recent_events=[], last_significance=0.0, energy_history=[], stability_history=[], planning={}, intelligence={}, memory=[], archive_memory=&lt;src.memory.memory.ArchiveMemory object at 0x7d3ff7c7ef80&gt;, subjective_time_base_rate=1.0, subjective_time_rate_min=0.1, subjective_time_rate_max=3.0, subjective_time_intensity_coeff=1.0, subjective_time_stability_coeff=0.5, subjective_time_energy_coeff=0.5, subjective_time_intensity_smoothing=0.3, time_ratio_history=[], last_event_intensity=0.0, activated_memory=[], last_pattern='', learning_params={'event_type_sensitivity': {'noise': 0.2, 'decay': 0.2, 'recovery': 0.2, 'shock': 0.2, 'idle': 0.2}, 'significance_thresholds': {'noise': 0.1, 'decay': 0.1, 'recovery': 0.1, 'shock': 0.1, 'idle': 0.1}, 'response_coefficients': {'dampen': 0.5, 'absorb': 1.0, 'ignore': 0.0}}, adaptation_params={'behavior_sensitivity': {'noise': 0.2, 'decay': 0.2, 'recovery': 0.2, 'shock': 0.2, 'idle': 0.2}, 'behavior_thresholds': {'noise': 0.1, 'decay': 0.1, 'recovery': 0.1, 'shock': 0.1, 'idle': 0.1}, 'behavior_coefficients': {'dampen': 0.5, 'absorb': 1.0, 'ignore': 0.0}}, adaptation_history=[]).active">src/test/test_degradation.py:126: in test_active_flag_remains_true_on_zero_energy
    assert state.active is True
E   AssertionError: assert False is True
E    +  where False = SelfState(life_id='fdaa7a6f-dd20-4d32-90a2-938c45fe31a4', birth_timestamp=1768952429.2477186, age=0.0, subjective_time=0.0, ticks=0, energy=0.0, integrity=1.0, stability=1.0, fatigue=0.0, tension=0.0, _active=True, recent_events=[], last_significance=0.0, energy_history=[], stability_history=[], planning={}, intelligence={}, memory=[], archive_memory=&lt;src.memory.memory.ArchiveMemory object at 0x7d3ff7c7ef80&gt;, subjective_time_base_rate=1.0, subjective_time_rate_min=0.1, subjective_time_rate_max=3.0, subjective_time_intensity_coeff=1.0, subjective_time_stability_coeff=0.5, subjective_time_energy_coeff=0.5, subjective_time_intensity_smoothing=0.3, time_ratio_history=[], last_event_intensity=0.0, activated_memory=[], last_pattern='', learning_params={'event_type_sensitivity': {'noise': 0.2, 'decay': 0.2, 'recovery': 0.2, 'shock': 0.2, 'idle': 0.2}, 'significance_thresholds': {'noise': 0.1, 'decay': 0.1, 'recovery': 0.1, 'shock': 0.1, 'idle': 0.1}, 'response_coefficients': {'dampen': 0.5, 'absorb': 1.0, 'ignore': 0.0}}, adaptation_params={'behavior_sensitivity': {'noise': 0.2, 'decay': 0.2, 'recovery': 0.2, 'shock': 0.2, 'idle': 0.2}, 'behavior_thresholds': {'noise': 0.1, 'decay': 0.1, 'recovery': 0.1, 'shock': 0.1, 'idle': 0.1}, 'behavior_coefficients': {'dampen': 0.5, 'absorb': 1.0, 'ignore': 0.0}}, adaptation_history=[]).active</failure></testcase><testcase classname="src.test.test_degradation.TestDegradationUnit" name="test_active_flag_remains_true_on_zero_integrity" time="0.001"><failure message="AssertionError: assert False is True&#10; +  where False = SelfState(life_id='7b7d437a-d9e5-4ff3-b50b-68fd860b505c', birth_timestamp=1768952429.352196, age=0.0, subjective_time=0.0, ticks=0, energy=100.0, integrity=0.0, stability=1.0, fatigue=0.0, tension=0.0, _active=True, recent_events=[], last_significance=0.0, energy_history=[], stability_history=[], planning={}, intelligence={}, memory=[], archive_memory=&lt;src.memory.memory.ArchiveMemory object at 0x7d3ff7c7cd00&gt;, subjective_time_base_rate=1.0, subjective_time_rate_min=0.1, subjective_time_rate_max=3.0, subjective_time_intensity_coeff=1.0, subjective_time_stability_coeff=0.5, subjective_time_energy_coeff=0.5, subjective_time_intensity_smoothing=0.3, time_ratio_history=[], last_event_intensity=0.0, activated_memory=[], last_pattern='', learning_params={'event_type_sensitivity': {'noise': 0.2, 'decay': 0.2, 'recovery': 0.2, 'shock': 0.2, 'idle': 0.2}, 'significance_thresholds': {'noise': 0.1, 'decay': 0.1, 'recovery': 0.1, 'shock': 0.1, 'idle': 0.1}, 'response_coefficients': {'dampen': 0.5, 'absorb': 1.0, 'ignore': 0.0}}, adaptation_params={'behavior_sensitivity': {'noise': 0.2, 'decay': 0.2, 'recovery': 0.2, 'shock': 0.2, 'idle': 0.2}, 'behavior_thresholds': {'noise': 0.1, 'decay': 0.1, 'recovery': 0.1, 'shock': 0.1, 'idle': 0.1}, 'behavior_coefficients': {'dampen': 0.5, 'absorb': 1.0, 'ignore': 0.0}}, adaptation_history=[]).active">src/test/test_degradation.py:137: in test_active_flag_remains_true_on_zero_integrity
    assert state.active is True
E   AssertionError: assert False is True
E    +  where False = SelfState(life_id='7b7d437a-d9e5-4ff3-b50b-68fd860b505c', birth_timestamp=1768952429.352196, age=0.0, subjective_time=0.0, ticks=0, energy=100.0, integrity=0.0, stability=1.0, fatigue=0.0, tension=0.0, _active=True, recent_events=[], last_significance=0.0, energy_history=[], stability_history=[], planning={}, intelligence={}, memory=[], archive_memory=&lt;src.memory.memory.ArchiveMemory object at 0x7d3ff7c7cd00&gt;, subjective_time_base_rate=1.0, subjective_time_rate_min=0.1, subjective_time_rate_max=3.0, subjective_time_intensity_coeff=1.0, subjective_time_stability_coeff=0.5, subjective_time_energy_coeff=0.5, subjective_time_intensity_smoothing=0.3, time_ratio_history=[], last_event_intensity=0.0, activated_memory=[], last_pattern='', learning_params={'event_type_sensitivity': {'noise': 0.2, 'decay': 0.2, 'recovery': 0.2, 'shock': 0.2, 'idle': 0.2}, 'significance_thresholds': {'noise': 0.1, 'decay': 0.1, 'recovery': 0.1, 'shock': 0.1, 'idle': 0.1}, 'response_coefficients': {'dampen': 0.5, 'absorb': 1.0, 'ignore': 0.0}}, adaptation_params={'behavior_sensitivity': {'noise': 0.2, 'decay': 0.2, 'recovery': 0.2, 'shock': 0.2, 'idle': 0.2}, 'behavior_thresholds': {'noise': 0.1, 'decay': 0.1, 'recovery': 0.1, 'shock': 0.1, 'idle': 0.1}, 'behavior_coefficients': {'dampen': 0.5, 'absorb': 1.0, 'ignore': 0.0}}, adaptation_history=[]).active</failure></testcase><testcase classname="src.test.test_degradation.TestDegradationUnit" name="test_active_flag_remains_true_on_zero_stability" time="0.001"><failure message="AssertionError: assert False is True&#10; +  where False = SelfState(life_id='2132271e-e57a-4e0b-89c4-f9daf3ff4301', birth_timestamp=1768952429.3782787, age=0.0, subjective_time=0.0, ticks=0, energy=100.0, integrity=1.0, stability=0.0, fatigue=0.0, tension=0.0, _active=True, recent_events=[], last_significance=0.0, energy_history=[], stability_history=[], planning={}, intelligence={}, memory=[], archive_memory=&lt;src.memory.memory.ArchiveMemory object at 0x7d3ff599a110&gt;, subjective_time_base_rate=1.0, subjective_time_rate_min=0.1, subjective_time_rate_max=3.0, subjective_time_intensity_coeff=1.0, subjective_time_stability_coeff=0.5, subjective_time_energy_coeff=0.5, subjective_time_intensity_smoothing=0.3, time_ratio_history=[], last_event_intensity=0.0, activated_memory=[], last_pattern='', learning_params={'event_type_sensitivity': {'noise': 0.2, 'decay': 0.2, 'recovery': 0.2, 'shock': 0.2, 'idle': 0.2}, 'significance_thresholds': {'noise': 0.1, 'decay': 0.1, 'recovery': 0.1, 'shock': 0.1, 'idle': 0.1}, 'response_coefficients': {'dampen': 0.5, 'absorb': 1.0, 'ignore': 0.0}}, adaptation_params={'behavior_sensitivity': {'noise': 0.2, 'decay': 0.2, 'recovery': 0.2, 'shock': 0.2, 'idle': 0.2}, 'behavior_thresholds': {'noise': 0.1, 'decay': 0.1, 'recovery': 0.1, 'shock': 0.1, 'idle': 0.1}, 'behavior_coefficients': {'dampen': 0.5, 'absorb': 1.0, 'ignore': 0.0}}, adaptation_history=[]).active">src/test/test_degradation.py:147: in test_active_flag_remains_true_on_zero_stability
    assert state.active is True
E   AssertionError: assert False is True
E    +  where False = SelfState(life_id='2132271e-e57a-4e0b-89c4-f9daf3ff4301', birth_timestamp=1768952429.3782787, age=0.0, subjective_time=0.0, ticks=0, energy=100.0, integrity=1.0, stability=0.0, fatigue=0.0, tension=0.0, _active=True, recent_events=[], last_significance=0.0, energy_history=[], stability_history=[], planning={}, intelligence={}, memory=[], archive_memory=&lt;src.memory.memory.ArchiveMemory object at 0x7d3ff599a110&gt;, subjective_time_base_rate=1.0, subjective_time_rate_min=0.1, subjective_time_rate_max=3.0, subjective_time_intensity_coeff=1.0, subjective_time_stability_coeff=0.5, subjective_time_energy_coeff=0.5, subjective_time_intensity_smoothing=0.3, time_ratio_history=[], last_event_intensity=0.0, activated_memory=[], last_pattern='', learning_params={'event_type_sensitivity': {'noise': 0.2, 'decay': 0.2, 'recovery': 0.2, 'shock': 0.2, 'idle': 0.2}, 'significance_thresholds': {'noise': 0.1, 'decay': 0.1, 'recovery': 0.1, 'shock': 0.1, 'idle': 0.1}, 'response_coefficients': {'dampen': 0.5, 'absorb': 1.0, 'ignore': 0.0}}, adaptation_params={'behavior_sensitivity': {'noise': 0.2, 'decay': 0.2, 'recovery': 0.2, 'shock': 0.2, 'idle': 0.2}, 'behavior_thresholds': {'noise': 0.1, 'decay': 0.1, 'recovery': 0.1, 'shock': 0.1, 'idle': 0.1}, 'behavior_coefficients': {'dampen': 0.5, 'absorb': 1.0, 'ignore': 0.0}}, adaptation_history=[]).active</failure></testcase><testcase classname="src.test.test_degradation.TestDegradationUnit" name="test_degradation_preserves_other_state" time="0.001" /><testcase classname="src.test.test_degradation.TestDegradationUnit" name="test_gradual_degradation_history" time="0.001" /><testcase classname="src.test.test_degradation.TestDegradationIntegration" name="test_energy_degradation_in_loop_with_events" time="0.547" /><testcase classname="src.test.test_degradation.TestDegradationIntegration" name="test_weakness_penalty_acceleration" time="0.302" /><testcase classname="src.test.test_degradation.TestDegradationIntegration" name="test_full_degradation_cycle" time="0.804" /><testcase classname="src.test.test_degradation.TestDegradationIntegration" name="test_system_continues_on_energy_zero" time="0.303"><failure message="AssertionError: assert False is True&#10; +  where False = SelfState(life_id='5b5252d9-7232-4f5c-b53d-7a4f38cbafa1', birth_timestamp=1768952431.0709476, age=0.2507617473602295, subjective_time=0.2507617473602295, ticks=6, energy=0.004984765052795409, integrity=0.0, stability=0.0, fatigue=0.0, tension=0.0, _active=True, recent_events=[], last_significance=0.0, energy_history=[], stability_history=[], planning={}, intelligence={}, memory=[], archive_memory=&lt;src.memory.memory.ArchiveMemory object at 0x7d3ff7c7dc30&gt;, subjective_time_base_rate=1.0, subjective_time_rate_min=0.1, subjective_time_rate_max=3.0, subjective_time_intensity_coeff=1.0, subjective_time_stability_coeff=0.5, subjective_time_energy_coeff=0.5, subjective_time_intensity_smoothing=0.3, time_ratio_history=[], last_event_intensity=0.0, activated_memory=[], last_pattern='', learning_params={'event_type_sensitivity': {'noise': 0.2, 'decay': 0.2, 'recovery': 0.2, 'shock': 0.2, 'idle': 0.2}, 'significance_thresholds': {'noise': 0.1, 'decay': 0.1, 'recovery': 0.1, 'shock': 0.1, 'idle': 0.1}, 'response_coefficients': {'dampen': 0.5, 'absorb': 1.0, 'ignore': 0.0}}, adaptation_params={'behavior_sensitivity': {'noise': 0.2, 'decay': 0.2, 'recovery': 0.2, 'shock': 0.2, 'idle': 0.2}, 'behavior_thresholds': {'noise': 0.1, 'decay': 0.1, 'recovery': 0.1, 'shock': 0.1, 'idle': 0.1}, 'behavior_coefficients': {'dampen': 0.5, 'absorb': 1.0, 'ignore': 0.0}}, adaptation_history=[]).active">src/test/test_degradation.py:309: in test_system_continues_on_energy_zero
    assert state.active is True
E   AssertionError: assert False is True
E    +  where False = SelfState(life_id='5b5252d9-7232-4f5c-b53d-7a4f38cbafa1', birth_timestamp=1768952431.0709476, age=0.2507617473602295, subjective_time=0.2507617473602295, ticks=6, energy=0.004984765052795409, integrity=0.0, stability=0.0, fatigue=0.0, tension=0.0, _active=True, recent_events=[], last_significance=0.0, energy_history=[], stability_history=[], planning={}, intelligence={}, memory=[], archive_memory=&lt;src.memory.memory.ArchiveMemory object at 0x7d3ff7c7dc30&gt;, subjective_time_base_rate=1.0, subjective_time_rate_min=0.1, subjective_time_rate_max=3.0, subjective_time_intensity_coeff=1.0, subjective_time_stability_coeff=0.5, subjective_time_energy_coeff=0.5, subjective_time_intensity_smoothing=0.3, time_ratio_history=[], last_event_intensity=0.0, activated_memory=[], last_pattern='', learning_params={'event_type_sensitivity': {'noise': 0.2, 'decay': 0.2, 'recovery': 0.2, 'shock': 0.2, 'idle': 0.2}, 'significance_thresholds': {'noise': 0.1, 'decay': 0.1, 'recovery': 0.1, 'shock': 0.1, 'idle': 0.1}, 'response_coefficients': {'dampen': 0.5, 'absorb': 1.0, 'ignore': 0.0}}, adaptation_params={'behavior_sensitivity': {'noise': 0.2, 'decay': 0.2, 'recovery': 0.2, 'shock': 0.2, 'idle': 0.2}, 'behavior_thresholds': {'noise': 0.1, 'decay': 0.1, 'recovery': 0.1, 'shock': 0.1, 'idle': 0.1}, 'behavior_coefficients': {'dampen': 0.5, 'absorb': 1.0, 'ignore': 0.0}}, adaptation_history=[]).active</failure></testcase></testsuite></testsuites>
