<?xml version="1.0" encoding="utf-8"?><testsuites name="pytest tests"><testsuite name="pytest" errors="0" failures="5" skipped="0" tests="155" time="6.873" timestamp="2026-01-20T10:29:36.426055+00:00" hostname="a19b1fac3332"><testcase classname="src.test.test_action.TestExecuteAction" name="test_execute_action_dampen" time="0.025" /><testcase classname="src.test.test_action.TestExecuteAction" name="test_execute_action_dampen_energy_minimum" time="0.021" /><testcase classname="src.test.test_action.TestExecuteAction" name="test_execute_action_absorb" time="0.021" /><testcase classname="src.test.test_action.TestExecuteAction" name="test_execute_action_ignore" time="0.021" /><testcase classname="src.test.test_action.TestExecuteAction" name="test_execute_action_memory_entry_timestamp" time="0.023" /><testcase classname="src.test.test_action.TestExecuteAction" name="test_execute_action_multiple_actions" time="0.065" /><testcase classname="src.test.test_action.TestExecuteAction" name="test_execute_action_dampen_multiple_times" time="0.020" /><testcase classname="src.test.test_action.TestExecuteAction" name="test_execute_action_unknown_pattern" time="0.020" /><testcase classname="src.test.test_action.TestExecuteAction" name="test_execute_action_preserves_other_state" time="0.020" /><testcase classname="src.test.test_action.TestExecuteAction" name="test_execute_action_memory_entry_significance" time="0.020" /><testcase classname="src.test.test_action.TestExecuteAction" name="test_execute_action_empty_memory" time="0.020" /><testcase classname="src.test.test_action.TestExecuteAction" name="test_execute_action_with_existing_memory" time="0.329" /><testcase classname="src.test.test_activation.TestActivateMemory" name="test_activate_memory_empty_memory" time="0.001" /><testcase classname="src.test.test_activation.TestActivateMemory" name="test_activate_memory_no_matches" time="0.001" /><testcase classname="src.test.test_activation.TestActivateMemory" name="test_activate_memory_single_match" time="0.001" /><testcase classname="src.test.test_activation.TestActivateMemory" name="test_activate_memory_multiple_matches" time="0.001" /><testcase classname="src.test.test_activation.TestActivateMemory" name="test_activate_memory_sorted_by_significance" time="0.001" /><testcase classname="src.test.test_activation.TestActivateMemory" name="test_activate_memory_limit_default" time="0.001" /><testcase classname="src.test.test_activation.TestActivateMemory" name="test_activate_memory_custom_limit" time="0.001" /><testcase classname="src.test.test_activation.TestActivateMemory" name="test_activate_memory_limit_one" time="0.001" /><testcase classname="src.test.test_activation.TestActivateMemory" name="test_activate_memory_limit_zero" time="0.001" /><testcase classname="src.test.test_activation.TestActivateMemory" name="test_activate_memory_preserves_original_memory" time="0.001" /><testcase classname="src.test.test_activation.TestActivateMemory" name="test_activate_memory_different_event_types" time="0.001" /><testcase classname="src.test.test_activation.TestActivateMemory" name="test_activate_memory_with_feedback_entries" time="0.001" /><testcase classname="src.test.test_activation.TestActivateMemory" name="test_activate_memory_equal_significance" time="0.001" /><testcase classname="src.test.test_decision.TestDecideResponse" name="test_decide_dampen_high_activated_memory" time="0.021" /><testcase classname="src.test.test_decision.TestDecideResponse" name="test_decide_dampen_max_significance_above_threshold" time="0.066" /><testcase classname="src.test.test_decision.TestDecideResponse" name="test_decide_dampen_max_significance_at_threshold" time="0.020" /><testcase classname="src.test.test_decision.TestDecideResponse" name="test_decide_ignore_low_significance_meaning" time="0.022" /><testcase classname="src.test.test_decision.TestDecideResponse" name="test_decide_ignore_meaning_significance_below_threshold" time="0.025" /><testcase classname="src.test.test_decision.TestDecideResponse" name="test_decide_absorb_normal_conditions" time="0.023" /><testcase classname="src.test.test_decision.TestDecideResponse" name="test_decide_absorb_high_significance_meaning" time="0.021" /><testcase classname="src.test.test_decision.TestDecideResponse" name="test_decide_empty_activated_memory" time="0.020" /><testcase classname="src.test.test_decision.TestDecideResponse" name="test_decide_multiple_activated_memories" time="0.021" /><testcase classname="src.test.test_decision.TestDecideResponse" name="test_decide_activated_memory_max_below_threshold" time="0.069" /><testcase classname="src.test.test_decision.TestDecideResponse" name="test_decide_activated_memory_exactly_at_threshold" time="0.023" /><testcase classname="src.test.test_decision.TestDecideResponse" name="test_decide_meaning_significance_at_threshold" time="0.023" /><testcase classname="src.test.test_decision.TestDecideResponse" name="test_decide_different_event_types_in_memory" time="0.023" /><testcase classname="src.test.test_decision.TestDecideResponse" name="test_decide_consistency" time="0.022" /><testcase classname="src.test.test_environment.TestEvent" name="test_event_creation_minimal" time="0.001" /><testcase classname="src.test.test_environment.TestEvent" name="test_event_creation_with_metadata" time="0.001" /><testcase classname="src.test.test_environment.TestEvent" name="test_event_creation_with_none_metadata" time="0.001" /><testcase classname="src.test.test_environment.TestEvent" name="test_event_different_types" time="0.001" /><testcase classname="src.test.test_environment.TestEvent" name="test_event_intensity_range" time="0.001" /><testcase classname="src.test.test_environment.TestEvent" name="test_event_timestamp" time="0.001" /><testcase classname="src.test.test_environment.TestEvent" name="test_event_custom_timestamp" time="0.001" /><testcase classname="src.test.test_environment.TestEventQueue" name="test_queue_initialization" time="0.001" /><testcase classname="src.test.test_environment.TestEventQueue" name="test_queue_push_single" time="0.001" /><testcase classname="src.test.test_environment.TestEventQueue" name="test_queue_push_multiple" time="0.001" /><testcase classname="src.test.test_environment.TestEventQueue" name="test_queue_pop_single" time="0.001" /><testcase classname="src.test.test_environment.TestEventQueue" name="test_queue_pop_empty" time="0.001" /><testcase classname="src.test.test_environment.TestEventQueue" name="test_queue_pop_fifo_order" time="0.001" /><testcase classname="src.test.test_environment.TestEventQueue" name="test_queue_pop_all_empty" time="0.001" /><testcase classname="src.test.test_environment.TestEventQueue" name="test_queue_pop_all_single" time="0.001" /><testcase classname="src.test.test_environment.TestEventQueue" name="test_queue_pop_all_multiple" time="0.001" /><testcase classname="src.test.test_environment.TestEventQueue" name="test_queue_pop_all_fifo_order" time="0.001" /><testcase classname="src.test.test_environment.TestEventQueue" name="test_queue_size_after_operations" time="0.001" /><testcase classname="src.test.test_environment.TestEventQueue" name="test_queue_is_empty_after_operations" time="0.001" /><testcase classname="src.test.test_environment.TestEventQueue" name="test_queue_push_after_pop_all" time="0.001" /><testcase classname="src.test.test_environment.TestEventQueue" name="test_queue_maxsize_behavior" time="0.001" /><testcase classname="src.test.test_environment.TestEventQueue" name="test_queue_mixed_operations" time="0.001" /><testcase classname="src.test.test_environment.TestEventQueue" name="test_queue_different_event_types" time="0.001" /><testcase classname="src.test.test_event_queue_edge_cases.TestEventQueueEdgeCases" name="test_pop_all_with_empty_exception" time="0.001" /><testcase classname="src.test.test_event_queue_race_condition.TestEventQueueRaceCondition" name="test_pop_all_empty_exception_handling" time="0.001" /><testcase classname="src.test.test_event_queue_race_condition.TestEventQueueRaceCondition" name="test_pop_all_concurrent_access" time="0.001" /><testcase classname="src.test.test_feedback.TestRegisterAction" name="test_register_action_basic" time="0.001" /><testcase classname="src.test.test_feedback.TestRegisterAction" name="test_register_action_different_patterns" time="0.001" /><testcase classname="src.test.test_feedback.TestRegisterAction" name="test_register_action_state_copy" time="0.001" /><testcase classname="src.test.test_feedback.TestRegisterAction" name="test_register_action_multiple" time="0.001" /><testcase classname="src.test.test_feedback.TestObserveConsequences" name="test_observe_consequences_with_changes" time="0.021" /><testcase classname="src.test.test_feedback.TestObserveConsequences" name="test_observe_consequences_minimal_changes" time="0.021" /><testcase classname="src.test.test_feedback.TestObserveConsequences" name="test_observe_consequences_timeout" time="0.024" /><testcase classname="src.test.test_feedback.TestObserveConsequences" name="test_multiple_actions" time="0.066" /><testcase classname="src.test.test_feedback.TestObserveConsequences" name="test_observe_consequences_ticks_waited_increment" time="0.021" /><testcase classname="src.test.test_feedback.TestObserveConsequences" name="test_observe_consequences_positive_delta" time="0.021" /><testcase classname="src.test.test_feedback_data" name="test_feedback_data_storage" time="0.024" /><testcase classname="src.test.test_generator.TestEventGenerator" name="test_generator_initialization" time="0.001" /><testcase classname="src.test.test_generator.TestEventGenerator" name="test_generate_returns_event" time="0.001" /><testcase classname="src.test.test_generator.TestEventGenerator" name="test_generate_event_types" time="0.001" /><testcase classname="src.test.test_generator.TestEventGenerator" name="test_generate_noise_intensity_range" time="0.001" /><testcase classname="src.test.test_generator.TestEventGenerator" name="test_generate_decay_intensity_range" time="0.001" /><testcase classname="src.test.test_generator.TestEventGenerator" name="test_generate_recovery_intensity_range" time="0.001" /><testcase classname="src.test.test_generator.TestEventGenerator" name="test_generate_shock_intensity_range" time="0.001" /><testcase classname="src.test.test_generator.TestEventGenerator" name="test_generate_idle_intensity" time="0.001" /><testcase classname="src.test.test_generator.TestEventGenerator" name="test_generate_timestamp" time="0.001" /><testcase classname="src.test.test_generator.TestEventGenerator" name="test_generate_metadata" time="0.001" /><testcase classname="src.test.test_generator.TestEventGenerator" name="test_generate_multiple_events" time="0.001" /><testcase classname="src.test.test_generator.TestEventGenerator" name="test_generate_event_distribution" time="0.003" /><testcase classname="src.test.test_generator.TestEventGenerator" name="test_generate_event_uniqueness" time="0.001" /><testcase classname="src.test.test_generator.TestGeneratorCLI" name="test_send_event_success" time="0.044" /><testcase classname="src.test.test_generator.TestGeneratorCLI" name="test_send_event_connection_error" time="0.001" /><testcase classname="src.test.test_generator.TestGeneratorCLI" name="test_send_event_timeout" time="0.001" /><testcase classname="src.test.test_generator_cli.TestGeneratorCLI" name="test_send_event_success" time="0.001" /><testcase classname="src.test.test_generator_cli.TestGeneratorCLI" name="test_send_event_request_exception" time="0.001" /><testcase classname="src.test.test_generator_cli.TestGeneratorCLI" name="test_send_event_general_exception" time="0.001" /><testcase classname="src.test.test_generator_cli.TestGeneratorCLI" name="test_main_function_basic" time="0.004" /><testcase classname="src.test.test_generator_cli.TestGeneratorCLI" name="test_main_function_send_event_called" time="0.003" /><testcase classname="src.test.test_generator_cli.TestGeneratorCLI" name="test_main_function_send_failure" time="0.004" /><testcase classname="src.test.test_generator_cli.TestGeneratorCLI" name="test_main_function_if_name_main" time="0.003" /><testcase classname="src.test.test_intelligence.TestProcessInformation" name="test_process_information_basic" time="0.025" /><testcase classname="src.test.test_intelligence.TestProcessInformation" name="test_process_information_empty_recent_events" time="0.024" /><testcase classname="src.test.test_intelligence.TestProcessInformation" name="test_process_information_empty_planning" time="0.022" /><testcase classname="src.test.test_intelligence.TestProcessInformation" name="test_process_information_energy_values" time="0.066" /><testcase classname="src.test.test_intelligence.TestProcessInformation" name="test_process_information_stability_values" time="0.024" /><testcase classname="src.test.test_intelligence.TestProcessInformation" name="test_process_information_planning_sequences" time="0.021" /><testcase classname="src.test.test_intelligence.TestProcessInformation" name="test_process_information_preserves_other_fields" time="0.023" /><testcase classname="src.test.test_intelligence.TestProcessInformation" name="test_process_information_multiple_calls" time="0.023" /><testcase classname="src.test.test_intelligence.TestProcessInformation" name="test_process_information_complex_state" time="0.023" /><testcase classname="src.test.test_intelligence.TestProcessInformation" name="test_process_information_planning_without_sequences_key" time="0.027" /><testcase classname="src.test.test_meaning.TestMeaning" name="test_meaning_creation_minimal" time="0.001" /><testcase classname="src.test.test_meaning.TestMeaning" name="test_meaning_creation_full" time="0.001" /><testcase classname="src.test.test_meaning.TestMeaning" name="test_meaning_significance_validation_valid" time="0.001" /><testcase classname="src.test.test_meaning.TestMeaning" name="test_meaning_significance_validation_invalid_negative" time="0.001" /><testcase classname="src.test.test_meaning.TestMeaning" name="test_meaning_significance_validation_invalid_above_one" time="0.001" /><testcase classname="src.test.test_meaning.TestMeaning" name="test_meaning_impact_empty" time="0.001" /><testcase classname="src.test.test_meaning.TestMeaning" name="test_meaning_impact_multiple_params" time="0.001" /><testcase classname="src.test.test_meaning.TestMeaningEngine" name="test_engine_initialization" time="0.001" /><testcase classname="src.test.test_meaning.TestMeaningEngine" name="test_appraisal_shock_event" time="0.001" /><testcase classname="src.test.test_meaning.TestMeaningEngine" name="test_appraisal_noise_event" time="0.001" /><testcase classname="src.test.test_meaning.TestMeaningEngine" name="test_appraisal_intensity_effect" time="0.001" /><testcase classname="src.test.test_meaning.TestMeaningEngine" name="test_appraisal_low_integrity_amplification" time="0.001" /><testcase classname="src.test.test_meaning.TestMeaningEngine" name="test_appraisal_low_stability_amplification" time="0.001" /><testcase classname="src.test.test_meaning.TestMeaningEngine" name="test_appraisal_range_limits" time="0.001" /><testcase classname="src.test.test_meaning.TestMeaningEngine" name="test_impact_model_shock" time="0.001" /><testcase classname="src.test.test_meaning.TestMeaningEngine" name="test_impact_model_recovery" time="0.001" /><testcase classname="src.test.test_meaning.TestMeaningEngine" name="test_impact_model_intensity_scaling" time="0.001" /><testcase classname="src.test.test_meaning.TestMeaningEngine" name="test_impact_model_significance_scaling" time="0.001" /><testcase classname="src.test.test_meaning.TestMeaningEngine" name="test_impact_model_unknown_event_type" time="0.001" /><testcase classname="src.test.test_meaning.TestMeaningEngine" name="test_response_pattern_ignore_low_significance" time="0.001" /><testcase classname="src.test.test_meaning.TestMeaningEngine" name="test_response_pattern_dampen_high_stability" time="0.001" /><testcase classname="src.test.test_meaning.TestMeaningEngine" name="test_response_pattern_amplify_low_stability" time="0.001" /><testcase classname="src.test.test_meaning.TestMeaningEngine" name="test_response_pattern_absorb_normal" time="0.001" /><testcase classname="src.test.test_meaning.TestMeaningEngine" name="test_process_complete_flow" time="0.001" /><testcase classname="src.test.test_meaning.TestMeaningEngine" name="test_process_ignore_pattern" time="0.001" /><testcase classname="src.test.test_meaning.TestMeaningEngine" name="test_process_dampen_pattern" time="0.001" /><testcase classname="src.test.test_meaning.TestMeaningEngine" name="test_process_amplify_pattern" time="0.001" /><testcase classname="src.test.test_memory.TestMemoryEntry" name="test_memory_entry_creation" time="0.001" /><testcase classname="src.test.test_memory.TestMemoryEntry" name="test_memory_entry_with_feedback_data" time="0.001" /><testcase classname="src.test.test_memory.TestMemoryEntry" name="test_memory_entry_different_event_types" time="0.001" /><testcase classname="src.test.test_memory.TestMemoryEntry" name="test_memory_entry_significance_range" time="0.001" /><testcase classname="src.test.test_memory.TestMemory" name="test_memory_initialization" time="0.024" /><testcase classname="src.test.test_memory.TestMemory" name="test_memory_append_single" time="0.070" /><testcase classname="src.test.test_memory.TestMemory" name="test_memory_append_multiple" time="0.024" /><testcase classname="src.test.test_memory.TestMemory" name="test_memory_clamp_size_at_limit" time="0.023" /><testcase classname="src.test.test_memory.TestMemory" name="test_memory_clamp_size_over_limit" time="0.023" /><testcase classname="src.test.test_memory.TestMemory" name="test_memory_preserves_order" time="0.024" /><testcase classname="src.test.test_memory.TestMemory" name="test_memory_with_feedback_entries" time="0.024" /><testcase classname="src.test.test_memory.TestMemory" name="test_memory_mixed_entries" time="0.023" /><testcase classname="src.test.test_memory.TestMemory" name="test_memory_list_operations" time="0.075" /><testcase classname="src.test.test_monitor.TestMonitor" name="test_log_function" time="0.001" /><testcase classname="src.test.test_monitor.TestMonitor" name="test_monitor_basic" time="0.458"><failure message="AssertionError: assert False&#10; +  where False = exists()&#10; +    where exists = PosixPath('/tmp/pytest-of-root/pytest-95/test_monitor_basic0/tick_log.jsonl').exists">src/test/test_monitor.py:58: in test_monitor_basic
    assert temp_log_file.exists()
E   AssertionError: assert False
E    +  where False = exists()
E    +    where exists = PosixPath('/tmp/pytest-of-root/pytest-95/test_monitor_basic0/tick_log.jsonl').exists</failure></testcase><testcase classname="src.test.test_monitor.TestMonitor" name="test_monitor_with_activated_memory" time="0.028"><failure message="AssertionError: assert False&#10; +  where False = exists()&#10; +    where exists = PosixPath('/tmp/pytest-of-root/pytest-95/test_monitor_with_activated_me0/tick_log.jsonl').exists">src/test/test_monitor.py:80: in test_monitor_with_activated_memory
    assert temp_log_file.exists()
E   AssertionError: assert False
E    +  where False = exists()
E    +    where exists = PosixPath('/tmp/pytest-of-root/pytest-95/test_monitor_with_activated_me0/tick_log.jsonl').exists</failure></testcase><testcase classname="src.test.test_monitor.TestMonitor" name="test_monitor_without_activated_memory" time="0.026"><failure message="AssertionError: assert False&#10; +  where False = exists()&#10; +    where exists = PosixPath('/tmp/pytest-of-root/pytest-95/test_monitor_without_activated0/tick_log.jsonl').exists">src/test/test_monitor.py:95: in test_monitor_without_activated_memory
    assert temp_log_file.exists()
E   AssertionError: assert False
E    +  where False = exists()
E    +    where exists = PosixPath('/tmp/pytest-of-root/pytest-95/test_monitor_without_activated0/tick_log.jsonl').exists</failure></testcase><testcase classname="src.test.test_monitor.TestMonitor" name="test_monitor_multiple_calls" time="0.036"><failure message="AssertionError: assert False&#10; +  where False = exists()&#10; +    where exists = PosixPath('/tmp/pytest-of-root/pytest-95/test_monitor_multiple_calls0/tick_log.jsonl').exists">src/test/test_monitor.py:110: in test_monitor_multiple_calls
    assert temp_log_file.exists()
E   AssertionError: assert False
E    +  where False = exists()
E    +    where exists = PosixPath('/tmp/pytest-of-root/pytest-95/test_monitor_multiple_calls0/tick_log.jsonl').exists</failure></testcase><testcase classname="src.test.test_monitor.TestMonitor" name="test_monitor_log_file_append" time="0.030"><failure message="FileNotFoundError: [Errno 2] No such file or directory: '/tmp/pytest-of-root/pytest-95/test_monitor_log_file_append0/tick_log.jsonl'">src/test/test_monitor.py:133: in test_monitor_log_file_append
    with temp_log_file.open("r") as f:
/usr/lib/python3.10/pathlib.py:1119: in open
    return self._accessor.open(self, mode, buffering, encoding, errors,
E   FileNotFoundError: [Errno 2] No such file or directory: '/tmp/pytest-of-root/pytest-95/test_monitor_log_file_append0/tick_log.jsonl'</failure></testcase></testsuite></testsuites>