<?xml version="1.0" encoding="utf-8"?><testsuites name="pytest tests"><testsuite name="pytest" errors="1" failures="0" skipped="0" tests="1" time="4.969" timestamp="2026-01-20T19:23:52.324467+00:00" hostname="601e704739a9"><testcase classname="" name="src.test.test_api_auth_static" time="0.000"><error message="collection failure">ImportError while importing test module '/workspace/src/test/test_api_auth_static.py'.
Hint: make sure your test modules/packages have valid Python names.
Traceback:
/usr/local/lib/python3.10/dist-packages/_pytest/python.py:507: in importtestmodule
    mod = import_path(
/usr/local/lib/python3.10/dist-packages/_pytest/pathlib.py:587: in import_path
    importlib.import_module(module_name)
/usr/lib/python3.10/importlib/__init__.py:126: in import_module
    return _bootstrap._gcd_import(name[level:], package, level)
&lt;frozen importlib._bootstrap&gt;:1050: in _gcd_import
    ???
&lt;frozen importlib._bootstrap&gt;:1027: in _find_and_load
    ???
&lt;frozen importlib._bootstrap&gt;:1006: in _find_and_load_unlocked
    ???
&lt;frozen importlib._bootstrap&gt;:688: in _load_unlocked
    ???
/usr/local/lib/python3.10/dist-packages/_pytest/assertion/rewrite.py:197: in exec_module
    exec(co, module.__dict__)
src/test/test_api_auth_static.py:24: in &lt;module&gt;
    from api import (
E   ImportError: cannot import name 'ACCESS_TOKEN_EXPIRE_MINUTES' from 'api' (/workspace/api.py)</error></testcase></testsuite></testsuites>