<?xml version="1.0" encoding="utf-8"?><testsuites name="pytest tests"><testsuite name="pytest" errors="1" failures="0" skipped="0" tests="1" time="5.947" timestamp="2026-01-20T18:39:14.680879+00:00" hostname="601e704739a9"><testcase classname="" name="src.test.test_degradation" time="0.000"><error message="collection failure">/usr/local/lib/python3.10/dist-packages/_pytest/python.py:507: in importtestmodule
    mod = import_path(
/usr/local/lib/python3.10/dist-packages/_pytest/pathlib.py:587: in import_path
    importlib.import_module(module_name)
/usr/lib/python3.10/importlib/__init__.py:126: in import_module
    return _bootstrap._gcd_import(name[level:], package, level)
&lt;frozen importlib._bootstrap&gt;:1050: in _gcd_import
    ???
&lt;frozen importlib._bootstrap&gt;:1027: in _find_and_load
    ???
&lt;frozen importlib._bootstrap&gt;:1006: in _find_and_load_unlocked
    ???
&lt;frozen importlib._bootstrap&gt;:688: in _load_unlocked
    ???
/usr/local/lib/python3.10/dist-packages/_pytest/assertion/rewrite.py:188: in exec_module
    source_stat, co = _rewrite_test(fn, self.config)
/usr/local/lib/python3.10/dist-packages/_pytest/assertion/rewrite.py:357: in _rewrite_test
    tree = ast.parse(source, filename=strfn)
/usr/lib/python3.10/ast.py:50: in parse
    return compile(source, filename, mode, flags,
E     File "/workspace/src/test/test_degradation.py", line 810
E       state.disable_logging()
E       ^^^^^
E   IndentationError: expected an indented block after 'try' statement on line 808</error></testcase></testsuite></testsuites>