<?xml version="1.0" encoding="utf-8"?><testsuites name="pytest tests"><testsuite name="pytest" errors="1" failures="0" skipped="0" tests="171" time="47.660" timestamp="2026-01-20T14:51:31.028554+00:00" hostname="a19b1fac3332"><properties>
[...]
</properties><testcase classname="src.test.test_action.TestExecuteAction" name="test_execute_action_dampen" time="0.048" /><testcase classname="src.test.test_action.TestExecuteAction" name="test_execute_action_dampen_energy_minimum" time="0.045" /><testcase classname="src.test.test_action.TestExecuteAction" name="test_execute_action_absorb" time="0.091" /><testcase classname="src.test.test_action.TestExecuteAction" name="test_execute_action_ignore" time="0.041" /><testcase classname="src.test.test_action.TestExecuteAction" name="test_execute_action_memory_entry_timestamp" time="0.041" /><testcase classname="src.test.test_action.TestExecuteAction" name="test_execute_action_multiple_actions" time="0.046" /><testcase classname="src.test.test_action.TestExecuteAction" name="test_execute_action_dampen_multiple_times" time="0.091" /><testcase classname="src.test.test_action.TestExecuteAction" name="test_execute_action_unknown_pattern" time="0.038" /><testcase classname="src.test.test_action.TestExecuteAction" name="test_execute_action_preserves_other_state" time="0.038" /><testcase classname="src.test.test_action.TestExecuteAction" name="test_execute_action_memory_entry_significance" time="0.039" /><testcase classname="src.test.test_action.TestExecuteAction" name="test_execute_action_empty_memory" time="0.080" /><testcase classname="src.test.test_action.TestExecuteAction" name="test_execute_action_with_existing_memory" time="0.329" /><testcase classname="src.test.test_activation.TestActivateMemory" name="test_activate_memory_empty_memory" time="0.001" /><testcase classname="src.test.test_activation.TestActivateMemory" name="test_activate_memory_no_matches" time="0.001" /><testcase classname="src.test.test_activation.TestActivateMemory" name="test_activate_memory_single_match" time="0.001" /><testcase classname="src.test.test_activation.TestActivateMemory" name="test_activate_memory_multiple_matches" time="0.001" /><testcase classname="src.test.test_activation.TestActivateMemory" name="test_activate_memory_sorted_by_significance" time="0.001" /><testcase classname="src.test.test_activation.TestActivateMemory" name="test_activate_memory_limit_default" time="0.000" /><testcase classname="src.test.test_activation.TestActivateMemory" name="test_activate_memory_custom_limit" time="0.000" /><testcase classname="src.test.test_activation.TestActivateMemory" name="test_activate_memory_limit_one" time="0.001" /><testcase classname="src.test.test_activation.TestActivateMemory" name="test_activate_memory_limit_zero" time="0.001" /><testcase classname="src.test.test_activation.TestActivateMemory" name="test_activate_memory_preserves_original_memory" time="0.000" /><testcase classname="src.test.test_activation.TestActivateMemory" name="test_activate_memory_different_event_types" time="0.001" /><testcase classname="src.test.test_activation.TestActivateMemory" name="test_activate_memory_with_feedback_entries" time="0.001" /><testcase classname="src.test.test_activation.TestActivateMemory" name="test_activate_memory_equal_significance" time="0.001" /><testcase classname="src.test.test_decision.TestDecideResponse" name="test_decide_dampen_high_activated_memory" time="0.038" /><testcase classname="src.test.test_decision.TestDecideResponse" name="test_decide_dampen_max_significance_above_threshold" time="0.038" /><testcase classname="src.test.test_decision.TestDecideResponse" name="test_decide_dampen_max_significance_at_threshold" time="0.080" /><testcase classname="src.test.test_decision.TestDecideResponse" name="test_decide_ignore_low_significance_meaning" time="0.039" /><testcase classname="src.test.test_decision.TestDecideResponse" name="test_decide_ignore_meaning_significance_below_threshold" time="0.040" /><testcase classname="src.test.test_decision.TestDecideResponse" name="test_decide_absorb_normal_conditions" time="0.087" /><testcase classname="src.test.test_decision.TestDecideResponse" name="test_decide_absorb_high_significance_meaning" time="0.043" /><testcase classname="src.test.test_decision.TestDecideResponse" name="test_decide_empty_activated_memory" time="0.045" /><testcase classname="src.test.test_decision.TestDecideResponse" name="test_decide_multiple_activated_memories" time="0.041" /><testcase classname="src.test.test_decision.TestDecideResponse" name="test_decide_activated_memory_max_below_threshold" time="0.090" /><testcase classname="src.test.test_decision.TestDecideResponse" name="test_decide_activated_memory_exactly_at_threshold" time="0.041" /><testcase classname="src.test.test_decision.TestDecideResponse" name="test_decide_meaning_significance_at_threshold" time="0.039" /><testcase classname="src.test.test_decision.TestDecideResponse" name="test_decide_different_event_types_in_memory" time="0.040" /><testcase classname="src.test.test_decision.TestDecideResponse" name="test_decide_consistency" time="0.086" /><testcase classname="src.test.test_environment.TestEvent" name="test_event_creation_minimal" time="0.001" /><testcase classname="src.test.test_environment.TestEvent" name="test_event_creation_with_metadata" time="0.001" /><testcase classname="src.test.test_environment.TestEvent" name="test_event_creation_with_none_metadata" time="0.001" /><testcase classname="src.test.test_environment.TestEvent" name="test_event_different_types" time="0.000" /><testcase classname="src.test.test_environment.TestEvent" name="test_event_intensity_range" time="0.001" /><testcase classname="src.test.test_environment.TestEvent" name="test_event_timestamp" time="0.001" /><testcase classname="src.test.test_environment.TestEvent" name="test_event_custom_timestamp" time="0.000" /><testcase classname="src.test.test_environment.TestEventQueue" name="test_queue_initialization" time="0.001" /><testcase classname="src.test.test_environment.TestEventQueue" name="test_queue_push_single" time="0.001" /><testcase classname="src.test.test_environment.TestEventQueue" name="test_queue_push_multiple" time="0.001" /><testcase classname="src.test.test_environment.TestEventQueue" name="test_queue_pop_single" time="0.001" /><testcase classname="src.test.test_environment.TestEventQueue" name="test_queue_pop_empty" time="0.001" /><testcase classname="src.test.test_environment.TestEventQueue" name="test_queue_pop_fifo_order" time="0.001" /><testcase classname="src.test.test_environment.TestEventQueue" name="test_queue_pop_all_empty" time="0.001" /><testcase classname="src.test.test_environment.TestEventQueue" name="test_queue_pop_all_single" time="0.001" /><testcase classname="src.test.test_environment.TestEventQueue" name="test_queue_pop_all_multiple" time="0.001" /><testcase classname="src.test.test_environment.TestEventQueue" name="test_queue_pop_all_fifo_order" time="0.001" /><testcase classname="src.test.test_environment.TestEventQueue" name="test_queue_size_after_operations" time="0.001" /><testcase classname="src.test.test_environment.TestEventQueue" name="test_queue_is_empty_after_operations" time="0.001" /><testcase classname="src.test.test_environment.TestEventQueue" name="test_queue_push_after_pop_all" time="0.001" /><testcase classname="src.test.test_environment.TestEventQueue" name="test_queue_maxsize_behavior" time="0.002" /><testcase classname="src.test.test_environment.TestEventQueue" name="test_queue_mixed_operations" time="0.001" /><testcase classname="src.test.test_environment.TestEventQueue" name="test_queue_different_event_types" time="0.001" /><testcase classname="src.test.test_event_queue_edge_cases.TestEventQueueEdgeCases" name="test_pop_all_with_empty_exception" time="0.001" /><testcase classname="src.test.test_event_queue_race_condition.TestEventQueueRaceCondition" name="test_pop_all_empty_exception_handling" time="0.001" /><testcase classname="src.test.test_event_queue_race_condition.TestEventQueueRaceCondition" name="test_pop_all_concurrent_access" time="0.001" /><testcase classname="src.test.test_feedback.TestRegisterAction" name="test_register_action_basic" time="0.001" /><testcase classname="src.test.test_feedback.TestRegisterAction" name="test_register_action_different_patterns" time="0.001" /><testcase classname="src.test.test_feedback.TestRegisterAction" name="test_register_action_state_copy" time="0.000" /><testcase classname="src.test.test_feedback.TestRegisterAction" name="test_register_action_multiple" time="0.001" /><testcase classname="src.test.test_feedback.TestObserveConsequences" name="test_observe_consequences_with_changes" time="0.042" /><testcase classname="src.test.test_feedback.TestObserveConsequences" name="test_observe_consequences_minimal_changes" time="0.042" /><testcase classname="src.test.test_feedback.TestObserveConsequences" name="test_observe_consequences_timeout" time="0.043" /><testcase classname="src.test.test_feedback.TestObserveConsequences" name="test_multiple_actions" time="0.085" /><testcase classname="src.test.test_feedback.TestObserveConsequences" name="test_observe_consequences_ticks_waited_increment" time="0.042" /><testcase classname="src.test.test_feedback.TestObserveConsequences" name="test_observe_consequences_positive_delta" time="0.041" /><testcase classname="src.test.test_feedback_data" name="test_feedback_data_storage" time="0.042" /><testcase classname="src.test.test_generator.TestEventGenerator" name="test_generator_initialization" time="0.001" /><testcase classname="src.test.test_generator.TestEventGenerator" name="test_generate_returns_event" time="0.001" /><testcase classname="src.test.test_generator.TestEventGenerator" name="test_generate_event_types" time="0.001" /><testcase classname="src.test.test_generator.TestEventGenerator" name="test_generate_noise_intensity_range" time="0.001" /><testcase classname="src.test.test_generator.TestEventGenerator" name="test_generate_decay_intensity_range" time="0.001" /><testcase classname="src.test.test_generator.TestEventGenerator" name="test_generate_recovery_intensity_range" time="0.001" /><testcase classname="src.test.test_generator.TestEventGenerator" name="test_generate_shock_intensity_range" time="0.001" /><testcase classname="src.test.test_generator.TestEventGenerator" name="test_generate_idle_intensity" time="0.001" /><testcase classname="src.test.test_generator.TestEventGenerator" name="test_generate_timestamp" time="0.001" /><testcase classname="src.test.test_generator.TestEventGenerator" name="test_generate_metadata" time="0.001" /><testcase classname="src.test.test_generator.TestEventGenerator" name="test_generate_multiple_events" time="0.001" /><testcase classname="src.test.test_generator.TestEventGenerator" name="test_generate_event_distribution" time="0.004" /><testcase classname="src.test.test_generator.TestEventGenerator" name="test_generate_event_uniqueness" time="0.001" /><testcase classname="src.test.test_generator.TestGeneratorCLI" name="test_send_event_success" time="0.039" /><testcase classname="src.test.test_generator.TestGeneratorCLI" name="test_send_event_connection_error" time="0.001" /><testcase classname="src.test.test_generator.TestGeneratorCLI" name="test_send_event_timeout" time="0.001" /><testcase classname="src.test.test_generator_cli.TestGeneratorCLI" name="test_send_event_success" time="0.001" /><testcase classname="src.test.test_generator_cli.TestGeneratorCLI" name="test_send_event_request_exception" time="0.001" /><testcase classname="src.test.test_generator_cli.TestGeneratorCLI" name="test_send_event_general_exception" time="0.001" /><testcase classname="src.test.test_generator_cli.TestGeneratorCLI" name="test_main_function_basic" time="0.051" /><testcase classname="src.test.test_generator_cli.TestGeneratorCLI" name="test_main_function_send_event_called" time="0.003" /><testcase classname="src.test.test_generator_cli.TestGeneratorCLI" name="test_main_function_send_failure" time="0.004" /><testcase classname="src.test.test_generator_cli.TestGeneratorCLI" name="test_main_function_if_name_main" time="0.003" /><testcase classname="src.test.test_intelligence.TestProcessInformation" name="test_process_information_basic" time="0.045" /><testcase classname="src.test.test_intelligence.TestProcessInformation" name="test_process_information_empty_recent_events" time="0.041" /><testcase classname="src.test.test_intelligence.TestProcessInformation" name="test_process_information_empty_planning" time="0.041" /><testcase classname="src.test.test_intelligence.TestProcessInformation" name="test_process_information_energy_values" time="0.090" /><testcase classname="src.test.test_intelligence.TestProcessInformation" name="test_process_information_stability_values" time="0.042" /><testcase classname="src.test.test_intelligence.TestProcessInformation" name="test_process_information_planning_sequences" time="0.041" /><testcase classname="src.test.test_intelligence.TestProcessInformation" name="test_process_information_preserves_other_fields" time="0.041" /><testcase classname="src.test.test_intelligence.TestProcessInformation" name="test_process_information_multiple_calls" time="0.086" /><testcase classname="src.test.test_intelligence.TestProcessInformation" name="test_process_information_complex_state" time="0.041" /><testcase classname="src.test.test_intelligence.TestProcessInformation" name="test_process_information_planning_without_sequences_key" time="0.039" /><testcase classname="src.test.test_meaning.TestMeaning" name="test_meaning_creation_minimal" time="0.001" /><testcase classname="src.test.test_meaning.TestMeaning" name="test_meaning_creation_full" time="0.001" /><testcase classname="src.test.test_meaning.TestMeaning" name="test_meaning_significance_validation_valid" time="0.001" /><testcase classname="src.test.test_meaning.TestMeaning" name="test_meaning_significance_validation_invalid_negative" time="0.001" /><testcase classname="src.test.test_meaning.TestMeaning" name="test_meaning_significance_validation_invalid_above_one" time="0.001" /><testcase classname="src.test.test_meaning.TestMeaning" name="test_meaning_impact_empty" time="0.001" /><testcase classname="src.test.test_meaning.TestMeaning" name="test_meaning_impact_multiple_params" time="0.001" /><testcase classname="src.test.test_meaning.TestMeaningEngine" name="test_engine_initialization" time="0.001" /><testcase classname="src.test.test_meaning.TestMeaningEngine" name="test_appraisal_shock_event" time="0.001" /><testcase classname="src.test.test_meaning.TestMeaningEngine" name="test_appraisal_noise_event" time="0.001" /><testcase classname="src.test.test_meaning.TestMeaningEngine" name="test_appraisal_intensity_effect" time="0.001" /><testcase classname="src.test.test_meaning.TestMeaningEngine" name="test_appraisal_low_integrity_amplification" time="0.001" /><testcase classname="src.test.test_meaning.TestMeaningEngine" name="test_appraisal_low_stability_amplification" time="0.001" /><testcase classname="src.test.test_meaning.TestMeaningEngine" name="test_appraisal_range_limits" time="0.001" /><testcase classname="src.test.test_meaning.TestMeaningEngine" name="test_impact_model_shock" time="0.001" /><testcase classname="src.test.test_meaning.TestMeaningEngine" name="test_impact_model_recovery" time="0.001" /><testcase classname="src.test.test_meaning.TestMeaningEngine" name="test_impact_model_intensity_scaling" time="0.001" /><testcase classname="src.test.test_meaning.TestMeaningEngine" name="test_impact_model_significance_scaling" time="0.001" /><testcase classname="src.test.test_meaning.TestMeaningEngine" name="test_impact_model_unknown_event_type" time="0.001" /><testcase classname="src.test.test_meaning.TestMeaningEngine" name="test_response_pattern_ignore_low_significance" time="0.001" /><testcase classname="src.test.test_meaning.TestMeaningEngine" name="test_response_pattern_dampen_high_stability" time="0.001" /><testcase classname="src.test.test_meaning.TestMeaningEngine" name="test_response_pattern_amplify_low_stability" time="0.001" /><testcase classname="src.test.test_meaning.TestMeaningEngine" name="test_response_pattern_absorb_normal" time="0.001" /><testcase classname="src.test.test_meaning.TestMeaningEngine" name="test_process_complete_flow" time="0.001" /><testcase classname="src.test.test_meaning.TestMeaningEngine" name="test_process_ignore_pattern" time="0.001" /><testcase classname="src.test.test_meaning.TestMeaningEngine" name="test_process_dampen_pattern" time="0.001" /><testcase classname="src.test.test_meaning.TestMeaningEngine" name="test_process_amplify_pattern" time="0.001" /><testcase classname="src.test.test_memory.TestMemoryEntry" name="test_memory_entry_creation" time="0.001" /><testcase classname="src.test.test_memory.TestMemoryEntry" name="test_memory_entry_with_feedback_data" time="0.001" /><testcase classname="src.test.test_memory.TestMemoryEntry" name="test_memory_entry_different_event_types" time="0.001" /><testcase classname="src.test.test_memory.TestMemoryEntry" name="test_memory_entry_significance_range" time="0.001" /><testcase classname="src.test.test_memory.TestMemory" name="test_memory_initialization" time="0.042" /><testcase classname="src.test.test_memory.TestMemory" name="test_memory_append_single" time="0.088" /><testcase classname="src.test.test_memory.TestMemory" name="test_memory_append_multiple" time="0.044" /><testcase classname="src.test.test_memory.TestMemory" name="test_memory_clamp_size_at_limit" time="0.042" /><testcase classname="src.test.test_memory.TestMemory" name="test_memory_clamp_size_over_limit" time="0.095" /><testcase classname="src.test.test_memory.TestMemory" name="test_memory_preserves_order" time="0.045" /><testcase classname="src.test.test_memory.TestMemory" name="test_memory_with_feedback_entries" time="0.042" /><testcase classname="src.test.test_memory.TestMemory" name="test_memory_mixed_entries" time="0.043" /><testcase classname="src.test.test_memory.TestMemory" name="test_memory_list_operations" time="0.094" /><testcase classname="src.test.test_monitor.TestMonitor" name="test_log_function" time="0.001" /><testcase classname="src.test.test_monitor.TestMonitor" name="test_monitor_basic" time="0.173" /><testcase classname="src.test.test_monitor.TestMonitor" name="test_monitor_with_activated_memory" time="0.045" /><testcase classname="src.test.test_monitor.TestMonitor" name="test_monitor_without_activated_memory" time="0.046" /><testcase classname="src.test.test_monitor.TestMonitor" name="test_monitor_multiple_calls" time="0.095" /><testcase classname="src.test.test_monitor.TestMonitor" name="test_monitor_log_file_append" time="0.044" /><testcase classname="src.test.test_monitor.TestMonitor" name="test_monitor_all_state_fields" time="0.046" /><testcase classname="src.test.test_planning.TestRecordPotentialSequences" name="test_record_potential_sequences_empty_recent_events" time="0.040" /><testcase classname="src.test.test_planning.TestRecordPotentialSequences" name="test_record_potential_sequences_single_event" time="0.092" /><testcase classname="src.test.test_planning.TestRecordPotentialSequences" name="test_record_potential_sequences_two_events" time="0.043" /><testcase classname="src.test.test_planning.TestRecordPotentialSequences" name="test_record_potential_sequences_multiple_events" time="0.042" /><testcase classname="src.test.test_planning.TestRecordPotentialSequences" name="test_record_potential_sequences_sources_used" time="0.040" /><testcase classname="src.test.test_planning.TestRecordPotentialSequences" name="test_record_potential_sequences_preserves_other_fields" time="0.087" /><testcase classname="src.test.test_planning.TestRecordPotentialSequences" name="test_record_potential_sequences_multiple_calls" time="0.042" /><testcase classname="src.test.test_planning.TestRecordPotentialSequences" name="test_record_potential_sequences_empty_histories" time="0.041" /><testcase classname="src.test.test_planning.TestRecordPotentialSequences" name="test_record_potential_sequences_different_event_types" time="0.094" /><testcase classname="src.test.test_property_based.TestSelfStatePropertyBased" name="test_state_parameters_always_in_bounds" time="6.880" /><testcase classname="src.test.test_property_based.TestSelfStatePropertyBased" name="test_apply_delta_always_clamps" time="6.011" /><testcase classname="src.test.test_property_based.TestSelfStatePropertyBased" name="test_energy_delta_idempotent" time="11.891" /><testcase classname="src.test.test_property_based.TestMemoryPropertyBased" name="test_memory_size_always_limited" time="6.759" /><testcase classname="src.test.test_property_based.TestMemoryPropertyBased" name="test_memory_preserves_order" time="6.323" /><testcase time="0.000" /><testcase classname="pytest" name="internal" time="0.000"><error message="internal error">Traceback (most recent call last):
  File "/usr/local/lib/python3.10/dist-packages/_pytest/main.py", line 318, in wrap_session
    session.exitstatus = doit(config, session) or 0
  File "/usr/local/lib/python3.10/dist-packages/_pytest/main.py", line 372, in _main
    config.hook.pytest_runtestloop(session=session)
  File "/usr/local/lib/python3.10/dist-packages/pluggy/_hooks.py", line 512, in __call__
    return self._hookexec(self.name, self._hookimpls.copy(), kwargs, firstresult)
  File "/usr/local/lib/python3.10/dist-packages/pluggy/_manager.py", line 120, in _hookexec
    return self._inner_hookexec(hook_name, methods, kwargs, firstresult)
  File "/usr/local/lib/python3.10/dist-packages/pluggy/_callers.py", line 167, in _multicall
    raise exception
  File "/usr/local/lib/python3.10/dist-packages/pluggy/_callers.py", line 139, in _multicall
    teardown.throw(exception)
  File "/usr/local/lib/python3.10/dist-packages/_pytest/logging.py", line 801, in pytest_runtestloop
    return (yield)  # Run all the tests.
  File "/usr/local/lib/python3.10/dist-packages/pluggy/_callers.py", line 139, in _multicall
    teardown.throw(exception)
  File "/usr/local/lib/python3.10/dist-packages/_pytest/terminal.py", line 707, in pytest_runtestloop
    result = yield
  File "/usr/local/lib/python3.10/dist-packages/pluggy/_callers.py", line 121, in _multicall
    res = hook_impl.function(*args)
  File "/usr/local/lib/python3.10/dist-packages/_pytest/main.py", line 396, in pytest_runtestloop
    item.config.hook.pytest_runtest_protocol(item=item, nextitem=nextitem)
  File "/usr/local/lib/python3.10/dist-packages/pluggy/_hooks.py", line 512, in __call__
    return self._hookexec(self.name, self._hookimpls.copy(), kwargs, firstresult)
  File "/usr/local/lib/python3.10/dist-packages/pluggy/_manager.py", line 120, in _hookexec
    return self._inner_hookexec(hook_name, methods, kwargs, firstresult)
  File "/usr/local/lib/python3.10/dist-packages/pluggy/_callers.py", line 167, in _multicall
    raise exception
  File "/usr/local/lib/python3.10/dist-packages/pluggy/_callers.py", line 139, in _multicall
    teardown.throw(exception)
  File "/usr/local/lib/python3.10/dist-packages/_pytest/warnings.py", line 89, in pytest_runtest_protocol
    return (yield)
  File "/usr/local/lib/python3.10/dist-packages/pluggy/_callers.py", line 139, in _multicall
    teardown.throw(exception)
  File "/usr/local/lib/python3.10/dist-packages/_pytest/assertion/__init__.py", line 192, in pytest_runtest_protocol
    return (yield)
  File "/usr/local/lib/python3.10/dist-packages/pluggy/_callers.py", line 139, in _multicall
    teardown.throw(exception)
  File "/usr/local/lib/python3.10/dist-packages/_pytest/unittest.py", line 587, in pytest_runtest_protocol
    return (yield)
  File "/usr/local/lib/python3.10/dist-packages/pluggy/_callers.py", line 139, in _multicall
    teardown.throw(exception)
  File "/usr/local/lib/python3.10/dist-packages/_pytest/faulthandler.py", line 102, in pytest_runtest_protocol
    return (yield)
  File "/usr/local/lib/python3.10/dist-packages/pluggy/_callers.py", line 121, in _multicall
    res = hook_impl.function(*args)
  File "/usr/local/lib/python3.10/dist-packages/_pytest/runner.py", line 118, in pytest_runtest_protocol
    runtestprotocol(item, nextitem=nextitem)
  File "/usr/local/lib/python3.10/dist-packages/_pytest/runner.py", line 137, in runtestprotocol
    reports.append(call_and_report(item, "call", log))
  File "/usr/local/lib/python3.10/dist-packages/_pytest/runner.py", line 251, in call_and_report
    ihook.pytest_runtest_logreport(report=report)
  File "/usr/local/lib/python3.10/dist-packages/pluggy/_hooks.py", line 512, in __call__
    return self._hookexec(self.name, self._hookimpls.copy(), kwargs, firstresult)
  File "/usr/local/lib/python3.10/dist-packages/pluggy/_manager.py", line 120, in _hookexec
    return self._inner_hookexec(hook_name, methods, kwargs, firstresult)
  File "/usr/local/lib/python3.10/dist-packages/pluggy/_callers.py", line 167, in _multicall
    raise exception
  File "/usr/local/lib/python3.10/dist-packages/pluggy/_callers.py", line 121, in _multicall
    res = hook_impl.function(*args)
  File "/usr/local/lib/python3.10/dist-packages/_pytest/terminal.py", line 685, in pytest_runtest_logreport
    self._write_progress_information_filling_space()
  File "/usr/local/lib/python3.10/dist-packages/_pytest/terminal.py", line 785, in _write_progress_information_filling_space
    self.write(msg.rjust(fill), flush=True, **{color: True})
  File "/usr/local/lib/python3.10/dist-packages/_pytest/terminal.py", line 525, in write
    self._tw.write(content, flush=flush, **markup)
  File "/usr/local/lib/python3.10/dist-packages/_pytest/_io/terminalwriter.py", line 164, in write
    self.write_raw(msg, flush=flush)
  File "/usr/local/lib/python3.10/dist-packages/_pytest/_io/terminalwriter.py", line 180, in write_raw
    self.flush()
  File "/usr/local/lib/python3.10/dist-packages/_pytest/_io/terminalwriter.py", line 187, in flush
    self._file.flush()
BrokenPipeError: [Errno 32] Broken pipe</error></testcase></testsuite></testsuites>