<?xml version="1.0" encoding="utf-8"?><testsuites name="pytest tests"><testsuite name="pytest" errors="22" failures="0" skipped="0" tests="22" time="18.524" timestamp="2026-01-21T21:30:16.051052+00:00" hostname="788b7066841a"><testcase classname="" name="src.test.test_api_auth_integration" time="0.000"><error message="collection failure">ImportError while importing test module '/workspace/src/test/test_api_auth_integration.py'.
Hint: make sure your test modules/packages have valid Python names.
Traceback:
.venv/lib/python3.10/site-packages/_pytest/python.py:507: in importtestmodule
    mod = import_path(
.venv/lib/python3.10/site-packages/_pytest/pathlib.py:587: in import_path
    importlib.import_module(module_name)
/usr/lib/python3.10/importlib/__init__.py:126: in import_module
    return _bootstrap._gcd_import(name[level:], package, level)
&lt;frozen importlib._bootstrap&gt;:1050: in _gcd_import
    ???
&lt;frozen importlib._bootstrap&gt;:1027: in _find_and_load
    ???
&lt;frozen importlib._bootstrap&gt;:1006: in _find_and_load_unlocked
    ???
&lt;frozen importlib._bootstrap&gt;:688: in _load_unlocked
    ???
.venv/lib/python3.10/site-packages/_pytest/assertion/rewrite.py:197: in exec_module
    exec(co, module.__dict__)
src/test/test_api_auth_integration.py:23: in &lt;module&gt;
    from api import app
E   ModuleNotFoundError: No module named 'api'</error></testcase><testcase classname="" name="src.test.test_api_auth_smoke" time="0.000"><error message="collection failure">ImportError while importing test module '/workspace/src/test/test_api_auth_smoke.py'.
Hint: make sure your test modules/packages have valid Python names.
Traceback:
.venv/lib/python3.10/site-packages/_pytest/python.py:507: in importtestmodule
    mod = import_path(
.venv/lib/python3.10/site-packages/_pytest/pathlib.py:587: in import_path
    importlib.import_module(module_name)
/usr/lib/python3.10/importlib/__init__.py:126: in import_module
    return _bootstrap._gcd_import(name[level:], package, level)
&lt;frozen importlib._bootstrap&gt;:1050: in _gcd_import
    ???
&lt;frozen importlib._bootstrap&gt;:1027: in _find_and_load
    ???
&lt;frozen importlib._bootstrap&gt;:1006: in _find_and_load_unlocked
    ???
&lt;frozen importlib._bootstrap&gt;:688: in _load_unlocked
    ???
.venv/lib/python3.10/site-packages/_pytest/assertion/rewrite.py:197: in exec_module
    exec(co, module.__dict__)
d:\Space\life\src\test\test_api_auth_smoke.py:21: in &lt;module&gt;
    ???
E   ModuleNotFoundError: No module named 'api'</error></testcase><testcase classname="" name="src.test.test_api_concurrency" time="0.000"><error message="collection failure">ImportError while importing test module '/workspace/src/test/test_api_concurrency.py'.
Hint: make sure your test modules/packages have valid Python names.
Traceback:
.venv/lib/python3.10/site-packages/_pytest/python.py:507: in importtestmodule
    mod = import_path(
.venv/lib/python3.10/site-packages/_pytest/pathlib.py:587: in import_path
    importlib.import_module(module_name)
/usr/lib/python3.10/importlib/__init__.py:126: in import_module
    return _bootstrap._gcd_import(name[level:], package, level)
&lt;frozen importlib._bootstrap&gt;:1050: in _gcd_import
    ???
&lt;frozen importlib._bootstrap&gt;:1027: in _find_and_load
    ???
&lt;frozen importlib._bootstrap&gt;:1006: in _find_and_load_unlocked
    ???
&lt;frozen importlib._bootstrap&gt;:688: in _load_unlocked
    ???
.venv/lib/python3.10/site-packages/_pytest/assertion/rewrite.py:197: in exec_module
    exec(co, module.__dict__)
d:\Space\life\src\test\test_api_concurrency.py:23: in &lt;module&gt;
    ???
E   ModuleNotFoundError: No module named 'api'</error></testcase><testcase classname="" name="src.test.test_api_new" time="0.000"><error message="collection failure">ImportError while importing test module '/workspace/src/test/test_api_new.py'.
Hint: make sure your test modules/packages have valid Python names.
Traceback:
.venv/lib/python3.10/site-packages/_pytest/python.py:507: in importtestmodule
    mod = import_path(
.venv/lib/python3.10/site-packages/_pytest/pathlib.py:587: in import_path
    importlib.import_module(module_name)
/usr/lib/python3.10/importlib/__init__.py:126: in import_module
    return _bootstrap._gcd_import(name[level:], package, level)
&lt;frozen importlib._bootstrap&gt;:1050: in _gcd_import
    ???
&lt;frozen importlib._bootstrap&gt;:1027: in _find_and_load
    ???
&lt;frozen importlib._bootstrap&gt;:1006: in _find_and_load_unlocked
    ???
&lt;frozen importlib._bootstrap&gt;:688: in _load_unlocked
    ???
.venv/lib/python3.10/site-packages/_pytest/assertion/rewrite.py:197: in exec_module
    exec(co, module.__dict__)
src/test/test_api_new.py:14: in &lt;module&gt;
    from api import app
E   ModuleNotFoundError: No module named 'api'</error></testcase><testcase classname="" name="src.test.test_api_static" time="0.000"><error message="collection failure">ImportError while importing test module '/workspace/src/test/test_api_static.py'.
Hint: make sure your test modules/packages have valid Python names.
Traceback:
.venv/lib/python3.10/site-packages/_pytest/python.py:507: in importtestmodule
    mod = import_path(
.venv/lib/python3.10/site-packages/_pytest/pathlib.py:587: in import_path
    importlib.import_module(module_name)
/usr/lib/python3.10/importlib/__init__.py:126: in import_module
    return _bootstrap._gcd_import(name[level:], package, level)
&lt;frozen importlib._bootstrap&gt;:1050: in _gcd_import
    ???
&lt;frozen importlib._bootstrap&gt;:1027: in _find_and_load
    ???
&lt;frozen importlib._bootstrap&gt;:1006: in _find_and_load_unlocked
    ???
&lt;frozen importlib._bootstrap&gt;:688: in _load_unlocked
    ???
.venv/lib/python3.10/site-packages/_pytest/assertion/rewrite.py:197: in exec_module
    exec(co, module.__dict__)
src/test/test_api_static.py:19: in &lt;module&gt;
    from api import (
E   ModuleNotFoundError: No module named 'api'</error></testcase><testcase classname="" name="src.test.test_executor_agent_integration" time="0.000"><error message="collection failure">ImportError while importing test module '/workspace/src/test/test_executor_agent_integration.py'.
Hint: make sure your test modules/packages have valid Python names.
Traceback:
.venv/lib/python3.10/site-packages/_pytest/python.py:507: in importtestmodule
    mod = import_path(
.venv/lib/python3.10/site-packages/_pytest/pathlib.py:587: in import_path
    importlib.import_module(module_name)
/usr/lib/python3.10/importlib/__init__.py:126: in import_module
    return _bootstrap._gcd_import(name[level:], package, level)
&lt;frozen importlib._bootstrap&gt;:1050: in _gcd_import
    ???
&lt;frozen importlib._bootstrap&gt;:1027: in _find_and_load
    ???
&lt;frozen importlib._bootstrap&gt;:1006: in _find_and_load_unlocked
    ???
&lt;frozen importlib._bootstrap&gt;:688: in _load_unlocked
    ???
.venv/lib/python3.10/site-packages/_pytest/assertion/rewrite.py:197: in exec_module
    exec(co, module.__dict__)
d:\Space\life\src\test\test_executor_agent_integration.py:10: in &lt;module&gt;
    ???
E   ModuleNotFoundError: No module named 'yaml'</error></testcase><testcase classname="" name="src.test.test_external_observer" time="0.000"><error message="collection failure">ImportError while importing test module '/workspace/src/test/test_external_observer.py'.
Hint: make sure your test modules/packages have valid Python names.
Traceback:
.venv/lib/python3.10/site-packages/_pytest/python.py:507: in importtestmodule
    mod = import_path(
.venv/lib/python3.10/site-packages/_pytest/pathlib.py:587: in import_path
    importlib.import_module(module_name)
/usr/lib/python3.10/importlib/__init__.py:126: in import_module
    return _bootstrap._gcd_import(name[level:], package, level)
&lt;frozen importlib._bootstrap&gt;:1050: in _gcd_import
    ???
&lt;frozen importlib._bootstrap&gt;:1027: in _find_and_load
    ???
&lt;frozen importlib._bootstrap&gt;:1006: in _find_and_load_unlocked
    ???
&lt;frozen importlib._bootstrap&gt;:688: in _load_unlocked
    ???
.venv/lib/python3.10/site-packages/_pytest/assertion/rewrite.py:197: in exec_module
    exec(co, module.__dict__)
D:\Space\life\src\test\test_external_observer.py:13: in &lt;module&gt;
    ???
E   ImportError: cannot import name 'SystemMetrics' from 'src.observability.external_observer' (/workspace/src/observability/external_observer.py)</error></testcase><testcase classname="" name="src.test.test_external_observer_integration_new" time="0.000"><error message="collection failure">ImportError while importing test module '/workspace/src/test/test_external_observer_integration_new.py'.
Hint: make sure your test modules/packages have valid Python names.
Traceback:
.venv/lib/python3.10/site-packages/_pytest/python.py:507: in importtestmodule
    mod = import_path(
.venv/lib/python3.10/site-packages/_pytest/pathlib.py:587: in import_path
    importlib.import_module(module_name)
/usr/lib/python3.10/importlib/__init__.py:126: in import_module
    return _bootstrap._gcd_import(name[level:], package, level)
&lt;frozen importlib._bootstrap&gt;:1050: in _gcd_import
    ???
&lt;frozen importlib._bootstrap&gt;:1027: in _find_and_load
    ???
&lt;frozen importlib._bootstrap&gt;:1006: in _find_and_load_unlocked
    ???
&lt;frozen importlib._bootstrap&gt;:688: in _load_unlocked
    ???
.venv/lib/python3.10/site-packages/_pytest/assertion/rewrite.py:197: in exec_module
    exec(co, module.__dict__)
D:\Space\life\src\test\test_external_observer_integration_new.py:19: in &lt;module&gt;
    ???
E   ImportError: cannot import name 'SystemMetrics' from 'src.observability.external_observer' (/workspace/src/observability/external_observer.py)</error></testcase><testcase classname="" name="src.test.test_external_observer_smoke" time="0.000"><error message="collection failure">ImportError while importing test module '/workspace/src/test/test_external_observer_smoke.py'.
Hint: make sure your test modules/packages have valid Python names.
Traceback:
.venv/lib/python3.10/site-packages/_pytest/python.py:507: in importtestmodule
    mod = import_path(
.venv/lib/python3.10/site-packages/_pytest/pathlib.py:587: in import_path
    importlib.import_module(module_name)
/usr/lib/python3.10/importlib/__init__.py:126: in import_module
    return _bootstrap._gcd_import(name[level:], package, level)
&lt;frozen importlib._bootstrap&gt;:1050: in _gcd_import
    ???
&lt;frozen importlib._bootstrap&gt;:1027: in _find_and_load
    ???
&lt;frozen importlib._bootstrap&gt;:1006: in _find_and_load_unlocked
    ???
&lt;frozen importlib._bootstrap&gt;:688: in _load_unlocked
    ???
.venv/lib/python3.10/site-packages/_pytest/assertion/rewrite.py:197: in exec_module
    exec(co, module.__dict__)
src/test/test_external_observer_smoke.py:23: in &lt;module&gt;
    from src.observability.external_observer import (
E   ImportError: cannot import name 'SystemMetrics' from 'src.observability.external_observer' (/workspace/src/observability/external_observer.py)</error></testcase><testcase classname="" name="src.test.test_external_observer_static" time="0.000"><error message="collection failure">ImportError while importing test module '/workspace/src/test/test_external_observer_static.py'.
Hint: make sure your test modules/packages have valid Python names.
Traceback:
.venv/lib/python3.10/site-packages/_pytest/python.py:507: in importtestmodule
    mod = import_path(
.venv/lib/python3.10/site-packages/_pytest/pathlib.py:587: in import_path
    importlib.import_module(module_name)
/usr/lib/python3.10/importlib/__init__.py:126: in import_module
    return _bootstrap._gcd_import(name[level:], package, level)
&lt;frozen importlib._bootstrap&gt;:1050: in _gcd_import
    ???
&lt;frozen importlib._bootstrap&gt;:1027: in _find_and_load
    ???
&lt;frozen importlib._bootstrap&gt;:1006: in _find_and_load_unlocked
    ???
&lt;frozen importlib._bootstrap&gt;:688: in _load_unlocked
    ???
.venv/lib/python3.10/site-packages/_pytest/assertion/rewrite.py:197: in exec_module
    exec(co, module.__dict__)
src/test/test_external_observer_static.py:23: in &lt;module&gt;
    from src.observability.external_observer import (
E   ImportError: cannot import name 'SystemMetrics' from 'src.observability.external_observer' (/workspace/src/observability/external_observer.py)</error></testcase><testcase classname="" name="src.test.test_mcp_index_engine" time="0.000"><error message="collection failure">ImportError while importing test module '/workspace/src/test/test_mcp_index_engine.py'.
Hint: make sure your test modules/packages have valid Python names.
Traceback:
.venv/lib/python3.10/site-packages/_pytest/python.py:507: in importtestmodule
    mod = import_path(
.venv/lib/python3.10/site-packages/_pytest/pathlib.py:587: in import_path
    importlib.import_module(module_name)
/usr/lib/python3.10/importlib/__init__.py:126: in import_module
    return _bootstrap._gcd_import(name[level:], package, level)
&lt;frozen importlib._bootstrap&gt;:1050: in _gcd_import
    ???
&lt;frozen importlib._bootstrap&gt;:1027: in _find_and_load
    ???
&lt;frozen importlib._bootstrap&gt;:1006: in _find_and_load_unlocked
    ???
&lt;frozen importlib._bootstrap&gt;:688: in _load_unlocked
    ???
.venv/lib/python3.10/site-packages/_pytest/assertion/rewrite.py:197: in exec_module
    exec(co, module.__dict__)
src/test/test_mcp_index_engine.py:17: in &lt;module&gt;
    from mcp_index_engine import MAX_FILE_SIZE, IndexEngine
E   ModuleNotFoundError: No module named 'mcp_index_engine'</error></testcase><testcase classname="" name="src.test.test_mcp_index_engine_fallback" time="0.000"><error message="collection failure">ImportError while importing test module '/workspace/src/test/test_mcp_index_engine_fallback.py'.
Hint: make sure your test modules/packages have valid Python names.
Traceback:
.venv/lib/python3.10/site-packages/_pytest/python.py:507: in importtestmodule
    mod = import_path(
.venv/lib/python3.10/site-packages/_pytest/pathlib.py:587: in import_path
    importlib.import_module(module_name)
/usr/lib/python3.10/importlib/__init__.py:126: in import_module
    return _bootstrap._gcd_import(name[level:], package, level)
&lt;frozen importlib._bootstrap&gt;:1050: in _gcd_import
    ???
&lt;frozen importlib._bootstrap&gt;:1027: in _find_and_load
    ???
&lt;frozen importlib._bootstrap&gt;:1006: in _find_and_load_unlocked
    ???
&lt;frozen importlib._bootstrap&gt;:688: in _load_unlocked
    ???
.venv/lib/python3.10/site-packages/_pytest/assertion/rewrite.py:197: in exec_module
    exec(co, module.__dict__)
src/test/test_mcp_index_engine_fallback.py:16: in &lt;module&gt;
    from mcp_index_engine import IndexEngine
E   ModuleNotFoundError: No module named 'mcp_index_engine'</error></testcase><testcase classname="" name="src.test.test_mcp_interactive" time="0.000"><error message="collection failure">ImportError while importing test module '/workspace/src/test/test_mcp_interactive.py'.
Hint: make sure your test modules/packages have valid Python names.
Traceback:
.venv/lib/python3.10/site-packages/_pytest/python.py:507: in importtestmodule
    mod = import_path(
.venv/lib/python3.10/site-packages/_pytest/pathlib.py:587: in import_path
    importlib.import_module(module_name)
/usr/lib/python3.10/importlib/__init__.py:126: in import_module
    return _bootstrap._gcd_import(name[level:], package, level)
&lt;frozen importlib._bootstrap&gt;:1050: in _gcd_import
    ???
&lt;frozen importlib._bootstrap&gt;:1027: in _find_and_load
    ???
&lt;frozen importlib._bootstrap&gt;:1006: in _find_and_load_unlocked
    ???
&lt;frozen importlib._bootstrap&gt;:688: in _load_unlocked
    ???
.venv/lib/python3.10/site-packages/_pytest/assertion/rewrite.py:197: in exec_module
    exec(co, module.__dict__)
src/test/test_mcp_interactive.py:6: in &lt;module&gt;
    from mcp_index import (
E   ModuleNotFoundError: No module named 'mcp_index'</error></testcase><testcase classname="" name="src.test.test_mcp_refresh_index" time="0.000"><error message="collection failure">ImportError while importing test module '/workspace/src/test/test_mcp_refresh_index.py'.
Hint: make sure your test modules/packages have valid Python names.
Traceback:
.venv/lib/python3.10/site-packages/_pytest/python.py:507: in importtestmodule
    mod = import_path(
.venv/lib/python3.10/site-packages/_pytest/pathlib.py:587: in import_path
    importlib.import_module(module_name)
/usr/lib/python3.10/importlib/__init__.py:126: in import_module
    return _bootstrap._gcd_import(name[level:], package, level)
&lt;frozen importlib._bootstrap&gt;:1050: in _gcd_import
    ???
&lt;frozen importlib._bootstrap&gt;:1027: in _find_and_load
    ???
&lt;frozen importlib._bootstrap&gt;:1006: in _find_and_load_unlocked
    ???
&lt;frozen importlib._bootstrap&gt;:688: in _load_unlocked
    ???
.venv/lib/python3.10/site-packages/_pytest/assertion/rewrite.py:197: in exec_module
    exec(co, module.__dict__)
src/test/test_mcp_refresh_index.py:17: in &lt;module&gt;
    from mcp_index import refresh_index
E   ModuleNotFoundError: No module named 'mcp_index'</error></testcase><testcase classname="" name="src.test.test_mcp_server" time="0.000"><error message="collection failure">ImportError while importing test module '/workspace/src/test/test_mcp_server.py'.
Hint: make sure your test modules/packages have valid Python names.
Traceback:
.venv/lib/python3.10/site-packages/_pytest/python.py:507: in importtestmodule
    mod = import_path(
.venv/lib/python3.10/site-packages/_pytest/pathlib.py:587: in import_path
    importlib.import_module(module_name)
/usr/lib/python3.10/importlib/__init__.py:126: in import_module
    return _bootstrap._gcd_import(name[level:], package, level)
&lt;frozen importlib._bootstrap&gt;:1050: in _gcd_import
    ???
&lt;frozen importlib._bootstrap&gt;:1027: in _find_and_load
    ???
&lt;frozen importlib._bootstrap&gt;:1006: in _find_and_load_unlocked
    ???
&lt;frozen importlib._bootstrap&gt;:688: in _load_unlocked
    ???
.venv/lib/python3.10/site-packages/_pytest/assertion/rewrite.py:197: in exec_module
    exec(co, module.__dict__)
src/test/test_mcp_server.py:19: in &lt;module&gt;
    from mcp_index import (
E   ModuleNotFoundError: No module named 'mcp_index'</error></testcase><testcase classname="" name="src.test.test_observability_architecture" time="0.000"><error message="collection failure">ImportError while importing test module '/workspace/src/test/test_observability_architecture.py'.
Hint: make sure your test modules/packages have valid Python names.
Traceback:
.venv/lib/python3.10/site-packages/_pytest/python.py:507: in importtestmodule
    mod = import_path(
.venv/lib/python3.10/site-packages/_pytest/pathlib.py:587: in import_path
    importlib.import_module(module_name)
/usr/lib/python3.10/importlib/__init__.py:126: in import_module
    return _bootstrap._gcd_import(name[level:], package, level)
&lt;frozen importlib._bootstrap&gt;:1050: in _gcd_import
    ???
&lt;frozen importlib._bootstrap&gt;:1027: in _find_and_load
    ???
&lt;frozen importlib._bootstrap&gt;:1006: in _find_and_load_unlocked
    ???
&lt;frozen importlib._bootstrap&gt;:688: in _load_unlocked
    ???
.venv/lib/python3.10/site-packages/_pytest/assertion/rewrite.py:197: in exec_module
    exec(co, module.__dict__)
src/test/test_observability_architecture.py:18: in &lt;module&gt;
    from src.environment.impact_analyzer import ImpactAnalysis
E   ImportError: cannot import name 'ImpactAnalysis' from 'src.environment.impact_analyzer' (/workspace/src/environment/impact_analyzer.py)</error></testcase><testcase classname="" name="src.test.test_observation_api_smoke" time="0.000"><error message="collection failure">ImportError while importing test module '/workspace/src/test/test_observation_api_smoke.py'.
Hint: make sure your test modules/packages have valid Python names.
Traceback:
.venv/lib/python3.10/site-packages/_pytest/python.py:507: in importtestmodule
    mod = import_path(
.venv/lib/python3.10/site-packages/_pytest/pathlib.py:587: in import_path
    importlib.import_module(module_name)
/usr/lib/python3.10/importlib/__init__.py:126: in import_module
    return _bootstrap._gcd_import(name[level:], package, level)
&lt;frozen importlib._bootstrap&gt;:1050: in _gcd_import
    ???
&lt;frozen importlib._bootstrap&gt;:1027: in _find_and_load
    ???
&lt;frozen importlib._bootstrap&gt;:1006: in _find_and_load_unlocked
    ???
&lt;frozen importlib._bootstrap&gt;:688: in _load_unlocked
    ???
.venv/lib/python3.10/site-packages/_pytest/assertion/rewrite.py:197: in exec_module
    exec(co, module.__dict__)
src/test/test_observation_api_smoke.py:21: in &lt;module&gt;
    from src.observability.observation_api import (
E   ImportError: cannot import name 'app' from 'src.observability.observation_api' (/workspace/src/observability/observation_api.py)</error></testcase><testcase classname="" name="src.test.test_observation_api_static" time="0.000"><error message="collection failure">ImportError while importing test module '/workspace/src/test/test_observation_api_static.py'.
Hint: make sure your test modules/packages have valid Python names.
Traceback:
.venv/lib/python3.10/site-packages/_pytest/python.py:507: in importtestmodule
    mod = import_path(
.venv/lib/python3.10/site-packages/_pytest/pathlib.py:587: in import_path
    importlib.import_module(module_name)
/usr/lib/python3.10/importlib/__init__.py:126: in import_module
    return _bootstrap._gcd_import(name[level:], package, level)
&lt;frozen importlib._bootstrap&gt;:1050: in _gcd_import
    ???
&lt;frozen importlib._bootstrap&gt;:1027: in _find_and_load
    ???
&lt;frozen importlib._bootstrap&gt;:1006: in _find_and_load_unlocked
    ???
&lt;frozen importlib._bootstrap&gt;:688: in _load_unlocked
    ???
.venv/lib/python3.10/site-packages/_pytest/assertion/rewrite.py:197: in exec_module
    exec(co, module.__dict__)
D:\Space\life\src\test\test_observation_api_static.py:23: in &lt;module&gt;
    ???
E   ImportError: cannot import name 'app' from 'src.observability.observation_api' (/workspace/src/observability/observation_api.py)</error></testcase><testcase classname="" name="src.test.test_reporting" time="0.000"><error message="collection failure">ImportError while importing test module '/workspace/src/test/test_reporting.py'.
Hint: make sure your test modules/packages have valid Python names.
Traceback:
.venv/lib/python3.10/site-packages/_pytest/python.py:507: in importtestmodule
    mod = import_path(
.venv/lib/python3.10/site-packages/_pytest/pathlib.py:587: in import_path
    importlib.import_module(module_name)
/usr/lib/python3.10/importlib/__init__.py:126: in import_module
    return _bootstrap._gcd_import(name[level:], package, level)
&lt;frozen importlib._bootstrap&gt;:1050: in _gcd_import
    ???
&lt;frozen importlib._bootstrap&gt;:1027: in _find_and_load
    ???
&lt;frozen importlib._bootstrap&gt;:1006: in _find_and_load_unlocked
    ???
&lt;frozen importlib._bootstrap&gt;:688: in _load_unlocked
    ???
.venv/lib/python3.10/site-packages/_pytest/assertion/rewrite.py:197: in exec_module
    exec(co, module.__dict__)
src/test/test_reporting.py:13: in &lt;module&gt;
    from src.observability.external_observer import (
E   ImportError: cannot import name 'SystemMetrics' from 'src.observability.external_observer' (/workspace/src/observability/external_observer.py)</error></testcase><testcase classname="" name="src.test.test_status_race_conditions" time="0.000"><error message="collection failure">ImportError while importing test module '/workspace/src/test/test_status_race_conditions.py'.
Hint: make sure your test modules/packages have valid Python names.
Traceback:
.venv/lib/python3.10/site-packages/_pytest/python.py:507: in importtestmodule
    mod = import_path(
.venv/lib/python3.10/site-packages/_pytest/pathlib.py:587: in import_path
    importlib.import_module(module_name)
/usr/lib/python3.10/importlib/__init__.py:126: in import_module
    return _bootstrap._gcd_import(name[level:], package, level)
&lt;frozen importlib._bootstrap&gt;:1050: in _gcd_import
    ???
&lt;frozen importlib._bootstrap&gt;:1027: in _find_and_load
    ???
&lt;frozen importlib._bootstrap&gt;:1006: in _find_and_load_unlocked
    ???
&lt;frozen importlib._bootstrap&gt;:688: in _load_unlocked
    ???
.venv/lib/python3.10/site-packages/_pytest/assertion/rewrite.py:197: in exec_module
    exec(co, module.__dict__)
src/test/test_status_race_conditions.py:22: in &lt;module&gt;
    from api import app
E   ModuleNotFoundError: No module named 'api'</error></testcase><testcase classname="" name="src.test.test_todo_manager_integration" time="0.000"><error message="collection failure">ImportError while importing test module '/workspace/src/test/test_todo_manager_integration.py'.
Hint: make sure your test modules/packages have valid Python names.
Traceback:
.venv/lib/python3.10/site-packages/_pytest/python.py:507: in importtestmodule
    mod = import_path(
.venv/lib/python3.10/site-packages/_pytest/pathlib.py:587: in import_path
    importlib.import_module(module_name)
/usr/lib/python3.10/importlib/__init__.py:126: in import_module
    return _bootstrap._gcd_import(name[level:], package, level)
&lt;frozen importlib._bootstrap&gt;:1050: in _gcd_import
    ???
&lt;frozen importlib._bootstrap&gt;:1027: in _find_and_load
    ???
&lt;frozen importlib._bootstrap&gt;:1006: in _find_and_load_unlocked
    ???
&lt;frozen importlib._bootstrap&gt;:688: in _load_unlocked
    ???
.venv/lib/python3.10/site-packages/_pytest/assertion/rewrite.py:197: in exec_module
    exec(co, module.__dict__)
d:\Space\life\src\test\test_todo_manager_integration.py:7: in &lt;module&gt;
    ???
src/todo_manager.py:7: in &lt;module&gt;
    import yaml
E   ModuleNotFoundError: No module named 'yaml'</error></testcase><testcase classname="" name="src.test.test_todo_manager_static" time="0.000"><error message="collection failure">ImportError while importing test module '/workspace/src/test/test_todo_manager_static.py'.
Hint: make sure your test modules/packages have valid Python names.
Traceback:
.venv/lib/python3.10/site-packages/_pytest/python.py:507: in importtestmodule
    mod = import_path(
.venv/lib/python3.10/site-packages/_pytest/pathlib.py:587: in import_path
    importlib.import_module(module_name)
/usr/lib/python3.10/importlib/__init__.py:126: in import_module
    return _bootstrap._gcd_import(name[level:], package, level)
&lt;frozen importlib._bootstrap&gt;:1050: in _gcd_import
    ???
&lt;frozen importlib._bootstrap&gt;:1027: in _find_and_load
    ???
&lt;frozen importlib._bootstrap&gt;:1006: in _find_and_load_unlocked
    ???
&lt;frozen importlib._bootstrap&gt;:688: in _load_unlocked
    ???
.venv/lib/python3.10/site-packages/_pytest/assertion/rewrite.py:197: in exec_module
    exec(co, module.__dict__)
d:\Space\life\src\test\test_todo_manager_static.py:9: in &lt;module&gt;
    ???
E   ModuleNotFoundError: No module named 'yaml'</error></testcase></testsuite></testsuites>