<?xml version="1.0" encoding="utf-8"?><testsuites name="pytest tests"><testsuite name="pytest" errors="1" failures="0" skipped="0" tests="1" time="10.671" timestamp="2026-01-21T16:59:59.841917+00:00" hostname="53047a212e1d"><testcase classname="" name="src.test.test_reporting" time="0.000"><error message="collection failure">src/test/test_reporting.py:19: in &lt;module&gt;
    from src.observability.reporting import ReportGenerator
src/observability/reporting.py:36: in &lt;module&gt;
    class ReportGenerator:
src/observability/reporting.py:512: in ReportGenerator
    def _fig_to_base64(self, fig: plt.Figure) -&gt; str:
E   AttributeError: 'NoneType' object has no attribute 'Figure'</error></testcase></testsuite></testsuites>