<?xml version="1.0" encoding="utf-8"?><testsuites name="pytest tests"><testsuite name="pytest" errors="0" failures="1" skipped="0" tests="2" time="3.015" timestamp="2026-01-20T06:32:40.657738+00:00" hostname="a19b1fac3332"><testcase classname="src.test.test_action.TestExecuteAction" name="test_execute_action_dampen" time="0.020" /><testcase classname="src.test.test_action.TestExecuteAction" name="test_execute_action_dampen_energy_minimum" time="0.019"><failure message="AssertionError: assert 0.005 == 0.0&#10; +  where 0.005 = SelfState(life_id='524cc2c6-cccb-4c3d-b162-c792899465b4', birth_timestamp=1768890763.3552034, age=0.0, ticks=0, energy=0.005, integrity=0.9, stability=0.8, fatigue=0.0, tension=0.0, active=True, recent_events=[], last_significance=0.0, energy_history=[], stability_history=[], planning={}, intelligence={}, memory=[MemoryEntry(event_type='action', meaning_significance=0.0, timestamp=1768890763.3733423, weight=1.0, feedback_data=None)], archive_memory=&lt;src.memory.memory.ArchiveMemory object at 0x7c90ae44b8b0&gt;, activated_memory=[], last_pattern='', learning_params={'event_type_sensitivity': {'noise': 0.2, 'decay': 0.2, 'recovery': 0.2, 'shock': 0.2, 'idle': 0.2}, 'significance_thresholds': {'noise': 0.1, 'decay': 0.1, 'recovery': 0.1, 'shock': 0.1, 'idle': 0.1}, 'response_coefficients': {'dampen': 0.5, 'absorb': 1.0, 'ignore': 0.0}}, adaptation_params={'behavior_sensitivity': {'noise': 0.2, 'decay': 0.2, 'recovery': 0.2, 'shock': 0.2, 'idle': 0.2}, 'behavior_thresholds': {'noise': 0.1, 'decay': 0.1, 'recovery': 0.1, 'shock': 0.1, 'idle': 0.1}, 'behavior_coefficients': {'dampen': 0.5, 'absorb': 1.0, 'ignore': 0.0}}, adaptation_history=[]).energy">src/test/test_action.py:67: in test_execute_action_dampen_energy_minimum
    assert base_state.energy == 0.0  # Должна быть обрезана до 0
E   AssertionError: assert 0.005 == 0.0
E    +  where 0.005 = SelfState(life_id='524cc2c6-cccb-4c3d-b162-c792899465b4', birth_timestamp=1768890763.3552034, age=0.0, ticks=0, energy=0.005, integrity=0.9, stability=0.8, fatigue=0.0, tension=0.0, active=True, recent_events=[], last_significance=0.0, energy_history=[], stability_history=[], planning={}, intelligence={}, memory=[MemoryEntry(event_type='action', meaning_significance=0.0, timestamp=1768890763.3733423, weight=1.0, feedback_data=None)], archive_memory=&lt;src.memory.memory.ArchiveMemory object at 0x7c90ae44b8b0&gt;, activated_memory=[], last_pattern='', learning_params={'event_type_sensitivity': {'noise': 0.2, 'decay': 0.2, 'recovery': 0.2, 'shock': 0.2, 'idle': 0.2}, 'significance_thresholds': {'noise': 0.1, 'decay': 0.1, 'recovery': 0.1, 'shock': 0.1, 'idle': 0.1}, 'response_coefficients': {'dampen': 0.5, 'absorb': 1.0, 'ignore': 0.0}}, adaptation_params={'behavior_sensitivity': {'noise': 0.2, 'decay': 0.2, 'recovery': 0.2, 'shock': 0.2, 'idle': 0.2}, 'behavior_thresholds': {'noise': 0.1, 'decay': 0.1, 'recovery': 0.1, 'shock': 0.1, 'idle': 0.1}, 'behavior_coefficients': {'dampen': 0.5, 'absorb': 1.0, 'ignore': 0.0}}, adaptation_history=[]).energy</failure></testcase></testsuite></testsuites>